#! /c/Source/iverilog-install/bin/vvp
:ivl_version "12.0 (devel)" "(s20150603-1110-g18392a46)";
:ivl_delay_selection "TYPICAL";
:vpi_time_precision + 0;
:vpi_module "C:\iverilog\lib\ivl\system.vpi";
:vpi_module "C:\iverilog\lib\ivl\vhdl_sys.vpi";
:vpi_module "C:\iverilog\lib\ivl\vhdl_textio.vpi";
:vpi_module "C:\iverilog\lib\ivl\v2005_math.vpi";
:vpi_module "C:\iverilog\lib\ivl\va_math.vpi";
S_000001cddef2ed00 .scope module, "testbench" "testbench" 2 1;
 .timescale 0 0;
v000001cddefba190_0 .net "DataAdr", 31 0, L_000001cddefc0100;  1 drivers
v000001cddefb9c90_0 .net "MemWrite", 0 0, L_000001cddef3ac50;  1 drivers
v000001cddefb9d30_0 .net "WriteData", 31 0, L_000001cddefbd900;  1 drivers
v000001cddefb84d0_0 .var "clk", 0 0;
v000001cddefb8570_0 .var "reset", 0 0;
E_000001cddef34310 .event negedge, v000001cddef9e930_0;
S_000001cddeeead20 .scope module, "dut" "top" 2 7, 3 5 0, S_000001cddef2ed00;
 .timescale 0 0;
    .port_info 0 /INPUT 1 "clk";
    .port_info 1 /INPUT 1 "reset";
    .port_info 2 /OUTPUT 32 "WriteData";
    .port_info 3 /OUTPUT 32 "DataAdr";
    .port_info 4 /OUTPUT 1 "MemWrite";
v000001cddefb95b0_0 .net "DataAdr", 31 0, L_000001cddefc0100;  alias, 1 drivers
v000001cddefba050_0 .net "Instr", 31 0, L_000001cddef3a160;  1 drivers
v000001cddefb96f0_0 .net "MemWrite", 0 0, L_000001cddef3ac50;  alias, 1 drivers
v000001cddefb98d0_0 .net "PC", 31 0, v000001cddefb16a0_0;  1 drivers
v000001cddefb9970_0 .net "ReadData", 31 0, L_000001cddef3aa90;  1 drivers
v000001cddefb9a10_0 .net "WriteData", 31 0, L_000001cddefbd900;  alias, 1 drivers
v000001cddefb9ab0_0 .net "clk", 0 0, v000001cddefb84d0_0;  1 drivers
v000001cddefb9b50_0 .net "reset", 0 0, v000001cddefb8570_0;  1 drivers
S_000001cddeeeaeb0 .scope module, "arm" "arm" 3 20, 4 5 0, S_000001cddeeead20;
 .timescale 0 0;
    .port_info 0 /INPUT 1 "clk";
    .port_info 1 /INPUT 1 "reset";
    .port_info 2 /OUTPUT 32 "PC";
    .port_info 3 /INPUT 32 "Instr";
    .port_info 4 /OUTPUT 1 "MemWrite";
    .port_info 5 /OUTPUT 32 "OPResult";
    .port_info 6 /OUTPUT 32 "WriteData";
    .port_info 7 /INPUT 32 "ReadData";
v000001cddefb9dd0_0 .net "ALUControl", 2 0, v000001cddef9f830_0;  1 drivers
v000001cddefb87f0_0 .net "ALUFlags", 3 0, L_000001cddefbfd40;  1 drivers
v000001cddefb9150_0 .net "ALUSrc", 0 0, L_000001cddefbe8a0;  1 drivers
v000001cddefb91f0_0 .net "FPUControl", 1 0, v000001cddef9e2f0_0;  1 drivers
v000001cddefb89d0_0 .net "FPUFlags", 3 0, L_000001cddefbfe80;  1 drivers
v000001cddefb8a70_0 .net "ImmSrc", 1 0, L_000001cddefbc460;  1 drivers
v000001cddefb9290_0 .net "Instr", 31 0, L_000001cddef3a160;  alias, 1 drivers
v000001cddefb9330_0 .net "MemWrite", 0 0, L_000001cddef3ac50;  alias, 1 drivers
v000001cddefb9fb0_0 .net "MemtoReg", 0 0, L_000001cddefbcdc0;  1 drivers
v000001cddefb9790_0 .net "MulWrite", 0 0, v000001cddefa4630_0;  1 drivers
v000001cddefb9510_0 .net "OPResult", 31 0, L_000001cddefc0100;  alias, 1 drivers
v000001cddefb9bf0_0 .net "PC", 31 0, v000001cddefb16a0_0;  alias, 1 drivers
v000001cddefb8f70_0 .net "PCSrc", 0 0, L_000001cddef3acc0;  1 drivers
v000001cddefb8d90_0 .net "ReadData", 31 0, L_000001cddef3aa90;  alias, 1 drivers
v000001cddefb9650_0 .net "RegSrc", 1 0, L_000001cddefa53f0;  1 drivers
v000001cddefb8ed0_0 .net "RegWrite", 0 0, L_000001cddef3a710;  1 drivers
v000001cddefb86b0_0 .net "ResSrc", 0 0, L_000001cddefbcbe0;  1 drivers
v000001cddefb8390_0 .net "WriteData", 31 0, L_000001cddefbd900;  alias, 1 drivers
v000001cddefb8b10_0 .net "clk", 0 0, v000001cddefb84d0_0;  alias, 1 drivers
v000001cddefb90b0_0 .net "reset", 0 0, v000001cddefb8570_0;  alias, 1 drivers
L_000001cddefbd2c0 .part L_000001cddef3a160, 4, 4;
L_000001cddefbd360 .part L_000001cddef3a160, 12, 20;
S_000001cddeeeb040 .scope module, "c" "controller" 4 35, 5 4 0, S_000001cddeeeaeb0;
 .timescale 0 0;
    .port_info 0 /INPUT 1 "clk";
    .port_info 1 /INPUT 1 "reset";
    .port_info 2 /INPUT 4 "MulOp";
    .port_info 3 /INPUT 20 "Instr";
    .port_info 4 /INPUT 4 "ALUFlags";
    .port_info 5 /INPUT 4 "FPUFlags";
    .port_info 6 /OUTPUT 2 "RegSrc";
    .port_info 7 /OUTPUT 1 "RegWrite";
    .port_info 8 /OUTPUT 1 "MulWrite";
    .port_info 9 /OUTPUT 2 "ImmSrc";
    .port_info 10 /OUTPUT 1 "ALUSrc";
    .port_info 11 /OUTPUT 3 "ALUControl";
    .port_info 12 /OUTPUT 1 "MemWrite";
    .port_info 13 /OUTPUT 1 "MemtoReg";
    .port_info 14 /OUTPUT 1 "PCSrc";
    .port_info 15 /OUTPUT 1 "ResSrc";
    .port_info 16 /OUTPUT 2 "FPUControl";
v000001cddefa58f0_0 .net "ALUControl", 2 0, v000001cddef9f830_0;  alias, 1 drivers
v000001cddefa4f90_0 .net "ALUFlags", 3 0, L_000001cddefbfd40;  alias, 1 drivers
v000001cddefa5350_0 .net "ALUSrc", 0 0, L_000001cddefbe8a0;  alias, 1 drivers
v000001cddefa4db0_0 .net "FPUControl", 1 0, v000001cddef9e2f0_0;  alias, 1 drivers
v000001cddefa4ef0_0 .net "FPUFlagW", 1 0, v000001cddef9e390_0;  1 drivers
v000001cddefa5670_0 .net "FPUFlags", 3 0, L_000001cddefbfe80;  alias, 1 drivers
v000001cddefa5030_0 .net "FlagW", 1 0, v000001cddef9e6b0_0;  1 drivers
v000001cddefa5df0_0 .net "ImmSrc", 1 0, L_000001cddefbc460;  alias, 1 drivers
v000001cddefa50d0_0 .net "Instr", 31 12, L_000001cddefbd360;  1 drivers
v000001cddefa5a30_0 .net "MemW", 0 0, L_000001cddefbcc80;  1 drivers
v000001cddefa4a90_0 .net "MemWrite", 0 0, L_000001cddef3ac50;  alias, 1 drivers
v000001cddefa4950_0 .net "MemtoReg", 0 0, L_000001cddefbcdc0;  alias, 1 drivers
v000001cddefa5b70_0 .net "MulOp", 3 0, L_000001cddefbd2c0;  1 drivers
v000001cddefa52b0_0 .net "MulWrite", 0 0, v000001cddefa4630_0;  alias, 1 drivers
v000001cddefa4bd0_0 .net "PCS", 0 0, L_000001cddef3a940;  1 drivers
v000001cddefa4310_0 .net "PCSrc", 0 0, L_000001cddef3acc0;  alias, 1 drivers
v000001cddefa5170_0 .net "RegSrc", 1 0, L_000001cddefa53f0;  alias, 1 drivers
v000001cddefa5e90_0 .net "RegW", 0 0, L_000001cddefbd220;  1 drivers
v000001cddefa5210_0 .net "RegWrite", 0 0, L_000001cddef3a710;  alias, 1 drivers
v000001cddefa5f30_0 .net "ResSrc", 0 0, L_000001cddefbcbe0;  alias, 1 drivers
v000001cddefa5710_0 .net "clk", 0 0, v000001cddefb84d0_0;  alias, 1 drivers
v000001cddefa43b0_0 .net "reset", 0 0, v000001cddefb8570_0;  alias, 1 drivers
L_000001cddefbd5e0 .part L_000001cddefbd360, 14, 2;
L_000001cddefbe760 .part L_000001cddefbd360, 8, 6;
L_000001cddefbdea0 .part L_000001cddefbd360, 0, 4;
L_000001cddefbe300 .part L_000001cddefbd360, 16, 4;
S_000001cddee9f260 .scope module, "cl" "condlogic" 5 64, 6 4 0, S_000001cddeeeb040;
 .timescale 0 0;
    .port_info 0 /INPUT 1 "clk";
    .port_info 1 /INPUT 1 "reset";
    .port_info 2 /INPUT 4 "Cond";
    .port_info 3 /INPUT 4 "ALUFlags";
    .port_info 4 /INPUT 4 "FPUFlags";
    .port_info 5 /INPUT 2 "FlagW";
    .port_info 6 /INPUT 1 "PCS";
    .port_info 7 /INPUT 1 "RegW";
    .port_info 8 /INPUT 1 "MemW";
    .port_info 9 /INPUT 1 "ResSrc";
    .port_info 10 /INPUT 2 "FPUFlagW";
    .port_info 11 /OUTPUT 1 "PCSrc";
    .port_info 12 /OUTPUT 1 "RegWrite";
    .port_info 13 /OUTPUT 1 "MemWrite";
L_000001cddef3ae80 .functor AND 2, L_000001cddefbc6e0, L_000001cddefbc5a0, C4<11>, C4<11>;
L_000001cddef3a710 .functor AND 1, L_000001cddefbd220, v000001cddef16ac0_0, C4<1>, C4<1>;
L_000001cddef3ac50 .functor AND 1, L_000001cddefbcc80, v000001cddef16ac0_0, C4<1>, C4<1>;
L_000001cddef3acc0 .functor AND 1, L_000001cddef3a940, v000001cddef16ac0_0, C4<1>, C4<1>;
v000001cddef9f150_0 .net "ALUFlags", 3 0, L_000001cddefbfd40;  alias, 1 drivers
v000001cddef9f1f0_0 .net "Cond", 3 0, L_000001cddefbe300;  1 drivers
v000001cddef9fab0_0 .net "CondEx", 0 0, v000001cddef16ac0_0;  1 drivers
v000001cddef9f5b0_0 .net "FPUFlagW", 1 0, v000001cddef9e390_0;  alias, 1 drivers
v000001cddef9fa10_0 .net "FPUFlags", 3 0, L_000001cddefbfe80;  alias, 1 drivers
v000001cddef9e430_0 .net "FlagW", 1 0, v000001cddef9e6b0_0;  alias, 1 drivers
v000001cddef9f290_0 .net "FlagWmux", 1 0, L_000001cddefbc6e0;  1 drivers
v000001cddef9e890_0 .net "FlagWrite", 1 0, L_000001cddef3ae80;  1 drivers
v000001cddef9f330_0 .net "Flags", 3 0, L_000001cddefbe080;  1 drivers
v000001cddef9f970_0 .net "Flagsmux", 3 0, L_000001cddefbdae0;  1 drivers
v000001cddef9f8d0_0 .net "MemW", 0 0, L_000001cddefbcc80;  alias, 1 drivers
v000001cddef9f3d0_0 .net "MemWrite", 0 0, L_000001cddef3ac50;  alias, 1 drivers
v000001cddef9fbf0_0 .net "PCS", 0 0, L_000001cddef3a940;  alias, 1 drivers
v000001cddef9f470_0 .net "PCSrc", 0 0, L_000001cddef3acc0;  alias, 1 drivers
v000001cddef9fdd0_0 .net "RegW", 0 0, L_000001cddefbd220;  alias, 1 drivers
v000001cddef9f510_0 .net "RegWrite", 0 0, L_000001cddef3a710;  alias, 1 drivers
v000001cddef9f650_0 .net "ResSrc", 0 0, L_000001cddefbcbe0;  alias, 1 drivers
v000001cddefa00f0_0 .net *"_ivl_13", 1 0, L_000001cddefbc5a0;  1 drivers
v000001cddef9f6f0_0 .net "clk", 0 0, v000001cddefb84d0_0;  alias, 1 drivers
v000001cddef9f790_0 .net "reset", 0 0, v000001cddefb8570_0;  alias, 1 drivers
L_000001cddefbe800 .part L_000001cddef3ae80, 1, 1;
L_000001cddefbe3a0 .part L_000001cddefbdae0, 2, 2;
L_000001cddefbe4e0 .part L_000001cddef3ae80, 0, 1;
L_000001cddefbd040 .part L_000001cddefbdae0, 0, 2;
L_000001cddefbe080 .concat8 [ 2 2 0 0], v000001cddef9e4d0_0, v000001cddef9eed0_0;
L_000001cddefbc5a0 .concat [ 1 1 0 0], v000001cddef16ac0_0, v000001cddef16ac0_0;
S_000001cddee9f3f0 .scope module, "cc" "condcheck" 6 66, 7 1 0, S_000001cddee9f260;
 .timescale 0 0;
    .port_info 0 /INPUT 4 "Cond";
    .port_info 1 /INPUT 4 "Flags";
    .port_info 2 /OUTPUT 1 "CondEx";
L_000001cddef3a5c0 .functor BUFZ 4, L_000001cddefbe080, C4<0000>, C4<0000>, C4<0000>;
L_000001cddef3a630 .functor XNOR 1, L_000001cddefbdc20, L_000001cddefbcb40, C4<0>, C4<0>;
v000001cddef158a0_0 .net "Cond", 3 0, L_000001cddefbe300;  alias, 1 drivers
v000001cddef16ac0_0 .var "CondEx", 0 0;
v000001cddef15c60_0 .net "Flags", 3 0, L_000001cddefbe080;  alias, 1 drivers
v000001cddef16340_0 .net *"_ivl_6", 3 0, L_000001cddef3a5c0;  1 drivers
v000001cddeead980_0 .net "carry", 0 0, L_000001cddefbda40;  1 drivers
v000001cddef262a0_0 .net "ge", 0 0, L_000001cddef3a630;  1 drivers
v000001cddef9ecf0_0 .net "neg", 0 0, L_000001cddefbdc20;  1 drivers
v000001cddef9fb50_0 .net "overflow", 0 0, L_000001cddefbcb40;  1 drivers
v000001cddef9ef70_0 .net "zero", 0 0, L_000001cddefbd400;  1 drivers
E_000001cddef347d0/0 .event anyedge, v000001cddef158a0_0, v000001cddef9ef70_0, v000001cddeead980_0, v000001cddef9ecf0_0;
E_000001cddef347d0/1 .event anyedge, v000001cddef9fb50_0, v000001cddef262a0_0;
E_000001cddef347d0 .event/or E_000001cddef347d0/0, E_000001cddef347d0/1;
L_000001cddefbdc20 .part L_000001cddef3a5c0, 3, 1;
L_000001cddefbd400 .part L_000001cddef3a5c0, 2, 1;
L_000001cddefbda40 .part L_000001cddef3a5c0, 1, 1;
L_000001cddefbcb40 .part L_000001cddef3a5c0, 0, 1;
S_000001cddee9f580 .scope module, "flagreg0" "flopenr" 6 59, 8 1 0, S_000001cddee9f260;
 .timescale 0 0;
    .port_info 0 /INPUT 1 "clk";
    .port_info 1 /INPUT 1 "reset";
    .port_info 2 /INPUT 1 "en";
    .port_info 3 /INPUT 2 "d";
    .port_info 4 /OUTPUT 2 "q";
P_000001cddef35190 .param/l "WIDTH" 0 8 8, +C4<00000000000000000000000000000010>;
v000001cddef9e930_0 .net "clk", 0 0, v000001cddefb84d0_0;  alias, 1 drivers
v000001cddef9ec50_0 .net "d", 1 0, L_000001cddefbd040;  1 drivers
v000001cddef9e9d0_0 .net "en", 0 0, L_000001cddefbe4e0;  1 drivers
v000001cddef9e4d0_0 .var "q", 1 0;
v000001cddef9ff10_0 .net "reset", 0 0, v000001cddefb8570_0;  alias, 1 drivers
E_000001cddef35890 .event posedge, v000001cddef9ff10_0, v000001cddef9e930_0;
S_000001cddee9cd00 .scope module, "flagreg1" "flopenr" 6 52, 8 1 0, S_000001cddee9f260;
 .timescale 0 0;
    .port_info 0 /INPUT 1 "clk";
    .port_info 1 /INPUT 1 "reset";
    .port_info 2 /INPUT 1 "en";
    .port_info 3 /INPUT 2 "d";
    .port_info 4 /OUTPUT 2 "q";
P_000001cddef35550 .param/l "WIDTH" 0 8 8, +C4<00000000000000000000000000000010>;
v000001cddef9ebb0_0 .net "clk", 0 0, v000001cddefb84d0_0;  alias, 1 drivers
v000001cddefa0190_0 .net "d", 1 0, L_000001cddefbe3a0;  1 drivers
v000001cddef9ffb0_0 .net "en", 0 0, L_000001cddefbe800;  1 drivers
v000001cddef9eed0_0 .var "q", 1 0;
v000001cddef9ea70_0 .net "reset", 0 0, v000001cddefb8570_0;  alias, 1 drivers
S_000001cddee9ce90 .scope module, "muxFlagW" "mux2" 6 40, 9 1 0, S_000001cddee9f260;
 .timescale 0 0;
    .port_info 0 /INPUT 2 "d0";
    .port_info 1 /INPUT 2 "d1";
    .port_info 2 /INPUT 1 "s";
    .port_info 3 /OUTPUT 2 "y";
P_000001cddef352d0 .param/l "WIDTH" 0 9 7, +C4<00000000000000000000000000000010>;
v000001cddef9eb10_0 .net "d0", 1 0, v000001cddef9e6b0_0;  alias, 1 drivers
v000001cddef9ed90_0 .net "d1", 1 0, v000001cddef9e390_0;  alias, 1 drivers
v000001cddefa0050_0 .net "s", 0 0, L_000001cddefbcbe0;  alias, 1 drivers
v000001cddef9e570_0 .net "y", 1 0, L_000001cddefbc6e0;  alias, 1 drivers
L_000001cddefbc6e0 .functor MUXZ 2, v000001cddef9e6b0_0, v000001cddef9e390_0, L_000001cddefbcbe0, C4<>;
S_000001cddee9d020 .scope module, "muxFlags" "mux2" 6 46, 9 1 0, S_000001cddee9f260;
 .timescale 0 0;
    .port_info 0 /INPUT 4 "d0";
    .port_info 1 /INPUT 4 "d1";
    .port_info 2 /INPUT 1 "s";
    .port_info 3 /OUTPUT 4 "y";
P_000001cddef35e90 .param/l "WIDTH" 0 9 7, +C4<00000000000000000000000000000100>;
v000001cddef9e610_0 .net "d0", 3 0, L_000001cddefbfd40;  alias, 1 drivers
v000001cddef9f0b0_0 .net "d1", 3 0, L_000001cddefbfe80;  alias, 1 drivers
v000001cddef9ee30_0 .net "s", 0 0, L_000001cddefbcbe0;  alias, 1 drivers
v000001cddef9f010_0 .net "y", 3 0, L_000001cddefbdae0;  alias, 1 drivers
L_000001cddefbdae0 .functor MUXZ 4, L_000001cddefbfd40, L_000001cddefbfe80, L_000001cddefbcbe0, C4<>;
S_000001cddee81c90 .scope module, "dec" "decode" 5 45, 10 1 0, S_000001cddeeeb040;
 .timescale 0 0;
    .port_info 0 /INPUT 2 "Op";
    .port_info 1 /INPUT 6 "Funct";
    .port_info 2 /INPUT 4 "Rd";
    .port_info 3 /INPUT 4 "MulOp";
    .port_info 4 /OUTPUT 2 "FlagW";
    .port_info 5 /OUTPUT 1 "PCS";
    .port_info 6 /OUTPUT 1 "RegW";
    .port_info 7 /OUTPUT 1 "MemW";
    .port_info 8 /OUTPUT 1 "MemtoReg";
    .port_info 9 /OUTPUT 1 "ALUSrc";
    .port_info 10 /OUTPUT 2 "ImmSrc";
    .port_info 11 /OUTPUT 2 "RegSrc";
    .port_info 12 /OUTPUT 3 "ALUControl";
    .port_info 13 /OUTPUT 2 "FPUControl";
    .port_info 14 /OUTPUT 1 "ResSrc";
    .port_info 15 /OUTPUT 2 "FPUFlagW";
    .port_info 16 /OUTPUT 1 "MulWrite";
L_000001cddef3a4e0 .functor AND 1, L_000001cddefbd860, L_000001cddefbd220, C4<1>, C4<1>;
L_000001cddef3a940 .functor OR 1, L_000001cddef3a4e0, L_000001cddefbdb80, C4<0>, C4<0>;
v000001cddef9f830_0 .var "ALUControl", 2 0;
v000001cddef9fc90_0 .net "ALUOp", 0 0, L_000001cddefbd540;  1 drivers
v000001cddef9fd30_0 .net "ALUSrc", 0 0, L_000001cddefbe8a0;  alias, 1 drivers
v000001cddef9fe70_0 .net "Branch", 0 0, L_000001cddefbdb80;  1 drivers
v000001cddef9e2f0_0 .var "FPUControl", 1 0;
v000001cddef9e390_0 .var "FPUFlagW", 1 0;
v000001cddef9e6b0_0 .var "FlagW", 1 0;
v000001cddef9e750_0 .net "Funct", 5 0, L_000001cddefbe760;  1 drivers
v000001cddef9e7f0_0 .net "ImmSrc", 1 0, L_000001cddefbc460;  alias, 1 drivers
v000001cddefa5850_0 .net "MemW", 0 0, L_000001cddefbcc80;  alias, 1 drivers
v000001cddefa4e50_0 .net "MemtoReg", 0 0, L_000001cddefbcdc0;  alias, 1 drivers
v000001cddefa4810_0 .net "MulOp", 3 0, L_000001cddefbd2c0;  alias, 1 drivers
v000001cddefa4630_0 .var "MulWrite", 0 0;
v000001cddefa48b0_0 .net "Op", 1 0, L_000001cddefbd5e0;  1 drivers
v000001cddefa46d0_0 .net "PCS", 0 0, L_000001cddef3a940;  alias, 1 drivers
v000001cddefa4d10_0 .net "Rd", 3 0, L_000001cddefbdea0;  1 drivers
v000001cddefa4b30_0 .net "RegSrc", 1 0, L_000001cddefa53f0;  alias, 1 drivers
v000001cddefa55d0_0 .net "RegW", 0 0, L_000001cddefbd220;  alias, 1 drivers
v000001cddefa4590_0 .net "ResSrc", 0 0, L_000001cddefbcbe0;  alias, 1 drivers
v000001cddefa49f0_0 .net *"_ivl_11", 10 0, v000001cddefa5cb0_0;  1 drivers
L_000001cddefc0378 .functor BUFT 1, C4<1111>, C4<0>, C4<0>, C4<0>;
v000001cddefa4c70_0 .net/2u *"_ivl_12", 3 0, L_000001cddefc0378;  1 drivers
v000001cddefa5d50_0 .net *"_ivl_14", 0 0, L_000001cddefbd860;  1 drivers
v000001cddefa5990_0 .net *"_ivl_16", 0 0, L_000001cddef3a4e0;  1 drivers
v000001cddefa5cb0_0 .var "controls", 10 0;
E_000001cddef35c10 .event anyedge, v000001cddefa0050_0, v000001cddef9e750_0;
E_000001cddef35d50 .event anyedge, v000001cddef9fc90_0, v000001cddefa4810_0, v000001cddef9e750_0, v000001cddef9f830_0;
E_000001cddef35690 .event anyedge, v000001cddefa48b0_0, v000001cddef9e750_0;
L_000001cddefa53f0 .part v000001cddefa5cb0_0, 9, 2;
L_000001cddefbc460 .part v000001cddefa5cb0_0, 7, 2;
L_000001cddefbe8a0 .part v000001cddefa5cb0_0, 6, 1;
L_000001cddefbcdc0 .part v000001cddefa5cb0_0, 5, 1;
L_000001cddefbd220 .part v000001cddefa5cb0_0, 4, 1;
L_000001cddefbcc80 .part v000001cddefa5cb0_0, 3, 1;
L_000001cddefbdb80 .part v000001cddefa5cb0_0, 2, 1;
L_000001cddefbd540 .part v000001cddefa5cb0_0, 1, 1;
L_000001cddefbcbe0 .part v000001cddefa5cb0_0, 0, 1;
L_000001cddefbd860 .cmp/eq 4, L_000001cddefbdea0, L_000001cddefc0378;
S_000001cddeea2440 .scope module, "dp" "datapath" 4 54, 11 8 0, S_000001cddeeeaeb0;
 .timescale 0 0;
    .port_info 0 /INPUT 1 "clk";
    .port_info 1 /INPUT 1 "reset";
    .port_info 2 /INPUT 2 "RegSrc";
    .port_info 3 /INPUT 1 "RegWrite";
    .port_info 4 /INPUT 1 "MulWrite";
    .port_info 5 /INPUT 2 "ImmSrc";
    .port_info 6 /INPUT 1 "ALUSrc";
    .port_info 7 /INPUT 3 "ALUControl";
    .port_info 8 /INPUT 2 "FPUControl";
    .port_info 9 /INPUT 1 "MemtoReg";
    .port_info 10 /INPUT 1 "PCSrc";
    .port_info 11 /INPUT 1 "ResSrc";
    .port_info 12 /OUTPUT 4 "ALUFlags";
    .port_info 13 /OUTPUT 4 "FPUFlags";
    .port_info 14 /OUTPUT 32 "PC";
    .port_info 15 /INPUT 32 "Instr";
    .port_info 16 /OUTPUT 32 "OPResult";
    .port_info 17 /OUTPUT 32 "WriteData";
    .port_info 18 /INPUT 32 "ReadData";
v000001cddefb7820_0 .net "ALUControl", 2 0, v000001cddef9f830_0;  alias, 1 drivers
v000001cddefb8180_0 .net "ALUFlags", 3 0, L_000001cddefbfd40;  alias, 1 drivers
v000001cddefb6c40_0 .net "ALUResult1", 31 0, v000001cddefa6110_0;  1 drivers
v000001cddefb69c0_0 .net "ALUResult2", 31 0, v000001cddefa5490_0;  1 drivers
v000001cddefb7c80_0 .net "ALUSrc", 0 0, L_000001cddefbe8a0;  alias, 1 drivers
v000001cddefb6880_0 .net "ExtImm", 31 0, v000001cddefa7400_0;  1 drivers
v000001cddefb6ce0_0 .net "FPUControl", 1 0, v000001cddef9e2f0_0;  alias, 1 drivers
v000001cddefb8040_0 .net "FPUFlags", 3 0, L_000001cddefbfe80;  alias, 1 drivers
v000001cddefb6560_0 .net "FPUResult", 31 0, v000001cddefa7e00_0;  1 drivers
v000001cddefb7b40_0 .net "ImmSrc", 1 0, L_000001cddefbc460;  alias, 1 drivers
v000001cddefb7d20_0 .net "Instr", 31 0, L_000001cddef3a160;  alias, 1 drivers
v000001cddefb7000_0 .net "MemtoReg", 0 0, L_000001cddefbcdc0;  alias, 1 drivers
v000001cddefb8220_0 .net "MulWrite", 0 0, v000001cddefa4630_0;  alias, 1 drivers
v000001cddefb6920_0 .net "OPResult", 31 0, L_000001cddefc0100;  alias, 1 drivers
v000001cddefb6420_0 .net "PC", 31 0, v000001cddefb16a0_0;  alias, 1 drivers
v000001cddefb64c0_0 .net "PCNext", 31 0, L_000001cddefbe9e0;  1 drivers
v000001cddefb6d80_0 .net "PCPlus4", 31 0, L_000001cddefbc640;  1 drivers
v000001cddefb7500_0 .net "PCPlus8", 31 0, L_000001cddefbdf40;  1 drivers
v000001cddefb71e0_0 .net "PCSrc", 0 0, L_000001cddef3acc0;  alias, 1 drivers
v000001cddefb6600_0 .net "RA1", 3 0, L_000001cddefbe120;  1 drivers
v000001cddefb70a0_0 .net "RA2", 3 0, L_000001cddefbdcc0;  1 drivers
v000001cddefb66a0_0 .net "ReadData", 31 0, L_000001cddef3aa90;  alias, 1 drivers
v000001cddefb7280_0 .net "RegSrc", 1 0, L_000001cddefa53f0;  alias, 1 drivers
v000001cddefb7140_0 .net "RegWrite", 0 0, L_000001cddef3a710;  alias, 1 drivers
v000001cddefb7320_0 .net "ResSrc", 0 0, L_000001cddefbcbe0;  alias, 1 drivers
v000001cddefb73c0_0 .net "Result", 31 0, L_000001cddefbd9a0;  1 drivers
v000001cddefb7460_0 .net "SrcA", 31 0, L_000001cddefbd720;  1 drivers
v000001cddefb75a0_0 .net "SrcB", 31 0, L_000001cddefbdfe0;  1 drivers
v000001cddefb9010_0 .net "WriteData", 31 0, L_000001cddefbd900;  alias, 1 drivers
v000001cddefb8cf0_0 .net "clk", 0 0, v000001cddefb84d0_0;  alias, 1 drivers
v000001cddefba230_0 .net "reset", 0 0, v000001cddefb8570_0;  alias, 1 drivers
L_000001cddefbe940 .part L_000001cddef3a160, 16, 4;
L_000001cddefbe580 .part L_000001cddefa53f0, 0, 1;
L_000001cddefbd7c0 .part L_000001cddef3a160, 0, 4;
L_000001cddefbea80 .part L_000001cddef3a160, 12, 4;
L_000001cddefbe1c0 .part L_000001cddefa53f0, 1, 1;
L_000001cddefbe620 .part L_000001cddef3a160, 12, 4;
L_000001cddefbd180 .part L_000001cddef3a160, 8, 4;
L_000001cddefbde00 .part L_000001cddef3a160, 0, 24;
S_000001cddeea2710 .scope module, "alu" "alu" 11 125, 12 1 0, S_000001cddeea2440;
 .timescale 0 0;
    .port_info 0 /INPUT 32 "a";
    .port_info 1 /INPUT 32 "b";
    .port_info 2 /INPUT 3 "ALUControl";
    .port_info 3 /OUTPUT 32 "Result1";
    .port_info 4 /OUTPUT 32 "Result2";
    .port_info 5 /OUTPUT 4 "ALUFlags";
L_000001cddef3a780 .functor BUFZ 32, L_000001cddefbd720, C4<00000000000000000000000000000000>, C4<00000000000000000000000000000000>, C4<00000000000000000000000000000000>;
L_000001cddef3a7f0 .functor BUFZ 32, L_000001cddefbdfe0, C4<00000000000000000000000000000000>, C4<00000000000000000000000000000000>, C4<00000000000000000000000000000000>;
L_000001cddef3a860 .functor NOT 33, L_000001cddefbe440, C4<000000000000000000000000000000000>, C4<000000000000000000000000000000000>, C4<000000000000000000000000000000000>;
L_000001cddefc0720 .functor BUFT 1, C4<0>, C4<0>, C4<0>, C4<0>;
L_000001cddef3ad30 .functor XNOR 1, L_000001cddefbcaa0, L_000001cddefc0720, C4<0>, C4<0>;
L_000001cddef3a8d0 .functor AND 1, L_000001cddef3ad30, L_000001cddefbcf00, C4<1>, C4<1>;
L_000001cddefc0768 .functor BUFT 1, C4<0>, C4<0>, C4<0>, C4<0>;
L_000001cddef3ada0 .functor XNOR 1, L_000001cddefbcfa0, L_000001cddefc0768, C4<0>, C4<0>;
L_000001cddef3aef0 .functor XOR 1, L_000001cddefc0060, L_000001cddefbef80, C4<0>, C4<0>;
L_000001cddef3af60 .functor AND 1, L_000001cddef3ada0, L_000001cddef3aef0, C4<1>, C4<1>;
L_000001cddef3a240 .functor XOR 1, L_000001cddefbf5c0, L_000001cddefbfde0, C4<0>, C4<0>;
L_000001cddef3afd0 .functor XOR 1, L_000001cddef3a240, L_000001cddefbff20, C4<0>, C4<0>;
L_000001cddef3a0f0 .functor NOT 1, L_000001cddef3afd0, C4<0>, C4<0>, C4<0>;
L_000001cddef3aa20 .functor AND 1, L_000001cddef3af60, L_000001cddef3a0f0, C4<1>, C4<1>;
v000001cddefa57b0_0 .net "ALUControl", 2 0, v000001cddef9f830_0;  alias, 1 drivers
v000001cddefa4770_0 .net "ALUFlags", 3 0, L_000001cddefbfd40;  alias, 1 drivers
v000001cddefa6110_0 .var "Result1", 31 0;
v000001cddefa5490_0 .var "Result2", 31 0;
v000001cddefa5530_0 .net *"_ivl_10", 32 0, L_000001cddefbe440;  1 drivers
L_000001cddefc0600 .functor BUFT 1, C4<0>, C4<0>, C4<0>, C4<0>;
v000001cddefa6070_0 .net *"_ivl_13", 0 0, L_000001cddefc0600;  1 drivers
v000001cddefa5ad0_0 .net *"_ivl_14", 32 0, L_000001cddef3a860;  1 drivers
v000001cddefa5fd0_0 .net *"_ivl_16", 32 0, L_000001cddefbce60;  1 drivers
L_000001cddefc0648 .functor BUFT 1, C4<0>, C4<0>, C4<0>, C4<0>;
v000001cddefa5c10_0 .net *"_ivl_19", 0 0, L_000001cddefc0648;  1 drivers
v000001cddefa61b0_0 .net *"_ivl_20", 32 0, L_000001cddefbe6c0;  1 drivers
v000001cddefa4450_0 .net *"_ivl_22", 32 0, L_000001cddefbc780;  1 drivers
v000001cddefa44f0_0 .net *"_ivl_25", 0 0, L_000001cddefbc820;  1 drivers
v000001cddefa81c0_0 .net *"_ivl_26", 32 0, L_000001cddefbc500;  1 drivers
L_000001cddefc0690 .functor BUFT 1, C4<00000000000000000000000000000000>, C4<0>, C4<0>, C4<0>;
v000001cddefa6dc0_0 .net *"_ivl_29", 31 0, L_000001cddefc0690;  1 drivers
L_000001cddefc06d8 .functor BUFT 1, C4<00000000000000000000000000000000>, C4<0>, C4<0>, C4<0>;
v000001cddefa6320_0 .net/2u *"_ivl_34", 31 0, L_000001cddefc06d8;  1 drivers
v000001cddefa7040_0 .net *"_ivl_39", 0 0, L_000001cddefbcaa0;  1 drivers
v000001cddefa7220_0 .net *"_ivl_4", 32 0, L_000001cddefbe260;  1 drivers
v000001cddefa6a00_0 .net/2u *"_ivl_40", 0 0, L_000001cddefc0720;  1 drivers
v000001cddefa6d20_0 .net *"_ivl_42", 0 0, L_000001cddef3ad30;  1 drivers
v000001cddefa7360_0 .net *"_ivl_45", 0 0, L_000001cddefbcf00;  1 drivers
v000001cddefa63c0_0 .net *"_ivl_49", 0 0, L_000001cddefbcfa0;  1 drivers
v000001cddefa6e60_0 .net/2u *"_ivl_50", 0 0, L_000001cddefc0768;  1 drivers
v000001cddefa7ea0_0 .net *"_ivl_52", 0 0, L_000001cddef3ada0;  1 drivers
v000001cddefa6aa0_0 .net *"_ivl_55", 0 0, L_000001cddefc0060;  1 drivers
v000001cddefa6be0_0 .net *"_ivl_57", 0 0, L_000001cddefbef80;  1 drivers
v000001cddefa6f00_0 .net *"_ivl_58", 0 0, L_000001cddef3aef0;  1 drivers
v000001cddefa6820_0 .net *"_ivl_60", 0 0, L_000001cddef3af60;  1 drivers
v000001cddefa65a0_0 .net *"_ivl_63", 0 0, L_000001cddefbf5c0;  1 drivers
v000001cddefa6fa0_0 .net *"_ivl_65", 0 0, L_000001cddefbfde0;  1 drivers
v000001cddefa6460_0 .net *"_ivl_66", 0 0, L_000001cddef3a240;  1 drivers
v000001cddefa7f40_0 .net *"_ivl_69", 0 0, L_000001cddefbff20;  1 drivers
L_000001cddefc05b8 .functor BUFT 1, C4<0>, C4<0>, C4<0>, C4<0>;
v000001cddefa70e0_0 .net *"_ivl_7", 0 0, L_000001cddefc05b8;  1 drivers
v000001cddefa6500_0 .net *"_ivl_70", 0 0, L_000001cddef3afd0;  1 drivers
v000001cddefa6c80_0 .net *"_ivl_72", 0 0, L_000001cddef3a0f0;  1 drivers
v000001cddefa7900_0 .net *"_ivl_9", 0 0, L_000001cddefbc3c0;  1 drivers
v000001cddefa77c0_0 .net "a", 31 0, L_000001cddefbd720;  alias, 1 drivers
v000001cddefa7fe0_0 .net "b", 31 0, L_000001cddefbdfe0;  alias, 1 drivers
v000001cddefa7180_0 .net "carry", 0 0, L_000001cddef3a8d0;  1 drivers
v000001cddefa74a0_0 .net "neg", 0 0, L_000001cddefbc960;  1 drivers
v000001cddefa7540_0 .net "overflow", 0 0, L_000001cddef3aa20;  1 drivers
v000001cddefa72c0_0 .net/s "signed_a", 31 0, L_000001cddef3a780;  1 drivers
v000001cddefa6640_0 .net/s "signed_b", 31 0, L_000001cddef3a7f0;  1 drivers
v000001cddefa68c0_0 .net "sum", 32 0, L_000001cddefbc8c0;  1 drivers
v000001cddefa8120_0 .net "zero", 0 0, L_000001cddefbca00;  1 drivers
E_000001cddef35e10/0 .event anyedge, v000001cddef9f830_0, v000001cddefa68c0_0, v000001cddefa77c0_0, v000001cddefa7fe0_0;
E_000001cddef35e10/1 .event anyedge, v000001cddefa72c0_0, v000001cddefa6640_0;
E_000001cddef35e10 .event/or E_000001cddef35e10/0, E_000001cddef35e10/1;
L_000001cddefbe260 .concat [ 32 1 0 0], L_000001cddefbd720, L_000001cddefc05b8;
L_000001cddefbc3c0 .part v000001cddef9f830_0, 0, 1;
L_000001cddefbe440 .concat [ 32 1 0 0], L_000001cddefbdfe0, L_000001cddefc0600;
L_000001cddefbce60 .concat [ 32 1 0 0], L_000001cddefbdfe0, L_000001cddefc0648;
L_000001cddefbe6c0 .functor MUXZ 33, L_000001cddefbce60, L_000001cddef3a860, L_000001cddefbc3c0, C4<>;
L_000001cddefbc780 .arith/sum 33, L_000001cddefbe260, L_000001cddefbe6c0;
L_000001cddefbc820 .part v000001cddef9f830_0, 0, 1;
L_000001cddefbc500 .concat [ 1 32 0 0], L_000001cddefbc820, L_000001cddefc0690;
L_000001cddefbc8c0 .arith/sum 33, L_000001cddefbc780, L_000001cddefbc500;
L_000001cddefbc960 .part v000001cddefa6110_0, 31, 1;
L_000001cddefbca00 .cmp/eq 32, v000001cddefa6110_0, L_000001cddefc06d8;
L_000001cddefbcaa0 .part v000001cddef9f830_0, 1, 1;
L_000001cddefbcf00 .part L_000001cddefbc8c0, 32, 1;
L_000001cddefbcfa0 .part v000001cddef9f830_0, 1, 1;
L_000001cddefc0060 .part L_000001cddefbc8c0, 31, 1;
L_000001cddefbef80 .part L_000001cddefbd720, 31, 1;
L_000001cddefbf5c0 .part v000001cddef9f830_0, 0, 1;
L_000001cddefbfde0 .part L_000001cddefbd720, 31, 1;
L_000001cddefbff20 .part L_000001cddefbdfe0, 31, 1;
L_000001cddefbfd40 .concat [ 1 1 1 1], L_000001cddef3aa20, L_000001cddef3a8d0, L_000001cddefbca00, L_000001cddefbc960;
S_000001cddeeccea0 .scope module, "ext" "extend" 11 114, 13 1 0, S_000001cddeea2440;
 .timescale 0 0;
    .port_info 0 /INPUT 24 "Instr";
    .port_info 1 /INPUT 2 "ImmSrc";
    .port_info 2 /OUTPUT 32 "ExtImm";
v000001cddefa7400_0 .var "ExtImm", 31 0;
v000001cddefa7d60_0 .net "ImmSrc", 1 0, L_000001cddefbc460;  alias, 1 drivers
v000001cddefa75e0_0 .net "Instr", 23 0, L_000001cddefbde00;  1 drivers
E_000001cddef35390 .event anyedge, v000001cddef9e7f0_0, v000001cddefa75e0_0;
S_000001cddee925d0 .scope module, "fpu" "fpu" 11 133, 14 1 0, S_000001cddeea2440;
 .timescale 0 0;
    .port_info 0 /INPUT 32 "a";
    .port_info 1 /INPUT 32 "b";
    .port_info 2 /INPUT 2 "FPUControl";
    .port_info 3 /OUTPUT 32 "Result";
    .port_info 4 /OUTPUT 4 "FPUFlags";
v000001cddefa6b40_0 .net "FPUControl", 1 0, v000001cddef9e2f0_0;  alias, 1 drivers
v000001cddefa79a0_0 .net "FPUFlags", 3 0, L_000001cddefbfe80;  alias, 1 drivers
v000001cddefa7e00_0 .var "Result", 31 0;
L_000001cddefc0840 .functor BUFT 1, C4<00000000000000000000000000000000>, C4<0>, C4<0>, C4<0>;
v000001cddefa6960_0 .net/2u *"_ivl_12", 31 0, L_000001cddefc0840;  1 drivers
v000001cddefa7720_0 .net *"_ivl_5", 0 0, L_000001cddefbf0c0;  1 drivers
v000001cddefa7860_0 .net *"_ivl_7", 0 0, L_000001cddefbfc00;  1 drivers
v000001cddefa8080_0 .net *"_ivl_9", 0 0, L_000001cddefbffc0;  1 drivers
v000001cddefa66e0_0 .net "a", 31 0, L_000001cddefbd720;  alias, 1 drivers
v000001cddefa6780_0 .var "aux", 31 0;
v000001cddefa7a40_0 .var "aux2", 47 0;
v000001cddefa7ae0_0 .net "b", 31 0, L_000001cddefbdfe0;  alias, 1 drivers
L_000001cddefc07b0 .functor BUFT 1, C4<0>, C4<0>, C4<0>, C4<0>;
v000001cddefa7b80_0 .net "carry", 0 0, L_000001cddefc07b0;  1 drivers
v000001cddefa7c20_0 .var "control", 1 0;
v000001cddefa7cc0_0 .var "expoA", 31 0;
v000001cddefb0700_0 .var "expoB", 31 0;
v000001cddefb1380_0 .var "expoR", 31 0;
v000001cddefb17e0_0 .var "mantA", 31 0;
v000001cddefb0e80_0 .var "mantAshift", 31 0;
v000001cddefb0ac0_0 .var "mantB", 31 0;
v000001cddefb0660_0 .var "mantBshift", 31 0;
v000001cddefb2000_0 .var "mantR", 31 0;
v000001cddefb0d40_0 .net "neg", 0 0, L_000001cddefbf3e0;  1 drivers
L_000001cddefc07f8 .functor BUFT 1, C4<0>, C4<0>, C4<0>, C4<0>;
v000001cddefb19c0_0 .net "overflow", 0 0, L_000001cddefc07f8;  1 drivers
v000001cddefb14c0_0 .var "productoPosible", 47 0;
v000001cddefb0840_0 .var "signA", 0 0;
v000001cddefb0a20_0 .var "signB", 0 0;
v000001cddefb1880_0 .var "signR", 0 0;
v000001cddefb20a0_0 .var "sumaResta", 0 0;
v000001cddefb1d80_0 .net "zero", 0 0, L_000001cddefbfca0;  1 drivers
E_000001cddef35450/0 .event anyedge, v000001cddef9e2f0_0, v000001cddefa77c0_0, v000001cddefa7fe0_0, v000001cddefb0a20_0;
E_000001cddef35450/1 .event anyedge, v000001cddefb0840_0, v000001cddefb0700_0, v000001cddefa7cc0_0, v000001cddefb0ac0_0;
E_000001cddef35450/2 .event anyedge, v000001cddefb17e0_0, v000001cddefb20a0_0, v000001cddefb2000_0, v000001cddefa7a40_0;
E_000001cddef35450/3 .event anyedge, v000001cddefa6780_0, v000001cddefb1380_0, v000001cddefa7c20_0, v000001cddefb0e80_0;
E_000001cddef35450/4 .event anyedge, v000001cddefb0660_0, v000001cddefb14c0_0, v000001cddefb1880_0;
E_000001cddef35450 .event/or E_000001cddef35450/0, E_000001cddef35450/1, E_000001cddef35450/2, E_000001cddef35450/3, E_000001cddef35450/4;
L_000001cddefbf0c0 .part v000001cddef9e2f0_0, 0, 1;
L_000001cddefbfc00 .part v000001cddefa7e00_0, 31, 1;
L_000001cddefbffc0 .part v000001cddefa7e00_0, 15, 1;
L_000001cddefbf3e0 .functor MUXZ 1, L_000001cddefbffc0, L_000001cddefbfc00, L_000001cddefbf0c0, C4<>;
L_000001cddefbfca0 .cmp/eq 32, v000001cddefa7e00_0, L_000001cddefc0840;
L_000001cddefbfe80 .concat [ 1 1 1 1], L_000001cddefc07f8, L_000001cddefc07b0, L_000001cddefbfca0, L_000001cddefbf3e0;
S_000001cddee92760 .scope module, "pcadd1" "adder" 11 72, 15 1 0, S_000001cddeea2440;
 .timescale 0 0;
    .port_info 0 /INPUT 32 "a";
    .port_info 1 /INPUT 32 "b";
    .port_info 2 /OUTPUT 32 "y";
P_000001cddef35950 .param/l "WIDTH" 0 15 6, +C4<00000000000000000000000000100000>;
v000001cddefb0de0_0 .net "a", 31 0, v000001cddefb16a0_0;  alias, 1 drivers
L_000001cddefc03c0 .functor BUFT 1, C4<00000000000000000000000000000100>, C4<0>, C4<0>, C4<0>;
v000001cddefb1100_0 .net "b", 31 0, L_000001cddefc03c0;  1 drivers
v000001cddefb07a0_0 .net "y", 31 0, L_000001cddefbc640;  alias, 1 drivers
L_000001cddefbc640 .arith/sum 32, v000001cddefb16a0_0, L_000001cddefc03c0;
S_000001cddefb4170 .scope module, "pcadd2" "adder" 11 77, 15 1 0, S_000001cddeea2440;
 .timescale 0 0;
    .port_info 0 /INPUT 32 "a";
    .port_info 1 /INPUT 32 "b";
    .port_info 2 /OUTPUT 32 "y";
P_000001cddef35650 .param/l "WIDTH" 0 15 6, +C4<00000000000000000000000000100000>;
v000001cddefb0fc0_0 .net "a", 31 0, L_000001cddefbc640;  alias, 1 drivers
L_000001cddefc0408 .functor BUFT 1, C4<00000000000000000000000000000100>, C4<0>, C4<0>, C4<0>;
v000001cddefb1560_0 .net "b", 31 0, L_000001cddefc0408;  1 drivers
v000001cddefb05c0_0 .net "y", 31 0, L_000001cddefbdf40;  alias, 1 drivers
L_000001cddefbdf40 .arith/sum 32, L_000001cddefbc640, L_000001cddefc0408;
S_000001cddefb3cc0 .scope module, "pcmux" "mux2" 11 60, 9 1 0, S_000001cddeea2440;
 .timescale 0 0;
    .port_info 0 /INPUT 32 "d0";
    .port_info 1 /INPUT 32 "d1";
    .port_info 2 /INPUT 1 "s";
    .port_info 3 /OUTPUT 32 "y";
P_000001cddef35610 .param/l "WIDTH" 0 9 7, +C4<00000000000000000000000000100000>;
v000001cddefb1420_0 .net "d0", 31 0, L_000001cddefbc640;  alias, 1 drivers
v000001cddefb0980_0 .net "d1", 31 0, L_000001cddefbd9a0;  alias, 1 drivers
v000001cddefb0f20_0 .net "s", 0 0, L_000001cddef3acc0;  alias, 1 drivers
v000001cddefb12e0_0 .net "y", 31 0, L_000001cddefbe9e0;  alias, 1 drivers
L_000001cddefbe9e0 .functor MUXZ 32, L_000001cddefbc640, L_000001cddefbd9a0, L_000001cddef3acc0, C4<>;
S_000001cddefb3680 .scope module, "pcreg" "flopr" 11 66, 16 1 0, S_000001cddeea2440;
 .timescale 0 0;
    .port_info 0 /INPUT 1 "clk";
    .port_info 1 /INPUT 1 "reset";
    .port_info 2 /INPUT 32 "d";
    .port_info 3 /OUTPUT 32 "q";
P_000001cddef35590 .param/l "WIDTH" 0 16 7, +C4<00000000000000000000000000100000>;
v000001cddefb1740_0 .net "clk", 0 0, v000001cddefb84d0_0;  alias, 1 drivers
v000001cddefb1ba0_0 .net "d", 31 0, L_000001cddefbe9e0;  alias, 1 drivers
v000001cddefb16a0_0 .var "q", 31 0;
v000001cddefb1060_0 .net "reset", 0 0, v000001cddefb8570_0;  alias, 1 drivers
S_000001cddefb3360 .scope module, "ra1mux" "mux2" 11 82, 9 1 0, S_000001cddeea2440;
 .timescale 0 0;
    .port_info 0 /INPUT 4 "d0";
    .port_info 1 /INPUT 4 "d1";
    .port_info 2 /INPUT 1 "s";
    .port_info 3 /OUTPUT 4 "y";
P_000001cddef358d0 .param/l "WIDTH" 0 9 7, +C4<00000000000000000000000000000100>;
v000001cddefb2140_0 .net "d0", 3 0, L_000001cddefbe940;  1 drivers
L_000001cddefc0450 .functor BUFT 1, C4<1111>, C4<0>, C4<0>, C4<0>;
v000001cddefb0340_0 .net "d1", 3 0, L_000001cddefc0450;  1 drivers
v000001cddefb21e0_0 .net "s", 0 0, L_000001cddefbe580;  1 drivers
v000001cddefb1c40_0 .net "y", 3 0, L_000001cddefbe120;  alias, 1 drivers
L_000001cddefbe120 .functor MUXZ 4, L_000001cddefbe940, L_000001cddefc0450, L_000001cddefbe580, C4<>;
S_000001cddefb34f0 .scope module, "ra2mux" "mux2" 11 88, 9 1 0, S_000001cddeea2440;
 .timescale 0 0;
    .port_info 0 /INPUT 4 "d0";
    .port_info 1 /INPUT 4 "d1";
    .port_info 2 /INPUT 1 "s";
    .port_info 3 /OUTPUT 4 "y";
P_000001cddef35910 .param/l "WIDTH" 0 9 7, +C4<00000000000000000000000000000100>;
v000001cddefb1920_0 .net "d0", 3 0, L_000001cddefbd7c0;  1 drivers
v000001cddefb1e20_0 .net "d1", 3 0, L_000001cddefbea80;  1 drivers
v000001cddefb08e0_0 .net "s", 0 0, L_000001cddefbe1c0;  1 drivers
v000001cddefb11a0_0 .net "y", 3 0, L_000001cddefbdcc0;  alias, 1 drivers
L_000001cddefbdcc0 .functor MUXZ 4, L_000001cddefbd7c0, L_000001cddefbea80, L_000001cddefbe1c0, C4<>;
S_000001cddefb3810 .scope module, "resSrcmux" "mux2" 11 140, 9 1 0, S_000001cddeea2440;
 .timescale 0 0;
    .port_info 0 /INPUT 32 "d0";
    .port_info 1 /INPUT 32 "d1";
    .port_info 2 /INPUT 1 "s";
    .port_info 3 /OUTPUT 32 "y";
P_000001cddef355d0 .param/l "WIDTH" 0 9 7, +C4<00000000000000000000000000100000>;
v000001cddefb0c00_0 .net "d0", 31 0, v000001cddefa6110_0;  alias, 1 drivers
v000001cddefb1240_0 .net "d1", 31 0, v000001cddefa7e00_0;  alias, 1 drivers
v000001cddefb03e0_0 .net "s", 0 0, L_000001cddefbcbe0;  alias, 1 drivers
v000001cddefb1a60_0 .net "y", 31 0, L_000001cddefc0100;  alias, 1 drivers
L_000001cddefc0100 .functor MUXZ 32, v000001cddefa6110_0, v000001cddefa7e00_0, L_000001cddefbcbe0, C4<>;
S_000001cddefb3e50 .scope module, "resmux" "mux2" 11 108, 9 1 0, S_000001cddeea2440;
 .timescale 0 0;
    .port_info 0 /INPUT 32 "d0";
    .port_info 1 /INPUT 32 "d1";
    .port_info 2 /INPUT 1 "s";
    .port_info 3 /OUTPUT 32 "y";
P_000001cddef35a50 .param/l "WIDTH" 0 9 7, +C4<00000000000000000000000000100000>;
v000001cddefb1ec0_0 .net "d0", 31 0, L_000001cddefc0100;  alias, 1 drivers
v000001cddefb1600_0 .net "d1", 31 0, L_000001cddef3aa90;  alias, 1 drivers
v000001cddefb1b00_0 .net "s", 0 0, L_000001cddefbcdc0;  alias, 1 drivers
v000001cddefb1f60_0 .net "y", 31 0, L_000001cddefbd9a0;  alias, 1 drivers
L_000001cddefbd9a0 .functor MUXZ 32, L_000001cddefc0100, L_000001cddef3aa90, L_000001cddefbcdc0, C4<>;
S_000001cddefb39a0 .scope module, "rf" "regfile" 11 94, 17 1 0, S_000001cddeea2440;
 .timescale 0 0;
    .port_info 0 /INPUT 1 "clk";
    .port_info 1 /INPUT 1 "we3";
    .port_info 2 /INPUT 1 "we4";
    .port_info 3 /INPUT 4 "ra1";
    .port_info 4 /INPUT 4 "ra2";
    .port_info 5 /INPUT 4 "wa3";
    .port_info 6 /INPUT 4 "wa4";
    .port_info 7 /INPUT 32 "wd3";
    .port_info 8 /INPUT 32 "wd4";
    .port_info 9 /INPUT 32 "r15";
    .port_info 10 /OUTPUT 32 "rd1";
    .port_info 11 /OUTPUT 32 "rd2";
L_000001cddefc0498 .functor BUFT 1, C4<1111>, C4<0>, C4<0>, C4<0>;
v000001cddefb0b60_0 .net/2u *"_ivl_0", 3 0, L_000001cddefc0498;  1 drivers
L_000001cddefc0528 .functor BUFT 1, C4<1111>, C4<0>, C4<0>, C4<0>;
v000001cddefb1ce0_0 .net/2u *"_ivl_12", 3 0, L_000001cddefc0528;  1 drivers
v000001cddefb0ca0_0 .net *"_ivl_14", 0 0, L_000001cddefbeb20;  1 drivers
v000001cddefb0480_0 .net *"_ivl_16", 31 0, L_000001cddefbd0e0;  1 drivers
v000001cddefb0520_0 .net *"_ivl_18", 5 0, L_000001cddefbdd60;  1 drivers
v000001cddefb7640_0 .net *"_ivl_2", 0 0, L_000001cddefbd680;  1 drivers
L_000001cddefc0570 .functor BUFT 1, C4<00>, C4<0>, C4<0>, C4<0>;
v000001cddefb7f00_0 .net *"_ivl_21", 1 0, L_000001cddefc0570;  1 drivers
v000001cddefb6740_0 .net *"_ivl_4", 31 0, L_000001cddefbd4a0;  1 drivers
v000001cddefb76e0_0 .net *"_ivl_6", 5 0, L_000001cddefbcd20;  1 drivers
L_000001cddefc04e0 .functor BUFT 1, C4<00>, C4<0>, C4<0>, C4<0>;
v000001cddefb6a60_0 .net *"_ivl_9", 1 0, L_000001cddefc04e0;  1 drivers
v000001cddefb7be0_0 .net "clk", 0 0, v000001cddefb84d0_0;  alias, 1 drivers
v000001cddefb7960_0 .net "r15", 31 0, L_000001cddefbdf40;  alias, 1 drivers
v000001cddefb6e20_0 .net "ra1", 3 0, L_000001cddefbe120;  alias, 1 drivers
v000001cddefb7dc0_0 .net "ra2", 3 0, L_000001cddefbdcc0;  alias, 1 drivers
v000001cddefb80e0_0 .net "rd1", 31 0, L_000001cddefbd720;  alias, 1 drivers
v000001cddefb6380_0 .net "rd2", 31 0, L_000001cddefbd900;  alias, 1 drivers
v000001cddefb7e60 .array "rf", 0 14, 31 0;
v000001cddefb7aa0_0 .net "wa3", 3 0, L_000001cddefbe620;  1 drivers
v000001cddefb7a00_0 .net "wa4", 3 0, L_000001cddefbd180;  1 drivers
v000001cddefb6f60_0 .net "wd3", 31 0, L_000001cddefbd9a0;  alias, 1 drivers
v000001cddefb6ba0_0 .net "wd4", 31 0, v000001cddefa5490_0;  alias, 1 drivers
v000001cddefb67e0_0 .net "we3", 0 0, L_000001cddef3a710;  alias, 1 drivers
v000001cddefb7780_0 .net "we4", 0 0, v000001cddefa4630_0;  alias, 1 drivers
E_000001cddef35a90 .event posedge, v000001cddef9e930_0;
L_000001cddefbd680 .cmp/eq 4, L_000001cddefbe120, L_000001cddefc0498;
L_000001cddefbd4a0 .array/port v000001cddefb7e60, L_000001cddefbcd20;
L_000001cddefbcd20 .concat [ 4 2 0 0], L_000001cddefbe120, L_000001cddefc04e0;
L_000001cddefbd720 .functor MUXZ 32, L_000001cddefbd4a0, L_000001cddefbdf40, L_000001cddefbd680, C4<>;
L_000001cddefbeb20 .cmp/eq 4, L_000001cddefbdcc0, L_000001cddefc0528;
L_000001cddefbd0e0 .array/port v000001cddefb7e60, L_000001cddefbdd60;
L_000001cddefbdd60 .concat [ 4 2 0 0], L_000001cddefbdcc0, L_000001cddefc0570;
L_000001cddefbd900 .functor MUXZ 32, L_000001cddefbd0e0, L_000001cddefbdf40, L_000001cddefbeb20, C4<>;
S_000001cddefb3b30 .scope module, "srcbmux" "mux2" 11 119, 9 1 0, S_000001cddeea2440;
 .timescale 0 0;
    .port_info 0 /INPUT 32 "d0";
    .port_info 1 /INPUT 32 "d1";
    .port_info 2 /INPUT 1 "s";
    .port_info 3 /OUTPUT 32 "y";
P_000001cddef35b50 .param/l "WIDTH" 0 9 7, +C4<00000000000000000000000000100000>;
v000001cddefb7fa0_0 .net "d0", 31 0, L_000001cddefbd900;  alias, 1 drivers
v000001cddefb78c0_0 .net "d1", 31 0, v000001cddefa7400_0;  alias, 1 drivers
v000001cddefb6ec0_0 .net "s", 0 0, L_000001cddefbe8a0;  alias, 1 drivers
v000001cddefb6b00_0 .net "y", 31 0, L_000001cddefbdfe0;  alias, 1 drivers
L_000001cddefbdfe0 .functor MUXZ 32, L_000001cddefbd900, v000001cddefa7400_0, L_000001cddefbe8a0, C4<>;
S_000001cddefb3fe0 .scope module, "dmem" "dmem" 3 34, 18 1 0, S_000001cddeeead20;
 .timescale 0 0;
    .port_info 0 /INPUT 1 "clk";
    .port_info 1 /INPUT 1 "we";
    .port_info 2 /INPUT 32 "a";
    .port_info 3 /INPUT 32 "wd";
    .port_info 4 /OUTPUT 32 "rd";
L_000001cddef3aa90 .functor BUFZ 32, L_000001cddefbf2a0, C4<00000000000000000000000000000000>, C4<00000000000000000000000000000000>, C4<00000000000000000000000000000000>;
v000001cddefb8e30 .array "RAM", 0 63, 31 0;
v000001cddefb8750_0 .net *"_ivl_0", 31 0, L_000001cddefbf2a0;  1 drivers
v000001cddefb8610_0 .net *"_ivl_3", 29 0, L_000001cddefbf520;  1 drivers
v000001cddefb9e70_0 .net "a", 31 0, L_000001cddefc0100;  alias, 1 drivers
v000001cddefba0f0_0 .net "clk", 0 0, v000001cddefb84d0_0;  alias, 1 drivers
v000001cddefb9830_0 .net "rd", 31 0, L_000001cddef3aa90;  alias, 1 drivers
v000001cddefb93d0_0 .net "wd", 31 0, L_000001cddefbd900;  alias, 1 drivers
v000001cddefb8bb0_0 .net "we", 0 0, L_000001cddef3ac50;  alias, 1 drivers
L_000001cddefbf2a0 .array/port v000001cddefb8e30, L_000001cddefbf520;
L_000001cddefbf520 .part L_000001cddefc0100, 2, 30;
S_000001cddefba9e0 .scope module, "imem" "imem" 3 30, 19 1 0, S_000001cddeeead20;
 .timescale 0 0;
    .port_info 0 /INPUT 32 "a";
    .port_info 1 /OUTPUT 32 "rd";
L_000001cddef3a160 .functor BUFZ 32, L_000001cddefbf660, C4<00000000000000000000000000000000>, C4<00000000000000000000000000000000>, C4<00000000000000000000000000000000>;
v000001cddefb8430 .array "RAM", 0 63, 31 0;
v000001cddefb8890_0 .net *"_ivl_0", 31 0, L_000001cddefbf660;  1 drivers
v000001cddefb9470_0 .net *"_ivl_3", 29 0, L_000001cddefc01a0;  1 drivers
v000001cddefb8c50_0 .net "a", 31 0, v000001cddefb16a0_0;  alias, 1 drivers
v000001cddefb9f10_0 .net "rd", 31 0, L_000001cddef3a160;  alias, 1 drivers
L_000001cddefbf660 .array/port v000001cddefb8430, L_000001cddefc01a0;
L_000001cddefc01a0 .part v000001cddefb16a0_0, 2, 30;
    .scope S_000001cddee81c90;
T_0 ;
    %wait E_000001cddef35690;
    %load/vec4 v000001cddefa48b0_0;
    %dup/vec4;
    %pushi/vec4 0, 0, 2;
    %cmp/x;
    %jmp/1 T_0.0, 4;
    %dup/vec4;
    %pushi/vec4 1, 0, 2;
    %cmp/x;
    %jmp/1 T_0.1, 4;
    %dup/vec4;
    %pushi/vec4 2, 0, 2;
    %cmp/x;
    %jmp/1 T_0.2, 4;
    %dup/vec4;
    %pushi/vec4 3, 0, 2;
    %cmp/x;
    %jmp/1 T_0.3, 4;
    %pushi/vec4 2047, 2047, 11;
    %store/vec4 v000001cddefa5cb0_0, 0, 11;
    %jmp T_0.5;
T_0.0 ;
    %load/vec4 v000001cddef9e750_0;
    %parti/s 1, 5, 4;
    %flag_set/vec4 8;
    %jmp/0xz  T_0.6, 8;
    %pushi/vec4 82, 0, 11;
    %store/vec4 v000001cddefa5cb0_0, 0, 11;
    %jmp T_0.7;
T_0.6 ;
    %pushi/vec4 18, 0, 11;
    %store/vec4 v000001cddefa5cb0_0, 0, 11;
T_0.7 ;
    %jmp T_0.5;
T_0.1 ;
    %load/vec4 v000001cddef9e750_0;
    %parti/s 1, 0, 2;
    %flag_set/vec4 8;
    %jmp/0xz  T_0.8, 8;
    %pushi/vec4 240, 0, 11;
    %store/vec4 v000001cddefa5cb0_0, 0, 11;
    %jmp T_0.9;
T_0.8 ;
    %pushi/vec4 1256, 0, 11;
    %store/vec4 v000001cddefa5cb0_0, 0, 11;
T_0.9 ;
    %jmp T_0.5;
T_0.2 ;
    %pushi/vec4 836, 0, 11;
    %store/vec4 v000001cddefa5cb0_0, 0, 11;
    %jmp T_0.5;
T_0.3 ;
    %pushi/vec4 17, 0, 11;
    %store/vec4 v000001cddefa5cb0_0, 0, 11;
    %jmp T_0.5;
T_0.5 ;
    %pop/vec4 1;
    %jmp T_0;
    .thread T_0, $push;
    .scope S_000001cddee81c90;
T_1 ;
    %wait E_000001cddef35d50;
    %load/vec4 v000001cddef9fc90_0;
    %flag_set/vec4 8;
    %jmp/0xz  T_1.0, 8;
    %load/vec4 v000001cddefa4810_0;
    %cmpi/e 9, 0, 4;
    %jmp/0xz  T_1.2, 4;
    %load/vec4 v000001cddef9e750_0;
    %parti/s 3, 1, 2;
    %dup/vec4;
    %pushi/vec4 0, 0, 3;
    %cmp/u;
    %jmp/1 T_1.4, 6;
    %dup/vec4;
    %pushi/vec4 4, 0, 3;
    %cmp/u;
    %jmp/1 T_1.5, 6;
    %dup/vec4;
    %pushi/vec4 6, 0, 3;
    %cmp/u;
    %jmp/1 T_1.6, 6;
    %pushi/vec4 7, 7, 3;
    %store/vec4 v000001cddef9f830_0, 0, 3;
    %pushi/vec4 0, 0, 1;
    %store/vec4 v000001cddefa4630_0, 0, 1;
    %jmp T_1.8;
T_1.4 ;
    %pushi/vec4 4, 0, 3;
    %store/vec4 v000001cddef9f830_0, 0, 3;
    %pushi/vec4 0, 0, 1;
    %store/vec4 v000001cddefa4630_0, 0, 1;
    %jmp T_1.8;
T_1.5 ;
    %pushi/vec4 5, 0, 3;
    %store/vec4 v000001cddef9f830_0, 0, 3;
    %pushi/vec4 1, 0, 1;
    %store/vec4 v000001cddefa4630_0, 0, 1;
    %jmp T_1.8;
T_1.6 ;
    %pushi/vec4 6, 0, 3;
    %store/vec4 v000001cddef9f830_0, 0, 3;
    %pushi/vec4 1, 0, 1;
    %store/vec4 v000001cddefa4630_0, 0, 1;
    %jmp T_1.8;
T_1.8 ;
    %pop/vec4 1;
    %jmp T_1.3;
T_1.2 ;
    %load/vec4 v000001cddef9e750_0;
    %parti/s 4, 1, 2;
    %dup/vec4;
    %pushi/vec4 4, 0, 4;
    %cmp/u;
    %jmp/1 T_1.9, 6;
    %dup/vec4;
    %pushi/vec4 2, 0, 4;
    %cmp/u;
    %jmp/1 T_1.10, 6;
    %dup/vec4;
    %pushi/vec4 0, 0, 4;
    %cmp/u;
    %jmp/1 T_1.11, 6;
    %dup/vec4;
    %pushi/vec4 12, 0, 4;
    %cmp/u;
    %jmp/1 T_1.12, 6;
    %pushi/vec4 7, 7, 3;
    %store/vec4 v000001cddef9f830_0, 0, 3;
    %jmp T_1.14;
T_1.9 ;
    %pushi/vec4 0, 0, 3;
    %store/vec4 v000001cddef9f830_0, 0, 3;
    %jmp T_1.14;
T_1.10 ;
    %pushi/vec4 1, 0, 3;
    %store/vec4 v000001cddef9f830_0, 0, 3;
    %jmp T_1.14;
T_1.11 ;
    %pushi/vec4 2, 0, 3;
    %store/vec4 v000001cddef9f830_0, 0, 3;
    %jmp T_1.14;
T_1.12 ;
    %pushi/vec4 3, 0, 3;
    %store/vec4 v000001cddef9f830_0, 0, 3;
    %jmp T_1.14;
T_1.14 ;
    %pop/vec4 1;
    %pushi/vec4 0, 0, 1;
    %store/vec4 v000001cddefa4630_0, 0, 1;
T_1.3 ;
    %load/vec4 v000001cddef9e750_0;
    %parti/s 1, 0, 2;
    %ix/load 4, 1, 0;
    %flag_set/imm 4, 0;
    %store/vec4 v000001cddef9e6b0_0, 4, 1;
    %load/vec4 v000001cddef9e750_0;
    %parti/s 1, 0, 2;
    %load/vec4 v000001cddef9f830_0;
    %pushi/vec4 0, 0, 3;
    %cmp/e;
    %flag_get/vec4 4;
    %load/vec4 v000001cddef9f830_0;
    %pushi/vec4 1, 0, 3;
    %cmp/e;
    %flag_get/vec4 4;
    %or;
    %and;
    %ix/load 4, 0, 0;
    %flag_set/imm 4, 0;
    %store/vec4 v000001cddef9e6b0_0, 4, 1;
    %jmp T_1.1;
T_1.0 ;
    %pushi/vec4 0, 0, 3;
    %store/vec4 v000001cddef9f830_0, 0, 3;
    %pushi/vec4 0, 0, 2;
    %store/vec4 v000001cddef9e6b0_0, 0, 2;
    %pushi/vec4 0, 0, 1;
    %store/vec4 v000001cddefa4630_0, 0, 1;
T_1.1 ;
    %jmp T_1;
    .thread T_1, $push;
    .scope S_000001cddee81c90;
T_2 ;
    %wait E_000001cddef35c10;
    %load/vec4 v000001cddefa4590_0;
    %flag_set/vec4 8;
    %jmp/0xz  T_2.0, 8;
    %load/vec4 v000001cddef9e750_0;
    %parti/s 4, 1, 2;
    %dup/vec4;
    %pushi/vec4 0, 0, 4;
    %cmp/u;
    %jmp/1 T_2.2, 6;
    %dup/vec4;
    %pushi/vec4 1, 0, 4;
    %cmp/u;
    %jmp/1 T_2.3, 6;
    %dup/vec4;
    %pushi/vec4 2, 0, 4;
    %cmp/u;
    %jmp/1 T_2.4, 6;
    %dup/vec4;
    %pushi/vec4 3, 0, 4;
    %cmp/u;
    %jmp/1 T_2.5, 6;
    %pushi/vec4 3, 3, 2;
    %store/vec4 v000001cddef9e2f0_0, 0, 2;
    %jmp T_2.7;
T_2.2 ;
    %pushi/vec4 0, 0, 2;
    %store/vec4 v000001cddef9e2f0_0, 0, 2;
    %jmp T_2.7;
T_2.3 ;
    %pushi/vec4 1, 0, 2;
    %store/vec4 v000001cddef9e2f0_0, 0, 2;
    %jmp T_2.7;
T_2.4 ;
    %pushi/vec4 2, 0, 2;
    %store/vec4 v000001cddef9e2f0_0, 0, 2;
    %jmp T_2.7;
T_2.5 ;
    %pushi/vec4 3, 0, 2;
    %store/vec4 v000001cddef9e2f0_0, 0, 2;
    %jmp T_2.7;
T_2.7 ;
    %pop/vec4 1;
    %load/vec4 v000001cddef9e750_0;
    %parti/s 1, 0, 2;
    %ix/load 4, 1, 0;
    %flag_set/imm 4, 0;
    %store/vec4 v000001cddef9e390_0, 4, 1;
    %pushi/vec4 0, 0, 1;
    %ix/load 4, 0, 0;
    %flag_set/imm 4, 0;
    %store/vec4 v000001cddef9e390_0, 4, 1;
    %jmp T_2.1;
T_2.0 ;
    %pushi/vec4 0, 0, 2;
    %store/vec4 v000001cddef9e2f0_0, 0, 2;
    %pushi/vec4 0, 0, 2;
    %store/vec4 v000001cddef9e390_0, 0, 2;
T_2.1 ;
    %jmp T_2;
    .thread T_2, $push;
    .scope S_000001cddee9cd00;
T_3 ;
    %wait E_000001cddef35890;
    %load/vec4 v000001cddef9ea70_0;
    %flag_set/vec4 8;
    %jmp/0xz  T_3.0, 8;
    %pushi/vec4 0, 0, 2;
    %assign/vec4 v000001cddef9eed0_0, 0;
    %jmp T_3.1;
T_3.0 ;
    %load/vec4 v000001cddef9ffb0_0;
    %flag_set/vec4 8;
    %jmp/0xz  T_3.2, 8;
    %load/vec4 v000001cddefa0190_0;
    %assign/vec4 v000001cddef9eed0_0, 0;
T_3.2 ;
T_3.1 ;
    %jmp T_3;
    .thread T_3;
    .scope S_000001cddee9f580;
T_4 ;
    %wait E_000001cddef35890;
    %load/vec4 v000001cddef9ff10_0;
    %flag_set/vec4 8;
    %jmp/0xz  T_4.0, 8;
    %pushi/vec4 0, 0, 2;
    %assign/vec4 v000001cddef9e4d0_0, 0;
    %jmp T_4.1;
T_4.0 ;
    %load/vec4 v000001cddef9e9d0_0;
    %flag_set/vec4 8;
    %jmp/0xz  T_4.2, 8;
    %load/vec4 v000001cddef9ec50_0;
    %assign/vec4 v000001cddef9e4d0_0, 0;
T_4.2 ;
T_4.1 ;
    %jmp T_4;
    .thread T_4;
    .scope S_000001cddee9f3f0;
T_5 ;
    %wait E_000001cddef347d0;
    %load/vec4 v000001cddef158a0_0;
    %dup/vec4;
    %pushi/vec4 0, 0, 4;
    %cmp/u;
    %jmp/1 T_5.0, 6;
    %dup/vec4;
    %pushi/vec4 1, 0, 4;
    %cmp/u;
    %jmp/1 T_5.1, 6;
    %dup/vec4;
    %pushi/vec4 2, 0, 4;
    %cmp/u;
    %jmp/1 T_5.2, 6;
    %dup/vec4;
    %pushi/vec4 3, 0, 4;
    %cmp/u;
    %jmp/1 T_5.3, 6;
    %dup/vec4;
    %pushi/vec4 4, 0, 4;
    %cmp/u;
    %jmp/1 T_5.4, 6;
    %dup/vec4;
    %pushi/vec4 5, 0, 4;
    %cmp/u;
    %jmp/1 T_5.5, 6;
    %dup/vec4;
    %pushi/vec4 6, 0, 4;
    %cmp/u;
    %jmp/1 T_5.6, 6;
    %dup/vec4;
    %pushi/vec4 7, 0, 4;
    %cmp/u;
    %jmp/1 T_5.7, 6;
    %dup/vec4;
    %pushi/vec4 8, 0, 4;
    %cmp/u;
    %jmp/1 T_5.8, 6;
    %dup/vec4;
    %pushi/vec4 9, 0, 4;
    %cmp/u;
    %jmp/1 T_5.9, 6;
    %dup/vec4;
    %pushi/vec4 10, 0, 4;
    %cmp/u;
    %jmp/1 T_5.10, 6;
    %dup/vec4;
    %pushi/vec4 11, 0, 4;
    %cmp/u;
    %jmp/1 T_5.11, 6;
    %dup/vec4;
    %pushi/vec4 12, 0, 4;
    %cmp/u;
    %jmp/1 T_5.12, 6;
    %dup/vec4;
    %pushi/vec4 13, 0, 4;
    %cmp/u;
    %jmp/1 T_5.13, 6;
    %dup/vec4;
    %pushi/vec4 14, 0, 4;
    %cmp/u;
    %jmp/1 T_5.14, 6;
    %pushi/vec4 1, 1, 1;
    %store/vec4 v000001cddef16ac0_0, 0, 1;
    %jmp T_5.16;
T_5.0 ;
    %load/vec4 v000001cddef9ef70_0;
    %store/vec4 v000001cddef16ac0_0, 0, 1;
    %jmp T_5.16;
T_5.1 ;
    %load/vec4 v000001cddef9ef70_0;
    %inv;
    %store/vec4 v000001cddef16ac0_0, 0, 1;
    %jmp T_5.16;
T_5.2 ;
    %load/vec4 v000001cddeead980_0;
    %store/vec4 v000001cddef16ac0_0, 0, 1;
    %jmp T_5.16;
T_5.3 ;
    %load/vec4 v000001cddeead980_0;
    %inv;
    %store/vec4 v000001cddef16ac0_0, 0, 1;
    %jmp T_5.16;
T_5.4 ;
    %load/vec4 v000001cddef9ecf0_0;
    %store/vec4 v000001cddef16ac0_0, 0, 1;
    %jmp T_5.16;
T_5.5 ;
    %load/vec4 v000001cddef9ecf0_0;
    %inv;
    %store/vec4 v000001cddef16ac0_0, 0, 1;
    %jmp T_5.16;
T_5.6 ;
    %load/vec4 v000001cddef9fb50_0;
    %store/vec4 v000001cddef16ac0_0, 0, 1;
    %jmp T_5.16;
T_5.7 ;
    %load/vec4 v000001cddef9fb50_0;
    %inv;
    %store/vec4 v000001cddef16ac0_0, 0, 1;
    %jmp T_5.16;
T_5.8 ;
    %load/vec4 v000001cddeead980_0;
    %load/vec4 v000001cddef9ef70_0;
    %inv;
    %and;
    %store/vec4 v000001cddef16ac0_0, 0, 1;
    %jmp T_5.16;
T_5.9 ;
    %load/vec4 v000001cddeead980_0;
    %load/vec4 v000001cddef9ef70_0;
    %inv;
    %and;
    %inv;
    %store/vec4 v000001cddef16ac0_0, 0, 1;
    %jmp T_5.16;
T_5.10 ;
    %load/vec4 v000001cddef262a0_0;
    %store/vec4 v000001cddef16ac0_0, 0, 1;
    %jmp T_5.16;
T_5.11 ;
    %load/vec4 v000001cddef262a0_0;
    %inv;
    %store/vec4 v000001cddef16ac0_0, 0, 1;
    %jmp T_5.16;
T_5.12 ;
    %load/vec4 v000001cddef9ef70_0;
    %inv;
    %load/vec4 v000001cddef262a0_0;
    %and;
    %store/vec4 v000001cddef16ac0_0, 0, 1;
    %jmp T_5.16;
T_5.13 ;
    %load/vec4 v000001cddef9ef70_0;
    %inv;
    %load/vec4 v000001cddef262a0_0;
    %and;
    %inv;
    %store/vec4 v000001cddef16ac0_0, 0, 1;
    %jmp T_5.16;
T_5.14 ;
    %pushi/vec4 1, 0, 1;
    %store/vec4 v000001cddef16ac0_0, 0, 1;
    %jmp T_5.16;
T_5.16 ;
    %pop/vec4 1;
    %jmp T_5;
    .thread T_5, $push;
    .scope S_000001cddefb3680;
T_6 ;
    %wait E_000001cddef35890;
    %load/vec4 v000001cddefb1060_0;
    %flag_set/vec4 8;
    %jmp/0xz  T_6.0, 8;
    %pushi/vec4 0, 0, 32;
    %assign/vec4 v000001cddefb16a0_0, 0;
    %jmp T_6.1;
T_6.0 ;
    %load/vec4 v000001cddefb1ba0_0;
    %assign/vec4 v000001cddefb16a0_0, 0;
T_6.1 ;
    %jmp T_6;
    .thread T_6;
    .scope S_000001cddefb39a0;
T_7 ;
    %wait E_000001cddef35a90;
    %load/vec4 v000001cddefb67e0_0;
    %flag_set/vec4 8;
    %jmp/0xz  T_7.0, 8;
    %load/vec4 v000001cddefb6f60_0;
    %load/vec4 v000001cddefb7aa0_0;
    %pad/u 6;
    %ix/vec4 3;
    %ix/load 4, 0, 0; Constant delay
    %assign/vec4/a/d v000001cddefb7e60, 0, 4;
T_7.0 ;
    %load/vec4 v000001cddefb7780_0;
    %flag_set/vec4 8;
    %jmp/0xz  T_7.2, 8;
    %load/vec4 v000001cddefb6ba0_0;
    %load/vec4 v000001cddefb7a00_0;
    %pad/u 6;
    %ix/vec4 3;
    %ix/load 4, 0, 0; Constant delay
    %assign/vec4/a/d v000001cddefb7e60, 0, 4;
T_7.2 ;
    %jmp T_7;
    .thread T_7;
    .scope S_000001cddeeccea0;
T_8 ;
    %wait E_000001cddef35390;
    %load/vec4 v000001cddefa7d60_0;
    %dup/vec4;
    %pushi/vec4 0, 0, 2;
    %cmp/u;
    %jmp/1 T_8.0, 6;
    %dup/vec4;
    %pushi/vec4 1, 0, 2;
    %cmp/u;
    %jmp/1 T_8.1, 6;
    %dup/vec4;
    %pushi/vec4 2, 0, 2;
    %cmp/u;
    %jmp/1 T_8.2, 6;
    %pushi/vec4 4294967295, 4294967295, 32;
    %store/vec4 v000001cddefa7400_0, 0, 32;
    %jmp T_8.4;
T_8.0 ;
    %pushi/vec4 0, 0, 24;
    %load/vec4 v000001cddefa75e0_0;
    %parti/s 8, 0, 2;
    %concat/vec4; draw_concat_vec4
    %store/vec4 v000001cddefa7400_0, 0, 32;
    %jmp T_8.4;
T_8.1 ;
    %pushi/vec4 0, 0, 20;
    %load/vec4 v000001cddefa75e0_0;
    %parti/s 12, 0, 2;
    %concat/vec4; draw_concat_vec4
    %store/vec4 v000001cddefa7400_0, 0, 32;
    %jmp T_8.4;
T_8.2 ;
    %load/vec4 v000001cddefa75e0_0;
    %parti/s 1, 23, 6;
    %replicate 6;
    %load/vec4 v000001cddefa75e0_0;
    %concat/vec4; draw_concat_vec4
    %concati/vec4 0, 0, 2;
    %store/vec4 v000001cddefa7400_0, 0, 32;
    %jmp T_8.4;
T_8.4 ;
    %pop/vec4 1;
    %jmp T_8;
    .thread T_8, $push;
    .scope S_000001cddeea2710;
T_9 ;
    %wait E_000001cddef35e10;
    %load/vec4 v000001cddefa57b0_0;
    %dup/vec4;
    %pushi/vec4 0, 1, 3;
    %cmp/x;
    %jmp/1 T_9.0, 4;
    %dup/vec4;
    %pushi/vec4 2, 0, 3;
    %cmp/x;
    %jmp/1 T_9.1, 4;
    %dup/vec4;
    %pushi/vec4 3, 0, 3;
    %cmp/x;
    %jmp/1 T_9.2, 4;
    %dup/vec4;
    %pushi/vec4 4, 0, 3;
    %cmp/x;
    %jmp/1 T_9.3, 4;
    %dup/vec4;
    %pushi/vec4 5, 0, 3;
    %cmp/x;
    %jmp/1 T_9.4, 4;
    %dup/vec4;
    %pushi/vec4 6, 0, 3;
    %cmp/x;
    %jmp/1 T_9.5, 4;
    %jmp T_9.6;
T_9.0 ;
    %load/vec4 v000001cddefa68c0_0;
    %pad/u 32;
    %store/vec4 v000001cddefa6110_0, 0, 32;
    %jmp T_9.6;
T_9.1 ;
    %load/vec4 v000001cddefa77c0_0;
    %load/vec4 v000001cddefa7fe0_0;
    %and;
    %store/vec4 v000001cddefa6110_0, 0, 32;
    %jmp T_9.6;
T_9.2 ;
    %load/vec4 v000001cddefa77c0_0;
    %load/vec4 v000001cddefa7fe0_0;
    %or;
    %store/vec4 v000001cddefa6110_0, 0, 32;
    %jmp T_9.6;
T_9.3 ;
    %load/vec4 v000001cddefa77c0_0;
    %load/vec4 v000001cddefa7fe0_0;
    %mul;
    %store/vec4 v000001cddefa6110_0, 0, 32;
    %jmp T_9.6;
T_9.4 ;
    %load/vec4 v000001cddefa77c0_0;
    %pad/u 64;
    %load/vec4 v000001cddefa7fe0_0;
    %pad/u 64;
    %mul;
    %split/vec4 32;
    %store/vec4 v000001cddefa5490_0, 0, 32;
    %store/vec4 v000001cddefa6110_0, 0, 32;
    %jmp T_9.6;
T_9.5 ;
    %load/vec4 v000001cddefa72c0_0;
    %pad/s 64;
    %load/vec4 v000001cddefa6640_0;
    %pad/s 64;
    %mul;
    %split/vec4 32;
    %store/vec4 v000001cddefa5490_0, 0, 32;
    %store/vec4 v000001cddefa6110_0, 0, 32;
    %jmp T_9.6;
T_9.6 ;
    %pop/vec4 1;
    %jmp T_9;
    .thread T_9, $push;
    .scope S_000001cddee925d0;
T_10 ;
    %wait E_000001cddef35450;
    %load/vec4 v000001cddefa6b40_0;
    %store/vec4 v000001cddefa7c20_0, 0, 2;
    %load/vec4 v000001cddefa6b40_0;
    %parti/s 1, 0, 2;
    %flag_set/vec4 8;
    %jmp/0 T_10.0, 8;
    %load/vec4 v000001cddefa66e0_0;
    %parti/s 1, 31, 6;
    %jmp/1 T_10.1, 8;
T_10.0 ; End of true expr.
    %load/vec4 v000001cddefa66e0_0;
    %parti/s 1, 15, 5;
    %jmp/0 T_10.1, 8;
 ; End of false expr.
    %blend;
T_10.1;
    %store/vec4 v000001cddefb0840_0, 0, 1;
    %load/vec4 v000001cddefa6b40_0;
    %parti/s 1, 0, 2;
    %flag_set/vec4 8;
    %jmp/0 T_10.2, 8;
    %load/vec4 v000001cddefa7ae0_0;
    %parti/s 1, 31, 6;
    %jmp/1 T_10.3, 8;
T_10.2 ; End of true expr.
    %load/vec4 v000001cddefa7ae0_0;
    %parti/s 1, 15, 5;
    %jmp/0 T_10.3, 8;
 ; End of false expr.
    %blend;
T_10.3;
    %store/vec4 v000001cddefb0a20_0, 0, 1;
    %load/vec4 v000001cddefa6b40_0;
    %parti/s 1, 0, 2;
    %flag_set/vec4 8;
    %jmp/0 T_10.4, 8;
    %pushi/vec4 0, 0, 24;
    %load/vec4 v000001cddefa66e0_0;
    %parti/s 8, 23, 6;
    %concat/vec4; draw_concat_vec4
    %jmp/1 T_10.5, 8;
T_10.4 ; End of true expr.
    %pushi/vec4 0, 0, 27;
    %load/vec4 v000001cddefa66e0_0;
    %parti/s 5, 10, 5;
    %concat/vec4; draw_concat_vec4
    %jmp/0 T_10.5, 8;
 ; End of false expr.
    %blend;
T_10.5;
    %store/vec4 v000001cddefa7cc0_0, 0, 32;
    %load/vec4 v000001cddefa6b40_0;
    %parti/s 1, 0, 2;
    %flag_set/vec4 8;
    %jmp/0 T_10.6, 8;
    %pushi/vec4 0, 0, 24;
    %load/vec4 v000001cddefa7ae0_0;
    %parti/s 8, 23, 6;
    %concat/vec4; draw_concat_vec4
    %jmp/1 T_10.7, 8;
T_10.6 ; End of true expr.
    %pushi/vec4 0, 0, 27;
    %load/vec4 v000001cddefa7ae0_0;
    %parti/s 5, 10, 5;
    %concat/vec4; draw_concat_vec4
    %jmp/0 T_10.7, 8;
 ; End of false expr.
    %blend;
T_10.7;
    %store/vec4 v000001cddefb0700_0, 0, 32;
    %load/vec4 v000001cddefa6b40_0;
    %parti/s 1, 0, 2;
    %flag_set/vec4 8;
    %jmp/0 T_10.8, 8;
    %pushi/vec4 1, 0, 9;
    %load/vec4 v000001cddefa66e0_0;
    %parti/s 23, 0, 2;
    %concat/vec4; draw_concat_vec4
    %jmp/1 T_10.9, 8;
T_10.8 ; End of true expr.
    %pushi/vec4 1, 0, 22;
    %load/vec4 v000001cddefa66e0_0;
    %parti/s 10, 0, 2;
    %concat/vec4; draw_concat_vec4
    %jmp/0 T_10.9, 8;
 ; End of false expr.
    %blend;
T_10.9;
    %store/vec4 v000001cddefb17e0_0, 0, 32;
    %load/vec4 v000001cddefa6b40_0;
    %parti/s 1, 0, 2;
    %flag_set/vec4 8;
    %jmp/0 T_10.10, 8;
    %pushi/vec4 1, 0, 9;
    %load/vec4 v000001cddefa7ae0_0;
    %parti/s 23, 0, 2;
    %concat/vec4; draw_concat_vec4
    %jmp/1 T_10.11, 8;
T_10.10 ; End of true expr.
    %pushi/vec4 1, 0, 22;
    %load/vec4 v000001cddefa7ae0_0;
    %parti/s 10, 0, 2;
    %concat/vec4; draw_concat_vec4
    %jmp/0 T_10.11, 8;
 ; End of false expr.
    %blend;
T_10.11;
    %store/vec4 v000001cddefb0ac0_0, 0, 32;
    %load/vec4 v000001cddefa6b40_0;
    %parti/s 1, 1, 2;
    %inv;
    %flag_set/vec4 8;
    %jmp/0xz  T_10.12, 8;
    %load/vec4 v000001cddefa66e0_0;
    %pushi/vec4 0, 0, 32;
    %cmp/e;
    %flag_get/vec4 4;
    %load/vec4 v000001cddefa7ae0_0;
    %pushi/vec4 0, 0, 32;
    %cmp/ne;
    %flag_get/vec4 4;
    %and;
    %flag_set/vec4 8;
    %load/vec4 v000001cddefa66e0_0;
    %pushi/vec4 0, 0, 32;
    %cmp/ne;
    %flag_get/vec4 4;
    %load/vec4 v000001cddefa7ae0_0;
    %pushi/vec4 0, 0, 32;
    %cmp/e;
    %flag_get/vec4 4;
    %and;
    %flag_set/vec4 9;
    %flag_or 9, 8;
    %jmp/0xz  T_10.14, 9;
    %load/vec4 v000001cddefa66e0_0;
    %cmpi/e 0, 0, 32;
    %flag_mov 8, 4;
    %jmp/0 T_10.16, 8;
    %load/vec4 v000001cddefb0a20_0;
    %jmp/1 T_10.17, 8;
T_10.16 ; End of true expr.
    %load/vec4 v000001cddefb0840_0;
    %jmp/0 T_10.17, 8;
 ; End of false expr.
    %blend;
T_10.17;
    %store/vec4 v000001cddefb1880_0, 0, 1;
    %load/vec4 v000001cddefa66e0_0;
    %cmpi/e 0, 0, 32;
    %flag_mov 8, 4;
    %jmp/0 T_10.18, 8;
    %load/vec4 v000001cddefb0700_0;
    %jmp/1 T_10.19, 8;
T_10.18 ; End of true expr.
    %load/vec4 v000001cddefa7cc0_0;
    %jmp/0 T_10.19, 8;
 ; End of false expr.
    %blend;
T_10.19;
    %store/vec4 v000001cddefb1380_0, 0, 32;
    %load/vec4 v000001cddefa66e0_0;
    %cmpi/e 0, 0, 32;
    %flag_mov 8, 4;
    %jmp/0 T_10.20, 8;
    %load/vec4 v000001cddefb0ac0_0;
    %jmp/1 T_10.21, 8;
T_10.20 ; End of true expr.
    %load/vec4 v000001cddefb17e0_0;
    %jmp/0 T_10.21, 8;
 ; End of false expr.
    %blend;
T_10.21;
    %store/vec4 v000001cddefb2000_0, 0, 32;
    %jmp T_10.15;
T_10.14 ;
    %load/vec4 v000001cddefa66e0_0;
    %pushi/vec4 0, 0, 32;
    %cmp/e;
    %flag_get/vec4 4;
    %load/vec4 v000001cddefa7ae0_0;
    %pushi/vec4 0, 0, 32;
    %cmp/e;
    %flag_get/vec4 4;
    %and;
    %flag_set/vec4 8;
    %load/vec4 v000001cddefb0840_0;
    %load/vec4 v000001cddefb0a20_0;
    %cmp/ne;
    %flag_get/vec4 4;
    %load/vec4 v000001cddefa7cc0_0;
    %load/vec4 v000001cddefb0700_0;
    %cmp/e;
    %flag_get/vec4 4;
    %and;
    %load/vec4 v000001cddefb17e0_0;
    %load/vec4 v000001cddefb0ac0_0;
    %cmp/e;
    %flag_get/vec4 4;
    %and;
    %flag_set/vec4 9;
    %flag_or 9, 8;
    %jmp/0xz  T_10.22, 9;
    %pushi/vec4 0, 0, 1;
    %store/vec4 v000001cddefb1880_0, 0, 1;
    %pushi/vec4 0, 0, 32;
    %store/vec4 v000001cddefb1380_0, 0, 32;
    %pushi/vec4 0, 0, 32;
    %store/vec4 v000001cddefb2000_0, 0, 32;
    %jmp T_10.23;
T_10.22 ;
    %load/vec4 v000001cddefb0700_0;
    %load/vec4 v000001cddefa7cc0_0;
    %cmp/u;
    %jmp/0xz  T_10.24, 5;
    %load/vec4 v000001cddefa7cc0_0;
    %store/vec4 v000001cddefb1380_0, 0, 32;
    %load/vec4 v000001cddefb0ac0_0;
    %load/vec4 v000001cddefa7cc0_0;
    %load/vec4 v000001cddefb0700_0;
    %sub;
    %ix/vec4 4;
    %shiftr 4;
    %store/vec4 v000001cddefb0ac0_0, 0, 32;
    %jmp T_10.25;
T_10.24 ;
    %load/vec4 v000001cddefb0700_0;
    %store/vec4 v000001cddefb1380_0, 0, 32;
    %load/vec4 v000001cddefb17e0_0;
    %load/vec4 v000001cddefb0700_0;
    %load/vec4 v000001cddefa7cc0_0;
    %sub;
    %ix/vec4 4;
    %shiftr 4;
    %store/vec4 v000001cddefb17e0_0, 0, 32;
T_10.25 ;
    %load/vec4 v000001cddefb0840_0;
    %load/vec4 v000001cddefb0a20_0;
    %cmp/e;
    %flag_get/vec4 4;
    %inv;
    %store/vec4 v000001cddefb20a0_0, 0, 1;
    %load/vec4 v000001cddefb20a0_0;
    %flag_set/vec4 8;
    %jmp/0xz  T_10.26, 8;
    %load/vec4 v000001cddefb0ac0_0;
    %load/vec4 v000001cddefb17e0_0;
    %cmp/u;
    %jmp/0xz  T_10.28, 5;
    %load/vec4 v000001cddefb17e0_0;
    %load/vec4 v000001cddefb0ac0_0;
    %sub;
    %store/vec4 v000001cddefb2000_0, 0, 32;
    %load/vec4 v000001cddefb0840_0;
    %store/vec4 v000001cddefb1880_0, 0, 1;
    %jmp T_10.29;
T_10.28 ;
    %load/vec4 v000001cddefb0ac0_0;
    %load/vec4 v000001cddefb17e0_0;
    %sub;
    %store/vec4 v000001cddefb2000_0, 0, 32;
    %load/vec4 v000001cddefb0a20_0;
    %store/vec4 v000001cddefb1880_0, 0, 1;
T_10.29 ;
    %jmp T_10.27;
T_10.26 ;
    %load/vec4 v000001cddefb17e0_0;
    %load/vec4 v000001cddefb0ac0_0;
    %add;
    %store/vec4 v000001cddefb2000_0, 0, 32;
    %load/vec4 v000001cddefb0840_0;
    %store/vec4 v000001cddefb1880_0, 0, 1;
T_10.27 ;
    %load/vec4 v000001cddefb20a0_0;
    %flag_set/vec4 8;
    %jmp/0xz  T_10.30, 8;
    %pushi/vec4 0, 0, 32;
    %store/vec4 v000001cddefa6780_0, 0, 32;
    %load/vec4 v000001cddefb2000_0;
    %pad/u 48;
    %store/vec4 v000001cddefa7a40_0, 0, 48;
T_10.32 ;
    %load/vec4 v000001cddefa7a40_0;
    %parti/s 1, 31, 6;
    %inv;
    %flag_set/vec4 8;
    %jmp/0xz T_10.33, 8;
    %load/vec4 v000001cddefa7a40_0;
    %ix/load 4, 1, 0;
    %flag_set/imm 4, 0;
    %shiftl 4;
    %store/vec4 v000001cddefa7a40_0, 0, 48;
    %load/vec4 v000001cddefa6780_0;
    %addi 1, 0, 32;
    %store/vec4 v000001cddefa6780_0, 0, 32;
    %jmp T_10.32;
T_10.33 ;
    %pushi/vec4 31, 0, 32;
    %load/vec4 v000001cddefa6780_0;
    %sub;
    %store/vec4 v000001cddefa6780_0, 0, 32;
    %load/vec4 v000001cddefb2000_0;
    %load/vec4 v000001cddefa6b40_0;
    %parti/s 1, 0, 2;
    %flag_set/vec4 8;
    %jmp/0 T_10.34, 8;
    %pushi/vec4 23, 0, 32;
    %jmp/1 T_10.35, 8;
T_10.34 ; End of true expr.
    %pushi/vec4 10, 0, 32;
    %jmp/0 T_10.35, 8;
 ; End of false expr.
    %blend;
T_10.35;
    %load/vec4 v000001cddefa6780_0;
    %sub;
    %ix/vec4 4;
    %shiftl 4;
    %store/vec4 v000001cddefb2000_0, 0, 32;
    %load/vec4 v000001cddefb1380_0;
    %load/vec4 v000001cddefa6b40_0;
    %parti/s 1, 0, 2;
    %flag_set/vec4 8;
    %jmp/0 T_10.36, 8;
    %pushi/vec4 23, 0, 32;
    %jmp/1 T_10.37, 8;
T_10.36 ; End of true expr.
    %pushi/vec4 10, 0, 32;
    %jmp/0 T_10.37, 8;
 ; End of false expr.
    %blend;
T_10.37;
    %load/vec4 v000001cddefa6780_0;
    %sub;
    %sub;
    %store/vec4 v000001cddefb1380_0, 0, 32;
    %jmp T_10.31;
T_10.30 ;
    %load/vec4 v000001cddefa7c20_0;
    %parti/s 1, 0, 2;
    %load/vec4 v000001cddefb2000_0;
    %parti/s 1, 24, 6;
    %pushi/vec4 1, 0, 1;
    %cmp/e;
    %flag_get/vec4 4;
    %and;
    %flag_set/vec4 8;
    %load/vec4 v000001cddefa7c20_0;
    %parti/s 1, 0, 2;
    %inv;
    %load/vec4 v000001cddefb2000_0;
    %parti/s 1, 11, 5;
    %pushi/vec4 1, 0, 1;
    %cmp/e;
    %flag_get/vec4 4;
    %and;
    %flag_set/vec4 9;
    %flag_or 9, 8;
    %jmp/0xz  T_10.38, 9;
    %load/vec4 v000001cddefb2000_0;
    %ix/load 4, 1, 0;
    %flag_set/imm 4, 0;
    %shiftr 4;
    %store/vec4 v000001cddefb2000_0, 0, 32;
    %load/vec4 v000001cddefb1380_0;
    %addi 1, 0, 32;
    %store/vec4 v000001cddefb1380_0, 0, 32;
T_10.38 ;
T_10.31 ;
    %load/vec4 v000001cddefa6b40_0;
    %parti/s 1, 0, 2;
    %flag_set/vec4 8;
    %jmp/0 T_10.40, 8;
    %load/vec4 v000001cddefb2000_0;
    %parti/s 23, 0, 2;
    %pad/u 32;
    %jmp/1 T_10.41, 8;
T_10.40 ; End of true expr.
    %load/vec4 v000001cddefb2000_0;
    %parti/s 10, 0, 2;
    %pad/u 32;
    %jmp/0 T_10.41, 8;
 ; End of false expr.
    %blend;
T_10.41;
    %store/vec4 v000001cddefb2000_0, 0, 32;
T_10.23 ;
T_10.15 ;
    %jmp T_10.13;
T_10.12 ;
    %load/vec4 v000001cddefa66e0_0;
    %cmpi/e 0, 0, 32;
    %flag_mov 8, 4;
    %load/vec4 v000001cddefa7ae0_0;
    %cmpi/e 0, 0, 32;
    %flag_or 4, 8;
    %jmp/0xz  T_10.42, 4;
    %pushi/vec4 0, 0, 1;
    %store/vec4 v000001cddefb1880_0, 0, 1;
    %pushi/vec4 0, 0, 32;
    %store/vec4 v000001cddefb1380_0, 0, 32;
    %pushi/vec4 0, 0, 32;
    %store/vec4 v000001cddefb2000_0, 0, 32;
    %jmp T_10.43;
T_10.42 ;
    %load/vec4 v000001cddefa7cc0_0;
    %load/vec4 v000001cddefb0700_0;
    %add;
    %load/vec4 v000001cddefa6b40_0;
    %parti/s 1, 0, 2;
    %flag_set/vec4 8;
    %jmp/0 T_10.44, 8;
    %pushi/vec4 127, 0, 32;
    %jmp/1 T_10.45, 8;
T_10.44 ; End of true expr.
    %pushi/vec4 15, 0, 32;
    %jmp/0 T_10.45, 8;
 ; End of false expr.
    %blend;
T_10.45;
    %sub;
    %store/vec4 v000001cddefb1380_0, 0, 32;
    %pushi/vec4 0, 0, 32;
    %store/vec4 v000001cddefb0e80_0, 0, 32;
    %pushi/vec4 0, 0, 32;
    %store/vec4 v000001cddefb0660_0, 0, 32;
T_10.46 ;
    %load/vec4 v000001cddefb17e0_0;
    %parti/s 1, 0, 2;
    %inv;
    %flag_set/vec4 8;
    %jmp/0xz T_10.47, 8;
    %load/vec4 v000001cddefb17e0_0;
    %ix/load 4, 1, 0;
    %flag_set/imm 4, 0;
    %shiftr 4;
    %store/vec4 v000001cddefb17e0_0, 0, 32;
    %load/vec4 v000001cddefb0e80_0;
    %addi 1, 0, 32;
    %store/vec4 v000001cddefb0e80_0, 0, 32;
    %jmp T_10.46;
T_10.47 ;
T_10.48 ;
    %load/vec4 v000001cddefb0ac0_0;
    %parti/s 1, 0, 2;
    %inv;
    %flag_set/vec4 8;
    %jmp/0xz T_10.49, 8;
    %load/vec4 v000001cddefb0ac0_0;
    %ix/load 4, 1, 0;
    %flag_set/imm 4, 0;
    %shiftr 4;
    %store/vec4 v000001cddefb0ac0_0, 0, 32;
    %load/vec4 v000001cddefb0660_0;
    %addi 1, 0, 32;
    %store/vec4 v000001cddefb0660_0, 0, 32;
    %jmp T_10.48;
T_10.49 ;
    %load/vec4 v000001cddefa6b40_0;
    %parti/s 1, 0, 2;
    %flag_set/vec4 8;
    %jmp/0xz  T_10.50, 8;
    %pushi/vec4 0, 0, 16;
    %load/vec4 v000001cddefb17e0_0;
    %concat/vec4; draw_concat_vec4
    %pushi/vec4 0, 0, 16;
    %load/vec4 v000001cddefb0ac0_0;
    %concat/vec4; draw_concat_vec4
    %mul;
    %store/vec4 v000001cddefb14c0_0, 0, 48;
    %jmp T_10.51;
T_10.50 ;
    %load/vec4 v000001cddefb17e0_0;
    %pad/u 48;
    %load/vec4 v000001cddefb0ac0_0;
    %pad/u 48;
    %mul;
    %store/vec4 v000001cddefb14c0_0, 0, 48;
T_10.51 ;
    %pushi/vec4 0, 0, 32;
    %store/vec4 v000001cddefa6780_0, 0, 32;
    %load/vec4 v000001cddefb14c0_0;
    %store/vec4 v000001cddefa7a40_0, 0, 48;
T_10.52 ;
    %load/vec4 v000001cddefa7a40_0;
    %parti/s 1, 47, 7;
    %inv;
    %flag_set/vec4 8;
    %jmp/0xz T_10.53, 8;
    %load/vec4 v000001cddefa7a40_0;
    %ix/load 4, 1, 0;
    %flag_set/imm 4, 0;
    %shiftl 4;
    %store/vec4 v000001cddefa7a40_0, 0, 48;
    %load/vec4 v000001cddefa6780_0;
    %addi 1, 0, 32;
    %store/vec4 v000001cddefa6780_0, 0, 32;
    %jmp T_10.52;
T_10.53 ;
    %pushi/vec4 47, 0, 32;
    %load/vec4 v000001cddefa6780_0;
    %sub;
    %store/vec4 v000001cddefa6780_0, 0, 32;
    %load/vec4 v000001cddefa6780_0;
    %addi 1, 0, 32;
    %load/vec4 v000001cddefa6b40_0;
    %parti/s 1, 0, 2;
    %flag_set/vec4 8;
    %jmp/0 T_10.56, 8;
    %pushi/vec4 23, 0, 32;
    %jmp/1 T_10.57, 8;
T_10.56 ; End of true expr.
    %pushi/vec4 10, 0, 32;
    %jmp/0 T_10.57, 8;
 ; End of false expr.
    %blend;
T_10.57;
    %load/vec4 v000001cddefb0e80_0;
    %sub;
    %load/vec4 v000001cddefa6b40_0;
    %parti/s 1, 0, 2;
    %flag_set/vec4 8;
    %jmp/0 T_10.58, 8;
    %pushi/vec4 23, 0, 32;
    %jmp/1 T_10.59, 8;
T_10.58 ; End of true expr.
    %pushi/vec4 10, 0, 32;
    %jmp/0 T_10.59, 8;
 ; End of false expr.
    %blend;
T_10.59;
    %add;
    %load/vec4 v000001cddefb0660_0;
    %sub;
    %sub;
    %cmpi/u 1, 0, 32;
    %flag_or 5, 4; GT is !LE
    %flag_inv 5;
    %jmp/0xz  T_10.54, 5;
    %load/vec4 v000001cddefb1380_0;
    %addi 1, 0, 32;
    %store/vec4 v000001cddefb1380_0, 0, 32;
T_10.54 ;
    %load/vec4 v000001cddefa6b40_0;
    %parti/s 1, 0, 2;
    %flag_set/vec4 8;
    %jmp/0 T_10.62, 8;
    %pushi/vec4 23, 0, 32;
    %jmp/1 T_10.63, 8;
T_10.62 ; End of true expr.
    %pushi/vec4 10, 0, 32;
    %jmp/0 T_10.63, 8;
 ; End of false expr.
    %blend;
T_10.63;
    %load/vec4 v000001cddefa6780_0;
    %cmp/u;
    %jmp/0xz  T_10.60, 5;
    %load/vec4 v000001cddefb14c0_0;
    %load/vec4 v000001cddefa6780_0;
    %load/vec4 v000001cddefa6b40_0;
    %parti/s 1, 0, 2;
    %flag_set/vec4 8;
    %jmp/0 T_10.64, 8;
    %pushi/vec4 23, 0, 32;
    %jmp/1 T_10.65, 8;
T_10.64 ; End of true expr.
    %pushi/vec4 10, 0, 32;
    %jmp/0 T_10.65, 8;
 ; End of false expr.
    %blend;
T_10.65;
    %sub;
    %ix/vec4 4;
    %shiftr 4;
    %store/vec4 v000001cddefb14c0_0, 0, 48;
T_10.60 ;
    %load/vec4 v000001cddefa6780_0;
    %load/vec4 v000001cddefa6b40_0;
    %parti/s 1, 0, 2;
    %flag_set/vec4 8;
    %jmp/0 T_10.68, 8;
    %pushi/vec4 23, 0, 32;
    %jmp/1 T_10.69, 8;
T_10.68 ; End of true expr.
    %pushi/vec4 10, 0, 32;
    %jmp/0 T_10.69, 8;
 ; End of false expr.
    %blend;
T_10.69;
    %cmp/u;
    %jmp/0xz  T_10.66, 5;
    %load/vec4 v000001cddefb14c0_0;
    %load/vec4 v000001cddefa6b40_0;
    %parti/s 1, 0, 2;
    %flag_set/vec4 8;
    %jmp/0 T_10.70, 8;
    %pushi/vec4 23, 0, 32;
    %jmp/1 T_10.71, 8;
T_10.70 ; End of true expr.
    %pushi/vec4 10, 0, 32;
    %jmp/0 T_10.71, 8;
 ; End of false expr.
    %blend;
T_10.71;
    %load/vec4 v000001cddefa6780_0;
    %sub;
    %ix/vec4 4;
    %shiftl 4;
    %store/vec4 v000001cddefb14c0_0, 0, 48;
T_10.66 ;
    %load/vec4 v000001cddefa6b40_0;
    %parti/s 1, 0, 2;
    %flag_set/vec4 8;
    %jmp/0 T_10.72, 8;
    %load/vec4 v000001cddefb14c0_0;
    %parti/s 23, 0, 2;
    %pad/u 32;
    %jmp/1 T_10.73, 8;
T_10.72 ; End of true expr.
    %load/vec4 v000001cddefb14c0_0;
    %parti/s 10, 0, 2;
    %pad/u 32;
    %jmp/0 T_10.73, 8;
 ; End of false expr.
    %blend;
T_10.73;
    %store/vec4 v000001cddefb2000_0, 0, 32;
    %load/vec4 v000001cddefb0840_0;
    %load/vec4 v000001cddefb0a20_0;
    %xor;
    %store/vec4 v000001cddefb1880_0, 0, 1;
T_10.43 ;
T_10.13 ;
    %load/vec4 v000001cddefa6b40_0;
    %parti/s 1, 0, 2;
    %flag_set/vec4 8;
    %jmp/0 T_10.74, 8;
    %load/vec4 v000001cddefb1880_0;
    %load/vec4 v000001cddefb1380_0;
    %parti/s 8, 0, 2;
    %concat/vec4; draw_concat_vec4
    %load/vec4 v000001cddefb2000_0;
    %parti/s 23, 0, 2;
    %concat/vec4; draw_concat_vec4
    %jmp/1 T_10.75, 8;
T_10.74 ; End of true expr.
    %load/vec4 v000001cddefb1880_0;
    %load/vec4 v000001cddefb1380_0;
    %parti/s 5, 0, 2;
    %concat/vec4; draw_concat_vec4
    %load/vec4 v000001cddefb2000_0;
    %parti/s 10, 0, 2;
    %concat/vec4; draw_concat_vec4
    %pad/u 32;
    %jmp/0 T_10.75, 8;
 ; End of false expr.
    %blend;
T_10.75;
    %store/vec4 v000001cddefa7e00_0, 0, 32;
    %jmp T_10;
    .thread T_10, $push;
    .scope S_000001cddefba9e0;
T_11 ;
    %vpi_call 19 8 "$readmemh", "memfile3.asm", v000001cddefb8430 {0 0 0};
    %end;
    .thread T_11;
    .scope S_000001cddefb3fe0;
T_12 ;
    %wait E_000001cddef35a90;
    %load/vec4 v000001cddefb8bb0_0;
    %flag_set/vec4 8;
    %jmp/0xz  T_12.0, 8;
    %load/vec4 v000001cddefb93d0_0;
    %load/vec4 v000001cddefb9e70_0;
    %parti/s 30, 2, 3;
    %ix/vec4 3;
    %ix/load 4, 0, 0; Constant delay
    %assign/vec4/a/d v000001cddefb8e30, 0, 4;
T_12.0 ;
    %jmp T_12;
    .thread T_12;
    .scope S_000001cddef2ed00;
T_13 ;
    %pushi/vec4 1, 0, 1;
    %assign/vec4 v000001cddefb8570_0, 0;
    %delay 22, 0;
    %pushi/vec4 0, 0, 1;
    %assign/vec4 v000001cddefb8570_0, 0;
    %end;
    .thread T_13;
    .scope S_000001cddef2ed00;
T_14 ;
    %pushi/vec4 1, 0, 1;
    %assign/vec4 v000001cddefb84d0_0, 0;
    %delay 5, 0;
    %pushi/vec4 0, 0, 1;
    %assign/vec4 v000001cddefb84d0_0, 0;
    %delay 5, 0;
    %jmp T_14;
    .thread T_14;
    .scope S_000001cddef2ed00;
T_15 ;
    %wait E_000001cddef34310;
    %load/vec4 v000001cddefb9c90_0;
    %flag_set/vec4 8;
    %jmp/0xz  T_15.0, 8;
    %load/vec4 v000001cddefba190_0;
    %dup/vec4;
    %pushi/vec4 200, 0, 32;
    %cmp/u;
    %jmp/1 T_15.2, 6;
    %dup/vec4;
    %pushi/vec4 204, 0, 32;
    %cmp/u;
    %jmp/1 T_15.3, 6;
    %dup/vec4;
    %pushi/vec4 208, 0, 32;
    %cmp/u;
    %jmp/1 T_15.4, 6;
    %dup/vec4;
    %pushi/vec4 212, 0, 32;
    %cmp/u;
    %jmp/1 T_15.5, 6;
    %dup/vec4;
    %pushi/vec4 216, 0, 32;
    %cmp/u;
    %jmp/1 T_15.6, 6;
    %dup/vec4;
    %pushi/vec4 220, 0, 32;
    %cmp/u;
    %jmp/1 T_15.7, 6;
    %dup/vec4;
    %pushi/vec4 224, 0, 32;
    %cmp/u;
    %jmp/1 T_15.8, 6;
    %dup/vec4;
    %pushi/vec4 228, 0, 32;
    %cmp/u;
    %jmp/1 T_15.9, 6;
    %dup/vec4;
    %pushi/vec4 232, 0, 32;
    %cmp/u;
    %jmp/1 T_15.10, 6;
    %vpi_call 2 108 "$display", "Simulation failed default" {0 0 0};
    %delay 20, 0;
    %vpi_call 2 110 "$finish" {0 0 0};
    %jmp T_15.12;
T_15.2 ;
    %load/vec4 v000001cddefb9d30_0;
    %cmpi/ne 1166403072, 0, 32;
    %jmp/0xz  T_15.13, 6;
    %vpi_call 2 36 "$display", "Simulation failed VADD" {0 0 0};
    %delay 20, 0;
    %vpi_call 2 38 "$finish" {0 0 0};
T_15.13 ;
    %jmp T_15.12;
T_15.3 ;
    %load/vec4 v000001cddefb9d30_0;
    %cmpi/ne 1170786048, 0, 32;
    %jmp/0xz  T_15.15, 6;
    %vpi_call 2 43 "$display", "Simulation failed VMUL" {0 0 0};
    %delay 20, 0;
    %vpi_call 2 45 "$finish" {0 0 0};
T_15.15 ;
    %jmp T_15.12;
T_15.4 ;
    %load/vec4 v000001cddefb9d30_0;
    %cmpi/ne 2623978496, 0, 32;
    %jmp/0xz  T_15.17, 6;
    %vpi_call 2 50 "$display", "Simulation failed UMULL 1" {0 0 0};
    %delay 20, 0;
    %vpi_call 2 52 "$finish" {0 0 0};
T_15.17 ;
    %jmp T_15.12;
T_15.5 ;
    %load/vec4 v000001cddefb9d30_0;
    %cmpi/ne 1073741824, 0, 32;
    %jmp/0xz  T_15.19, 6;
    %vpi_call 2 57 "$display", "Simulation failed UMULL 2" {0 0 0};
    %delay 20, 0;
    %vpi_call 2 59 "$finish" {0 0 0};
T_15.19 ;
    %jmp T_15.12;
T_15.6 ;
    %load/vec4 v000001cddefb9d30_0;
    %cmpi/ne 197945088, 0, 32;
    %jmp/0xz  T_15.21, 6;
    %vpi_call 2 64 "$display", "Simulation failed SMULL 1" {0 0 0};
    %delay 20, 0;
    %vpi_call 2 66 "$finish" {0 0 0};
T_15.21 ;
    %jmp T_15.12;
T_15.7 ;
    %load/vec4 v000001cddefb9d30_0;
    %cmpi/ne 1073741824, 0, 32;
    %jmp/0xz  T_15.23, 6;
    %vpi_call 2 71 "$display", "Simulation failed SMULL 2" {0 0 0};
    %delay 20, 0;
    %vpi_call 2 73 "$finish" {0 0 0};
T_15.23 ;
    %jmp T_15.12;
T_15.8 ;
    %load/vec4 v000001cddefb9d30_0;
    %cmpi/ne 16448, 0, 32;
    %jmp/0xz  T_15.25, 6;
    %vpi_call 2 78 "$display", "Simulation failed VADDH" {0 0 0};
    %delay 20, 0;
    %vpi_call 2 80 "$finish" {0 0 0};
T_15.25 ;
    %jmp T_15.12;
T_15.9 ;
    %load/vec4 v000001cddefb9d30_0;
    %cmpi/ne 14976, 0, 32;
    %jmp/0xz  T_15.27, 6;
    %vpi_call 2 85 "$display", "Simulation failed VMULH" {0 0 0};
    %delay 20, 0;
    %vpi_call 2 87 "$finish" {0 0 0};
T_15.27 ;
    %jmp T_15.12;
T_15.10 ;
    %load/vec4 v000001cddefb9d30_0;
    %cmpi/e 8, 0, 32;
    %jmp/0xz  T_15.29, 6;
    %vpi_call 2 97 "$display", "Simulation failed VADDS" {0 0 0};
    %delay 20, 0;
    %vpi_call 2 99 "$finish" {0 0 0};
    %jmp T_15.30;
T_15.29 ;
    %load/vec4 v000001cddefb9d30_0;
    %cmpi/e 0, 0, 32;
    %jmp/0xz  T_15.31, 6;
    %vpi_call 2 102 "$display", "Simulation succeeded" {0 0 0};
    %delay 20, 0;
    %vpi_call 2 104 "$finish" {0 0 0};
T_15.31 ;
T_15.30 ;
    %jmp T_15.12;
T_15.12 ;
    %pop/vec4 1;
T_15.0 ;
    %jmp T_15;
    .thread T_15;
    .scope S_000001cddef2ed00;
T_16 ;
    %vpi_call 2 115 "$dumpfile", "top.vcd" {0 0 0};
    %vpi_call 2 116 "$dumpvars" {0 0 0};
    %end;
    .thread T_16;
# The file index is used to find the file name in the following table.
:file_names 20;
    "N/A";
    "<interactive>";
    ".\testbench.v";
    "top.v";
    "./arm.v";
    "./controller.v";
    "./condlogic.v";
    "./condcheck.v";
    "./flopenr.v";
    "./mux2.v";
    "./decode.v";
    "./datapath.v";
    "./alu.v";
    "./extend.v";
    "./fpu.v";
    "./adder.v";
    "./flopr.v";
    "./regfile.v";
    "./dmem.v";
    "./imem.v";
