#! /c/Source/iverilog-install/bin/vvp
:ivl_version "12.0 (devel)" "(s20150603-1110-g18392a46)";
:ivl_delay_selection "TYPICAL";
:vpi_time_precision - 9;
:vpi_module "C:\iverilog\lib\ivl\system.vpi";
:vpi_module "C:\iverilog\lib\ivl\vhdl_sys.vpi";
:vpi_module "C:\iverilog\lib\ivl\vhdl_textio.vpi";
:vpi_module "C:\iverilog\lib\ivl\v2005_math.vpi";
:vpi_module "C:\iverilog\lib\ivl\va_math.vpi";
S_0000024a63c37ba0 .scope module, "fpu_tb" "fpu_tb" 2 41;
 .timescale -9 -9;
v0000024a63c96810_0 .var "FPUControl", 1 0;
v0000024a63c96d10_0 .net "FPUFlags", 3 0, L_0000024a63c97710;  1 drivers
v0000024a63c96450_0 .var "FPUFlags_expected", 3 0;
v0000024a63c97490_0 .net "Result", 31 0, v0000024a63c95300_0;  1 drivers
v0000024a63c97030_0 .var "Result_expected", 31 0;
v0000024a63c970d0_0 .var "a", 31 0;
v0000024a63c96590_0 .var "b", 31 0;
v0000024a63c97b70_0 .var "clk", 0 0;
v0000024a63c96db0_0 .var "errors", 31 0;
v0000024a63c96c70_0 .var "reset", 0 0;
v0000024a63c973f0 .array "testvector", 0 1000, 101 0;
v0000024a63c97670_0 .var "vectornum", 31 0;
E_0000024a63c32900 .event negedge, v0000024a63c97b70_0;
E_0000024a63c32580 .event posedge, v0000024a63c97b70_0;
S_0000024a63c23270 .scope module, "dut" "fpu" 2 55, 3 1 0, S_0000024a63c37ba0;
 .timescale 0 0;
    .port_info 0 /INPUT 32 "a";
    .port_info 1 /INPUT 32 "b";
    .port_info 2 /INPUT 2 "FPUControl";
    .port_info 3 /OUTPUT 32 "Result";
    .port_info 4 /OUTPUT 4 "FPUFlags";
v0000024a63c37590_0 .net "FPUControl", 1 0, v0000024a63c96810_0;  1 drivers
v0000024a63c95260_0 .net "FPUFlags", 3 0, L_0000024a63c97710;  alias, 1 drivers
v0000024a63c95300_0 .var "Result", 31 0;
L_0000024a63cc0118 .functor BUFT 1, C4<00000000000000000000000000000000>, C4<0>, C4<0>, C4<0>;
v0000024a63c959e0_0 .net/2u *"_ivl_12", 31 0, L_0000024a63cc0118;  1 drivers
v0000024a63c95080_0 .net *"_ivl_5", 0 0, L_0000024a63c96130;  1 drivers
v0000024a63c95940_0 .net *"_ivl_7", 0 0, L_0000024a63c972b0;  1 drivers
v0000024a63c95da0_0 .net *"_ivl_9", 0 0, L_0000024a63c96e50;  1 drivers
v0000024a63c95bc0_0 .net "a", 31 0, v0000024a63c970d0_0;  1 drivers
v0000024a63c95580_0 .var "aux", 31 0;
v0000024a63c953a0_0 .var "aux2", 47 0;
v0000024a63c95120_0 .net "b", 31 0, v0000024a63c96590_0;  1 drivers
L_0000024a63cc0088 .functor BUFT 1, C4<0>, C4<0>, C4<0>, C4<0>;
v0000024a63c954e0_0 .net "carry", 0 0, L_0000024a63cc0088;  1 drivers
v0000024a63c95c60_0 .var "control", 1 0;
v0000024a63c95800_0 .var "expoA", 31 0;
v0000024a63c95d00_0 .var "expoB", 31 0;
v0000024a63c95440_0 .var "expoR", 31 0;
v0000024a63c958a0_0 .var "mantA", 31 0;
v0000024a63c95620_0 .var "mantAshift", 31 0;
v0000024a63c951c0_0 .var "mantB", 31 0;
v0000024a63c956c0_0 .var "mantBshift", 31 0;
v0000024a63c95760_0 .var "mantR", 31 0;
v0000024a63c95a80_0 .net "neg", 0 0, L_0000024a63c977b0;  1 drivers
L_0000024a63cc00d0 .functor BUFT 1, C4<0>, C4<0>, C4<0>, C4<0>;
v0000024a63c95b20_0 .net "overflow", 0 0, L_0000024a63cc00d0;  1 drivers
v0000024a63c95e40_0 .var "productoPosible", 47 0;
v0000024a63c95ee0_0 .var "signA", 0 0;
v0000024a63c95f80_0 .var "signB", 0 0;
v0000024a63c964f0_0 .var "signR", 0 0;
v0000024a63c97530_0 .var "sumaResta", 0 0;
v0000024a63c966d0_0 .net "zero", 0 0, L_0000024a63c96bd0;  1 drivers
E_0000024a63c32080/0 .event anyedge, v0000024a63c37590_0, v0000024a63c95bc0_0, v0000024a63c95120_0, v0000024a63c95f80_0;
E_0000024a63c32080/1 .event anyedge, v0000024a63c95ee0_0, v0000024a63c95d00_0, v0000024a63c95800_0, v0000024a63c951c0_0;
E_0000024a63c32080/2 .event anyedge, v0000024a63c958a0_0, v0000024a63c97530_0, v0000024a63c95760_0, v0000024a63c953a0_0;
E_0000024a63c32080/3 .event anyedge, v0000024a63c95580_0, v0000024a63c95440_0, v0000024a63c95c60_0, v0000024a63c95620_0;
E_0000024a63c32080/4 .event anyedge, v0000024a63c956c0_0, v0000024a63c95e40_0, v0000024a63c964f0_0;
E_0000024a63c32080 .event/or E_0000024a63c32080/0, E_0000024a63c32080/1, E_0000024a63c32080/2, E_0000024a63c32080/3, E_0000024a63c32080/4;
L_0000024a63c96130 .part v0000024a63c96810_0, 0, 1;
L_0000024a63c972b0 .part v0000024a63c95300_0, 31, 1;
L_0000024a63c96e50 .part v0000024a63c95300_0, 15, 1;
L_0000024a63c977b0 .functor MUXZ 1, L_0000024a63c96e50, L_0000024a63c972b0, L_0000024a63c96130, C4<>;
L_0000024a63c96bd0 .cmp/eq 32, v0000024a63c95300_0, L_0000024a63cc0118;
L_0000024a63c97710 .concat [ 1 1 1 1], L_0000024a63cc00d0, L_0000024a63cc0088, L_0000024a63c96bd0, L_0000024a63c977b0;
    .scope S_0000024a63c23270;
T_0 ;
    %wait E_0000024a63c32080;
    %load/vec4 v0000024a63c37590_0;
    %store/vec4 v0000024a63c95c60_0, 0, 2;
    %load/vec4 v0000024a63c37590_0;
    %parti/s 1, 0, 2;
    %flag_set/vec4 8;
    %jmp/0 T_0.0, 8;
    %load/vec4 v0000024a63c95bc0_0;
    %parti/s 1, 31, 6;
    %jmp/1 T_0.1, 8;
T_0.0 ; End of true expr.
    %load/vec4 v0000024a63c95bc0_0;
    %parti/s 1, 15, 5;
    %jmp/0 T_0.1, 8;
 ; End of false expr.
    %blend;
T_0.1;
    %store/vec4 v0000024a63c95ee0_0, 0, 1;
    %load/vec4 v0000024a63c37590_0;
    %parti/s 1, 0, 2;
    %flag_set/vec4 8;
    %jmp/0 T_0.2, 8;
    %load/vec4 v0000024a63c95120_0;
    %parti/s 1, 31, 6;
    %jmp/1 T_0.3, 8;
T_0.2 ; End of true expr.
    %load/vec4 v0000024a63c95120_0;
    %parti/s 1, 15, 5;
    %jmp/0 T_0.3, 8;
 ; End of false expr.
    %blend;
T_0.3;
    %store/vec4 v0000024a63c95f80_0, 0, 1;
    %load/vec4 v0000024a63c37590_0;
    %parti/s 1, 0, 2;
    %flag_set/vec4 8;
    %jmp/0 T_0.4, 8;
    %pushi/vec4 0, 0, 24;
    %load/vec4 v0000024a63c95bc0_0;
    %parti/s 8, 23, 6;
    %concat/vec4; draw_concat_vec4
    %jmp/1 T_0.5, 8;
T_0.4 ; End of true expr.
    %pushi/vec4 0, 0, 27;
    %load/vec4 v0000024a63c95bc0_0;
    %parti/s 5, 10, 5;
    %concat/vec4; draw_concat_vec4
    %jmp/0 T_0.5, 8;
 ; End of false expr.
    %blend;
T_0.5;
    %store/vec4 v0000024a63c95800_0, 0, 32;
    %load/vec4 v0000024a63c37590_0;
    %parti/s 1, 0, 2;
    %flag_set/vec4 8;
    %jmp/0 T_0.6, 8;
    %pushi/vec4 0, 0, 24;
    %load/vec4 v0000024a63c95120_0;
    %parti/s 8, 23, 6;
    %concat/vec4; draw_concat_vec4
    %jmp/1 T_0.7, 8;
T_0.6 ; End of true expr.
    %pushi/vec4 0, 0, 27;
    %load/vec4 v0000024a63c95120_0;
    %parti/s 5, 10, 5;
    %concat/vec4; draw_concat_vec4
    %jmp/0 T_0.7, 8;
 ; End of false expr.
    %blend;
T_0.7;
    %store/vec4 v0000024a63c95d00_0, 0, 32;
    %load/vec4 v0000024a63c37590_0;
    %parti/s 1, 0, 2;
    %flag_set/vec4 8;
    %jmp/0 T_0.8, 8;
    %pushi/vec4 1, 0, 9;
    %load/vec4 v0000024a63c95bc0_0;
    %parti/s 23, 0, 2;
    %concat/vec4; draw_concat_vec4
    %jmp/1 T_0.9, 8;
T_0.8 ; End of true expr.
    %pushi/vec4 1, 0, 22;
    %load/vec4 v0000024a63c95bc0_0;
    %parti/s 10, 0, 2;
    %concat/vec4; draw_concat_vec4
    %jmp/0 T_0.9, 8;
 ; End of false expr.
    %blend;
T_0.9;
    %store/vec4 v0000024a63c958a0_0, 0, 32;
    %load/vec4 v0000024a63c37590_0;
    %parti/s 1, 0, 2;
    %flag_set/vec4 8;
    %jmp/0 T_0.10, 8;
    %pushi/vec4 1, 0, 9;
    %load/vec4 v0000024a63c95120_0;
    %parti/s 23, 0, 2;
    %concat/vec4; draw_concat_vec4
    %jmp/1 T_0.11, 8;
T_0.10 ; End of true expr.
    %pushi/vec4 1, 0, 22;
    %load/vec4 v0000024a63c95120_0;
    %parti/s 10, 0, 2;
    %concat/vec4; draw_concat_vec4
    %jmp/0 T_0.11, 8;
 ; End of false expr.
    %blend;
T_0.11;
    %store/vec4 v0000024a63c951c0_0, 0, 32;
    %load/vec4 v0000024a63c37590_0;
    %parti/s 1, 1, 2;
    %inv;
    %flag_set/vec4 8;
    %jmp/0xz  T_0.12, 8;
    %load/vec4 v0000024a63c95bc0_0;
    %pushi/vec4 0, 0, 32;
    %cmp/e;
    %flag_get/vec4 4;
    %load/vec4 v0000024a63c95120_0;
    %pushi/vec4 0, 0, 32;
    %cmp/ne;
    %flag_get/vec4 4;
    %and;
    %flag_set/vec4 8;
    %load/vec4 v0000024a63c95bc0_0;
    %pushi/vec4 0, 0, 32;
    %cmp/ne;
    %flag_get/vec4 4;
    %load/vec4 v0000024a63c95120_0;
    %pushi/vec4 0, 0, 32;
    %cmp/e;
    %flag_get/vec4 4;
    %and;
    %flag_set/vec4 9;
    %flag_or 9, 8;
    %jmp/0xz  T_0.14, 9;
    %load/vec4 v0000024a63c95bc0_0;
    %cmpi/e 0, 0, 32;
    %flag_mov 8, 4;
    %jmp/0 T_0.16, 8;
    %load/vec4 v0000024a63c95f80_0;
    %jmp/1 T_0.17, 8;
T_0.16 ; End of true expr.
    %load/vec4 v0000024a63c95ee0_0;
    %jmp/0 T_0.17, 8;
 ; End of false expr.
    %blend;
T_0.17;
    %store/vec4 v0000024a63c964f0_0, 0, 1;
    %load/vec4 v0000024a63c95bc0_0;
    %cmpi/e 0, 0, 32;
    %flag_mov 8, 4;
    %jmp/0 T_0.18, 8;
    %load/vec4 v0000024a63c95d00_0;
    %jmp/1 T_0.19, 8;
T_0.18 ; End of true expr.
    %load/vec4 v0000024a63c95800_0;
    %jmp/0 T_0.19, 8;
 ; End of false expr.
    %blend;
T_0.19;
    %store/vec4 v0000024a63c95440_0, 0, 32;
    %load/vec4 v0000024a63c95bc0_0;
    %cmpi/e 0, 0, 32;
    %flag_mov 8, 4;
    %jmp/0 T_0.20, 8;
    %load/vec4 v0000024a63c951c0_0;
    %jmp/1 T_0.21, 8;
T_0.20 ; End of true expr.
    %load/vec4 v0000024a63c958a0_0;
    %jmp/0 T_0.21, 8;
 ; End of false expr.
    %blend;
T_0.21;
    %store/vec4 v0000024a63c95760_0, 0, 32;
    %jmp T_0.15;
T_0.14 ;
    %load/vec4 v0000024a63c95bc0_0;
    %pushi/vec4 0, 0, 32;
    %cmp/e;
    %flag_get/vec4 4;
    %load/vec4 v0000024a63c95120_0;
    %pushi/vec4 0, 0, 32;
    %cmp/e;
    %flag_get/vec4 4;
    %and;
    %flag_set/vec4 8;
    %load/vec4 v0000024a63c95ee0_0;
    %load/vec4 v0000024a63c95f80_0;
    %cmp/ne;
    %flag_get/vec4 4;
    %load/vec4 v0000024a63c95800_0;
    %load/vec4 v0000024a63c95d00_0;
    %cmp/e;
    %flag_get/vec4 4;
    %and;
    %load/vec4 v0000024a63c958a0_0;
    %load/vec4 v0000024a63c951c0_0;
    %cmp/e;
    %flag_get/vec4 4;
    %and;
    %flag_set/vec4 9;
    %flag_or 9, 8;
    %jmp/0xz  T_0.22, 9;
    %pushi/vec4 0, 0, 1;
    %store/vec4 v0000024a63c964f0_0, 0, 1;
    %pushi/vec4 0, 0, 32;
    %store/vec4 v0000024a63c95440_0, 0, 32;
    %pushi/vec4 0, 0, 32;
    %store/vec4 v0000024a63c95760_0, 0, 32;
    %jmp T_0.23;
T_0.22 ;
    %load/vec4 v0000024a63c95d00_0;
    %load/vec4 v0000024a63c95800_0;
    %cmp/u;
    %jmp/0xz  T_0.24, 5;
    %load/vec4 v0000024a63c95800_0;
    %store/vec4 v0000024a63c95440_0, 0, 32;
    %load/vec4 v0000024a63c951c0_0;
    %load/vec4 v0000024a63c95800_0;
    %load/vec4 v0000024a63c95d00_0;
    %sub;
    %ix/vec4 4;
    %shiftr 4;
    %store/vec4 v0000024a63c951c0_0, 0, 32;
    %jmp T_0.25;
T_0.24 ;
    %load/vec4 v0000024a63c95d00_0;
    %store/vec4 v0000024a63c95440_0, 0, 32;
    %load/vec4 v0000024a63c958a0_0;
    %load/vec4 v0000024a63c95d00_0;
    %load/vec4 v0000024a63c95800_0;
    %sub;
    %ix/vec4 4;
    %shiftr 4;
    %store/vec4 v0000024a63c958a0_0, 0, 32;
T_0.25 ;
    %load/vec4 v0000024a63c95ee0_0;
    %load/vec4 v0000024a63c95f80_0;
    %cmp/e;
    %flag_get/vec4 4;
    %inv;
    %store/vec4 v0000024a63c97530_0, 0, 1;
    %load/vec4 v0000024a63c97530_0;
    %flag_set/vec4 8;
    %jmp/0xz  T_0.26, 8;
    %load/vec4 v0000024a63c951c0_0;
    %load/vec4 v0000024a63c958a0_0;
    %cmp/u;
    %jmp/0xz  T_0.28, 5;
    %load/vec4 v0000024a63c958a0_0;
    %load/vec4 v0000024a63c951c0_0;
    %sub;
    %store/vec4 v0000024a63c95760_0, 0, 32;
    %load/vec4 v0000024a63c95ee0_0;
    %store/vec4 v0000024a63c964f0_0, 0, 1;
    %jmp T_0.29;
T_0.28 ;
    %load/vec4 v0000024a63c951c0_0;
    %load/vec4 v0000024a63c958a0_0;
    %sub;
    %store/vec4 v0000024a63c95760_0, 0, 32;
    %load/vec4 v0000024a63c95f80_0;
    %store/vec4 v0000024a63c964f0_0, 0, 1;
T_0.29 ;
    %jmp T_0.27;
T_0.26 ;
    %load/vec4 v0000024a63c958a0_0;
    %load/vec4 v0000024a63c951c0_0;
    %add;
    %store/vec4 v0000024a63c95760_0, 0, 32;
    %load/vec4 v0000024a63c95ee0_0;
    %store/vec4 v0000024a63c964f0_0, 0, 1;
T_0.27 ;
    %load/vec4 v0000024a63c97530_0;
    %flag_set/vec4 8;
    %jmp/0xz  T_0.30, 8;
    %pushi/vec4 0, 0, 32;
    %store/vec4 v0000024a63c95580_0, 0, 32;
    %load/vec4 v0000024a63c95760_0;
    %pad/u 48;
    %store/vec4 v0000024a63c953a0_0, 0, 48;
T_0.32 ;
    %load/vec4 v0000024a63c953a0_0;
    %parti/s 1, 31, 6;
    %inv;
    %flag_set/vec4 8;
    %jmp/0xz T_0.33, 8;
    %load/vec4 v0000024a63c953a0_0;
    %ix/load 4, 1, 0;
    %flag_set/imm 4, 0;
    %shiftl 4;
    %store/vec4 v0000024a63c953a0_0, 0, 48;
    %load/vec4 v0000024a63c95580_0;
    %addi 1, 0, 32;
    %store/vec4 v0000024a63c95580_0, 0, 32;
    %jmp T_0.32;
T_0.33 ;
    %pushi/vec4 31, 0, 32;
    %load/vec4 v0000024a63c95580_0;
    %sub;
    %store/vec4 v0000024a63c95580_0, 0, 32;
    %load/vec4 v0000024a63c95760_0;
    %load/vec4 v0000024a63c37590_0;
    %parti/s 1, 0, 2;
    %flag_set/vec4 8;
    %jmp/0 T_0.34, 8;
    %pushi/vec4 23, 0, 32;
    %jmp/1 T_0.35, 8;
T_0.34 ; End of true expr.
    %pushi/vec4 10, 0, 32;
    %jmp/0 T_0.35, 8;
 ; End of false expr.
    %blend;
T_0.35;
    %load/vec4 v0000024a63c95580_0;
    %sub;
    %ix/vec4 4;
    %shiftl 4;
    %store/vec4 v0000024a63c95760_0, 0, 32;
    %load/vec4 v0000024a63c95440_0;
    %load/vec4 v0000024a63c37590_0;
    %parti/s 1, 0, 2;
    %flag_set/vec4 8;
    %jmp/0 T_0.36, 8;
    %pushi/vec4 23, 0, 32;
    %jmp/1 T_0.37, 8;
T_0.36 ; End of true expr.
    %pushi/vec4 10, 0, 32;
    %jmp/0 T_0.37, 8;
 ; End of false expr.
    %blend;
T_0.37;
    %load/vec4 v0000024a63c95580_0;
    %sub;
    %sub;
    %store/vec4 v0000024a63c95440_0, 0, 32;
    %jmp T_0.31;
T_0.30 ;
    %load/vec4 v0000024a63c95c60_0;
    %parti/s 1, 0, 2;
    %load/vec4 v0000024a63c95760_0;
    %parti/s 1, 24, 6;
    %pushi/vec4 1, 0, 1;
    %cmp/e;
    %flag_get/vec4 4;
    %and;
    %flag_set/vec4 8;
    %load/vec4 v0000024a63c95c60_0;
    %parti/s 1, 0, 2;
    %inv;
    %load/vec4 v0000024a63c95760_0;
    %parti/s 1, 11, 5;
    %pushi/vec4 1, 0, 1;
    %cmp/e;
    %flag_get/vec4 4;
    %and;
    %flag_set/vec4 9;
    %flag_or 9, 8;
    %jmp/0xz  T_0.38, 9;
    %load/vec4 v0000024a63c95760_0;
    %ix/load 4, 1, 0;
    %flag_set/imm 4, 0;
    %shiftr 4;
    %store/vec4 v0000024a63c95760_0, 0, 32;
    %load/vec4 v0000024a63c95440_0;
    %addi 1, 0, 32;
    %store/vec4 v0000024a63c95440_0, 0, 32;
T_0.38 ;
T_0.31 ;
    %load/vec4 v0000024a63c37590_0;
    %parti/s 1, 0, 2;
    %flag_set/vec4 8;
    %jmp/0 T_0.40, 8;
    %load/vec4 v0000024a63c95760_0;
    %parti/s 23, 0, 2;
    %pad/u 32;
    %jmp/1 T_0.41, 8;
T_0.40 ; End of true expr.
    %load/vec4 v0000024a63c95760_0;
    %parti/s 10, 0, 2;
    %pad/u 32;
    %jmp/0 T_0.41, 8;
 ; End of false expr.
    %blend;
T_0.41;
    %store/vec4 v0000024a63c95760_0, 0, 32;
T_0.23 ;
T_0.15 ;
    %jmp T_0.13;
T_0.12 ;
    %load/vec4 v0000024a63c95bc0_0;
    %cmpi/e 0, 0, 32;
    %flag_mov 8, 4;
    %load/vec4 v0000024a63c95120_0;
    %cmpi/e 0, 0, 32;
    %flag_or 4, 8;
    %jmp/0xz  T_0.42, 4;
    %pushi/vec4 0, 0, 1;
    %store/vec4 v0000024a63c964f0_0, 0, 1;
    %pushi/vec4 0, 0, 32;
    %store/vec4 v0000024a63c95440_0, 0, 32;
    %pushi/vec4 0, 0, 32;
    %store/vec4 v0000024a63c95760_0, 0, 32;
    %jmp T_0.43;
T_0.42 ;
    %load/vec4 v0000024a63c95800_0;
    %load/vec4 v0000024a63c95d00_0;
    %add;
    %load/vec4 v0000024a63c37590_0;
    %parti/s 1, 0, 2;
    %flag_set/vec4 8;
    %jmp/0 T_0.44, 8;
    %pushi/vec4 127, 0, 32;
    %jmp/1 T_0.45, 8;
T_0.44 ; End of true expr.
    %pushi/vec4 15, 0, 32;
    %jmp/0 T_0.45, 8;
 ; End of false expr.
    %blend;
T_0.45;
    %sub;
    %store/vec4 v0000024a63c95440_0, 0, 32;
    %pushi/vec4 0, 0, 32;
    %store/vec4 v0000024a63c95620_0, 0, 32;
    %pushi/vec4 0, 0, 32;
    %store/vec4 v0000024a63c956c0_0, 0, 32;
T_0.46 ;
    %load/vec4 v0000024a63c958a0_0;
    %parti/s 1, 0, 2;
    %inv;
    %flag_set/vec4 8;
    %jmp/0xz T_0.47, 8;
    %load/vec4 v0000024a63c958a0_0;
    %ix/load 4, 1, 0;
    %flag_set/imm 4, 0;
    %shiftr 4;
    %store/vec4 v0000024a63c958a0_0, 0, 32;
    %load/vec4 v0000024a63c95620_0;
    %addi 1, 0, 32;
    %store/vec4 v0000024a63c95620_0, 0, 32;
    %jmp T_0.46;
T_0.47 ;
T_0.48 ;
    %load/vec4 v0000024a63c951c0_0;
    %parti/s 1, 0, 2;
    %inv;
    %flag_set/vec4 8;
    %jmp/0xz T_0.49, 8;
    %load/vec4 v0000024a63c951c0_0;
    %ix/load 4, 1, 0;
    %flag_set/imm 4, 0;
    %shiftr 4;
    %store/vec4 v0000024a63c951c0_0, 0, 32;
    %load/vec4 v0000024a63c956c0_0;
    %addi 1, 0, 32;
    %store/vec4 v0000024a63c956c0_0, 0, 32;
    %jmp T_0.48;
T_0.49 ;
    %load/vec4 v0000024a63c37590_0;
    %parti/s 1, 0, 2;
    %flag_set/vec4 8;
    %jmp/0xz  T_0.50, 8;
    %pushi/vec4 0, 0, 16;
    %load/vec4 v0000024a63c958a0_0;
    %concat/vec4; draw_concat_vec4
    %pushi/vec4 0, 0, 16;
    %load/vec4 v0000024a63c951c0_0;
    %concat/vec4; draw_concat_vec4
    %mul;
    %store/vec4 v0000024a63c95e40_0, 0, 48;
    %jmp T_0.51;
T_0.50 ;
    %load/vec4 v0000024a63c958a0_0;
    %pad/u 48;
    %load/vec4 v0000024a63c951c0_0;
    %pad/u 48;
    %mul;
    %store/vec4 v0000024a63c95e40_0, 0, 48;
T_0.51 ;
    %pushi/vec4 0, 0, 32;
    %store/vec4 v0000024a63c95580_0, 0, 32;
    %load/vec4 v0000024a63c95e40_0;
    %store/vec4 v0000024a63c953a0_0, 0, 48;
T_0.52 ;
    %load/vec4 v0000024a63c953a0_0;
    %parti/s 1, 47, 7;
    %inv;
    %flag_set/vec4 8;
    %jmp/0xz T_0.53, 8;
    %load/vec4 v0000024a63c953a0_0;
    %ix/load 4, 1, 0;
    %flag_set/imm 4, 0;
    %shiftl 4;
    %store/vec4 v0000024a63c953a0_0, 0, 48;
    %load/vec4 v0000024a63c95580_0;
    %addi 1, 0, 32;
    %store/vec4 v0000024a63c95580_0, 0, 32;
    %jmp T_0.52;
T_0.53 ;
    %pushi/vec4 47, 0, 32;
    %load/vec4 v0000024a63c95580_0;
    %sub;
    %store/vec4 v0000024a63c95580_0, 0, 32;
    %load/vec4 v0000024a63c95580_0;
    %addi 1, 0, 32;
    %load/vec4 v0000024a63c37590_0;
    %parti/s 1, 0, 2;
    %flag_set/vec4 8;
    %jmp/0 T_0.56, 8;
    %pushi/vec4 23, 0, 32;
    %jmp/1 T_0.57, 8;
T_0.56 ; End of true expr.
    %pushi/vec4 10, 0, 32;
    %jmp/0 T_0.57, 8;
 ; End of false expr.
    %blend;
T_0.57;
    %load/vec4 v0000024a63c95620_0;
    %sub;
    %load/vec4 v0000024a63c37590_0;
    %parti/s 1, 0, 2;
    %flag_set/vec4 8;
    %jmp/0 T_0.58, 8;
    %pushi/vec4 23, 0, 32;
    %jmp/1 T_0.59, 8;
T_0.58 ; End of true expr.
    %pushi/vec4 10, 0, 32;
    %jmp/0 T_0.59, 8;
 ; End of false expr.
    %blend;
T_0.59;
    %add;
    %load/vec4 v0000024a63c956c0_0;
    %sub;
    %sub;
    %cmpi/u 1, 0, 32;
    %flag_or 5, 4; GT is !LE
    %flag_inv 5;
    %jmp/0xz  T_0.54, 5;
    %load/vec4 v0000024a63c95440_0;
    %addi 1, 0, 32;
    %store/vec4 v0000024a63c95440_0, 0, 32;
T_0.54 ;
    %load/vec4 v0000024a63c37590_0;
    %parti/s 1, 0, 2;
    %flag_set/vec4 8;
    %jmp/0 T_0.62, 8;
    %pushi/vec4 23, 0, 32;
    %jmp/1 T_0.63, 8;
T_0.62 ; End of true expr.
    %pushi/vec4 10, 0, 32;
    %jmp/0 T_0.63, 8;
 ; End of false expr.
    %blend;
T_0.63;
    %load/vec4 v0000024a63c95580_0;
    %cmp/u;
    %jmp/0xz  T_0.60, 5;
    %load/vec4 v0000024a63c95e40_0;
    %load/vec4 v0000024a63c95580_0;
    %load/vec4 v0000024a63c37590_0;
    %parti/s 1, 0, 2;
    %flag_set/vec4 8;
    %jmp/0 T_0.64, 8;
    %pushi/vec4 23, 0, 32;
    %jmp/1 T_0.65, 8;
T_0.64 ; End of true expr.
    %pushi/vec4 10, 0, 32;
    %jmp/0 T_0.65, 8;
 ; End of false expr.
    %blend;
T_0.65;
    %sub;
    %ix/vec4 4;
    %shiftr 4;
    %store/vec4 v0000024a63c95e40_0, 0, 48;
T_0.60 ;
    %load/vec4 v0000024a63c95580_0;
    %load/vec4 v0000024a63c37590_0;
    %parti/s 1, 0, 2;
    %flag_set/vec4 8;
    %jmp/0 T_0.68, 8;
    %pushi/vec4 23, 0, 32;
    %jmp/1 T_0.69, 8;
T_0.68 ; End of true expr.
    %pushi/vec4 10, 0, 32;
    %jmp/0 T_0.69, 8;
 ; End of false expr.
    %blend;
T_0.69;
    %cmp/u;
    %jmp/0xz  T_0.66, 5;
    %load/vec4 v0000024a63c95e40_0;
    %load/vec4 v0000024a63c37590_0;
    %parti/s 1, 0, 2;
    %flag_set/vec4 8;
    %jmp/0 T_0.70, 8;
    %pushi/vec4 23, 0, 32;
    %jmp/1 T_0.71, 8;
T_0.70 ; End of true expr.
    %pushi/vec4 10, 0, 32;
    %jmp/0 T_0.71, 8;
 ; End of false expr.
    %blend;
T_0.71;
    %load/vec4 v0000024a63c95580_0;
    %sub;
    %ix/vec4 4;
    %shiftl 4;
    %store/vec4 v0000024a63c95e40_0, 0, 48;
T_0.66 ;
    %load/vec4 v0000024a63c37590_0;
    %parti/s 1, 0, 2;
    %flag_set/vec4 8;
    %jmp/0 T_0.72, 8;
    %load/vec4 v0000024a63c95e40_0;
    %parti/s 23, 0, 2;
    %pad/u 32;
    %jmp/1 T_0.73, 8;
T_0.72 ; End of true expr.
    %load/vec4 v0000024a63c95e40_0;
    %parti/s 10, 0, 2;
    %pad/u 32;
    %jmp/0 T_0.73, 8;
 ; End of false expr.
    %blend;
T_0.73;
    %store/vec4 v0000024a63c95760_0, 0, 32;
    %load/vec4 v0000024a63c95ee0_0;
    %load/vec4 v0000024a63c95f80_0;
    %xor;
    %store/vec4 v0000024a63c964f0_0, 0, 1;
T_0.43 ;
T_0.13 ;
    %load/vec4 v0000024a63c37590_0;
    %parti/s 1, 0, 2;
    %flag_set/vec4 8;
    %jmp/0 T_0.74, 8;
    %load/vec4 v0000024a63c964f0_0;
    %load/vec4 v0000024a63c95440_0;
    %parti/s 8, 0, 2;
    %concat/vec4; draw_concat_vec4
    %load/vec4 v0000024a63c95760_0;
    %parti/s 23, 0, 2;
    %concat/vec4; draw_concat_vec4
    %jmp/1 T_0.75, 8;
T_0.74 ; End of true expr.
    %load/vec4 v0000024a63c964f0_0;
    %load/vec4 v0000024a63c95440_0;
    %parti/s 5, 0, 2;
    %concat/vec4; draw_concat_vec4
    %load/vec4 v0000024a63c95760_0;
    %parti/s 10, 0, 2;
    %concat/vec4; draw_concat_vec4
    %pad/u 32;
    %jmp/0 T_0.75, 8;
 ; End of false expr.
    %blend;
T_0.75;
    %store/vec4 v0000024a63c95300_0, 0, 32;
    %jmp T_0;
    .thread T_0, $push;
    .scope S_0000024a63c37ba0;
T_1 ;
    %pushi/vec4 1, 0, 1;
    %store/vec4 v0000024a63c97b70_0, 0, 1;
    %delay 5, 0;
    %pushi/vec4 0, 0, 1;
    %store/vec4 v0000024a63c97b70_0, 0, 1;
    %delay 5, 0;
    %jmp T_1;
    .thread T_1;
    .scope S_0000024a63c37ba0;
T_2 ;
    %vpi_call 2 64 "$readmemh", "testvector.tv", v0000024a63c973f0 {0 0 0};
    %pushi/vec4 0, 0, 32;
    %store/vec4 v0000024a63c96db0_0, 0, 32;
    %pushi/vec4 0, 0, 32;
    %store/vec4 v0000024a63c97670_0, 0, 32;
    %pushi/vec4 1, 0, 1;
    %store/vec4 v0000024a63c96c70_0, 0, 1;
    %delay 17, 0;
    %pushi/vec4 0, 0, 1;
    %store/vec4 v0000024a63c96c70_0, 0, 1;
    %end;
    .thread T_2;
    .scope S_0000024a63c37ba0;
T_3 ;
    %wait E_0000024a63c32580;
    %ix/getv 4, v0000024a63c97670_0;
    %load/vec4a v0000024a63c973f0, 4;
    %parti/s 4, 0, 2;
    %store/vec4 v0000024a63c96450_0, 0, 4;
    %ix/getv 4, v0000024a63c97670_0;
    %load/vec4a v0000024a63c973f0, 4;
    %parti/s 32, 4, 4;
    %store/vec4 v0000024a63c97030_0, 0, 32;
    %ix/getv 4, v0000024a63c97670_0;
    %load/vec4a v0000024a63c973f0, 4;
    %parti/s 32, 36, 7;
    %store/vec4 v0000024a63c970d0_0, 0, 32;
    %ix/getv 4, v0000024a63c97670_0;
    %load/vec4a v0000024a63c973f0, 4;
    %parti/s 32, 68, 8;
    %store/vec4 v0000024a63c96590_0, 0, 32;
    %ix/getv 4, v0000024a63c97670_0;
    %load/vec4a v0000024a63c973f0, 4;
    %parti/s 2, 100, 8;
    %store/vec4 v0000024a63c96810_0, 0, 2;
    %jmp T_3;
    .thread T_3;
    .scope S_0000024a63c37ba0;
T_4 ;
    %wait E_0000024a63c32900;
    %load/vec4 v0000024a63c96c70_0;
    %inv;
    %flag_set/vec4 8;
    %jmp/0xz  T_4.0, 8;
    %load/vec4 v0000024a63c97490_0;
    %load/vec4 v0000024a63c97030_0;
    %cmp/ne;
    %flag_mov 8, 6;
    %load/vec4 v0000024a63c96d10_0;
    %load/vec4 v0000024a63c96450_0;
    %cmp/ne;
    %flag_or 6, 8;
    %jmp/0xz  T_4.2, 6;
    %vpi_call 2 85 "$display", "testvector: %h", &A<v0000024a63c973f0, v0000024a63c97670_0 > {0 0 0};
    %vpi_call 2 86 "$display", "Vectornum: %d", v0000024a63c97670_0 {0 0 0};
    %load/vec4 v0000024a63c970d0_0;
    %vpi_call 2 87 "$display", "Error input a: %h", S<0,vec4,u32> {1 0 0};
    %load/vec4 v0000024a63c96590_0;
    %vpi_call 2 88 "$display", "Error input b: %h", S<0,vec4,u32> {1 0 0};
    %load/vec4 v0000024a63c96810_0;
    %vpi_call 2 89 "$display", "Error input FPUControl: %h", S<0,vec4,u2> {1 0 0};
    %vpi_call 2 90 "$display", "output Result:%h, Result_expected:%h", v0000024a63c97490_0, v0000024a63c97030_0 {0 0 0};
    %vpi_call 2 91 "$display", "output FPUFlags:%h, FPUFlags_expected:%h", v0000024a63c96d10_0, v0000024a63c96450_0 {0 0 0};
    %load/vec4 v0000024a63c96db0_0;
    %addi 1, 0, 32;
    %store/vec4 v0000024a63c96db0_0, 0, 32;
T_4.2 ;
    %load/vec4 v0000024a63c97670_0;
    %addi 1, 0, 32;
    %store/vec4 v0000024a63c97670_0, 0, 32;
    %ix/getv 4, v0000024a63c97670_0;
    %load/vec4a v0000024a63c973f0, 4;
    %parti/s 1, 0, 2;
    %cmpi/e 1, 1, 1;
    %jmp/0xz  T_4.4, 6;
    %vpi_call 2 98 "$display", "total errors: %d", v0000024a63c96db0_0 {0 0 0};
    %vpi_call 2 99 "$finish" {0 0 0};
T_4.4 ;
T_4.0 ;
    %jmp T_4;
    .thread T_4;
    .scope S_0000024a63c37ba0;
T_5 ;
    %vpi_call 2 104 "$dumpfile", "fpu.vcd" {0 0 0};
    %vpi_call 2 105 "$dumpvars" {0 0 0};
    %end;
    .thread T_5;
# The file index is used to find the file name in the following table.
:file_names 4;
    "N/A";
    "<interactive>";
    ".\fpu_tb.v";
    ".\fpu.v";
