#! /c/Source/iverilog-install/bin/vvp
:ivl_version "12.0 (devel)" "(s20150603-1110-g18392a46)";
:ivl_delay_selection "TYPICAL";
:vpi_time_precision + 0;
:vpi_module "C:\iverilog\lib\ivl\system.vpi";
:vpi_module "C:\iverilog\lib\ivl\vhdl_sys.vpi";
:vpi_module "C:\iverilog\lib\ivl\vhdl_textio.vpi";
:vpi_module "C:\iverilog\lib\ivl\v2005_math.vpi";
:vpi_module "C:\iverilog\lib\ivl\va_math.vpi";
S_000002a9dc123e80 .scope module, "testbench" "testbench" 2 1;
 .timescale 0 0;
v000002a9dc18f4f0_0 .net "Adr", 31 0, L_000002a9dc190ea0;  1 drivers
v000002a9dc18e5f0_0 .net "MemWrite", 0 0, L_000002a9dc121810;  1 drivers
v000002a9dc18e7d0_0 .net "WriteData", 31 0, v000002a9dc187a00_0;  1 drivers
v000002a9dc18f1d0_0 .var "clk", 0 0;
v000002a9dc18e4b0_0 .var "cycle", 31 0;
v000002a9dc18eeb0_0 .var "reset", 0 0;
E_000002a9dc105970 .event negedge, v000002a9dc109d70_0;
S_000002a9dc05c060 .scope module, "dut" "arm_multi" 2 8, 3 75 0, S_000002a9dc123e80;
 .timescale 0 0;
    .port_info 0 /INPUT 1 "clk";
    .port_info 1 /INPUT 1 "reset";
    .port_info 2 /OUTPUT 32 "WriteData";
    .port_info 3 /OUTPUT 32 "Adr";
    .port_info 4 /OUTPUT 1 "MemWrite";
v000002a9dc18ee10_0 .net "Adr", 31 0, L_000002a9dc190ea0;  alias, 1 drivers
v000002a9dc18ec30_0 .net "MemWrite", 0 0, L_000002a9dc121810;  alias, 1 drivers
v000002a9dc18ecd0_0 .net "ReadData", 31 0, L_000002a9dc1217a0;  1 drivers
v000002a9dc18e230_0 .net "WriteData", 31 0, v000002a9dc187a00_0;  alias, 1 drivers
v000002a9dc18ea50_0 .net "clk", 0 0, v000002a9dc18f1d0_0;  1 drivers
v000002a9dc18eaf0_0 .net "reset", 0 0, v000002a9dc18eeb0_0;  1 drivers
S_000002a9dc05c1f0 .scope module, "arm" "arm" 3 91, 4 6 0, S_000002a9dc05c060;
 .timescale 0 0;
    .port_info 0 /INPUT 1 "clk";
    .port_info 1 /INPUT 1 "reset";
    .port_info 2 /OUTPUT 1 "MemWrite";
    .port_info 3 /OUTPUT 32 "Adr";
    .port_info 4 /OUTPUT 32 "WriteData";
    .port_info 5 /INPUT 32 "ReadData";
v000002a9dc18d650_0 .net "ALUControl", 2 0, v000002a9dc17b080_0;  1 drivers
v000002a9dc18cd90_0 .net "ALUFlags", 3 0, L_000002a9dc1f0940;  1 drivers
v000002a9dc18c610_0 .net "ALUSrcA", 1 0, L_000002a9dc18f770;  1 drivers
v000002a9dc18c4d0_0 .net "ALUSrcB", 1 0, L_000002a9dc18e910;  1 drivers
v000002a9dc18c570_0 .net "Adr", 31 0, L_000002a9dc190ea0;  alias, 1 drivers
v000002a9dc18cf70_0 .net "AdrSrc", 0 0, L_000002a9dc18e190;  1 drivers
v000002a9dc18ce30_0 .net "FPUControl", 1 0, v000002a9dc17c0c0_0;  1 drivers
v000002a9dc18d010_0 .net "FPUFlags", 3 0, L_000002a9dc1ef360;  1 drivers
v000002a9dc18bc10_0 .net "IRWrite", 0 0, L_000002a9dc18e690;  1 drivers
v000002a9dc18be90_0 .net "ImmSrc", 1 0, L_000002a9dc121ea0;  1 drivers
v000002a9dc18c9d0_0 .net "Instr", 31 0, v000002a9dc186350_0;  1 drivers
v000002a9dc18d1f0_0 .net "MemWrite", 0 0, L_000002a9dc121810;  alias, 1 drivers
v000002a9dc18d290_0 .net "MulWrite", 0 0, v000002a9dc17e2b0_0;  1 drivers
v000002a9dc18dc90_0 .net "PCWrite", 0 0, L_000002a9dc121c70;  1 drivers
v000002a9dc18ddd0_0 .net "ReadData", 31 0, L_000002a9dc1217a0;  alias, 1 drivers
v000002a9dc18d330_0 .net "RegSrc", 1 0, L_000002a9dc1914e0;  1 drivers
v000002a9dc18d790_0 .net "RegWrite", 0 0, L_000002a9dc122140;  1 drivers
v000002a9dc18f3b0_0 .net "ResSrc", 0 0, v000002a9dc17e670_0;  1 drivers
v000002a9dc18eff0_0 .net "ResultSrc", 1 0, L_000002a9dc18f590;  1 drivers
v000002a9dc18e9b0_0 .net "WriteData", 31 0, v000002a9dc187a00_0;  alias, 1 drivers
v000002a9dc18f310_0 .net "clk", 0 0, v000002a9dc18f1d0_0;  alias, 1 drivers
v000002a9dc18f450_0 .net "reset", 0 0, v000002a9dc18eeb0_0;  alias, 1 drivers
L_000002a9dc1922a0 .part v000002a9dc186350_0, 12, 20;
L_000002a9dc191f80 .part v000002a9dc186350_0, 4, 4;
S_000002a9dc05c380 .scope module, "c" "controller" 4 38, 5 4 0, S_000002a9dc05c1f0;
 .timescale 0 0;
    .port_info 0 /INPUT 1 "clk";
    .port_info 1 /INPUT 1 "reset";
    .port_info 2 /INPUT 20 "Instr";
    .port_info 3 /INPUT 4 "ALUFlags";
    .port_info 4 /OUTPUT 1 "PCWrite";
    .port_info 5 /OUTPUT 1 "MemWrite";
    .port_info 6 /OUTPUT 1 "RegWrite";
    .port_info 7 /OUTPUT 1 "IRWrite";
    .port_info 8 /OUTPUT 1 "AdrSrc";
    .port_info 9 /OUTPUT 2 "RegSrc";
    .port_info 10 /OUTPUT 2 "ALUSrcA";
    .port_info 11 /OUTPUT 2 "ALUSrcB";
    .port_info 12 /OUTPUT 2 "ResultSrc";
    .port_info 13 /OUTPUT 2 "ImmSrc";
    .port_info 14 /OUTPUT 3 "ALUControl";
    .port_info 15 /INPUT 4 "FPUFlags";
    .port_info 16 /OUTPUT 2 "FPUControl";
    .port_info 17 /OUTPUT 1 "ResSrc";
    .port_info 18 /OUTPUT 1 "MulWrite";
    .port_info 19 /INPUT 4 "MulOp";
v000002a9dc17d130_0 .net "ALUControl", 2 0, v000002a9dc17b080_0;  alias, 1 drivers
v000002a9dc17d310_0 .net "ALUFlags", 3 0, L_000002a9dc1f0940;  alias, 1 drivers
v000002a9dc17cff0_0 .net "ALUSrcA", 1 0, L_000002a9dc18f770;  alias, 1 drivers
v000002a9dc17db30_0 .net "ALUSrcB", 1 0, L_000002a9dc18e910;  alias, 1 drivers
v000002a9dc17e490_0 .net "AdrSrc", 0 0, L_000002a9dc18e190;  alias, 1 drivers
v000002a9dc17e0d0_0 .net "FPUControl", 1 0, v000002a9dc17c0c0_0;  alias, 1 drivers
v000002a9dc17ca50_0 .net "FPUFlagW", 1 0, v000002a9dc17b620_0;  1 drivers
v000002a9dc17def0_0 .net "FPUFlags", 3 0, L_000002a9dc1ef360;  alias, 1 drivers
v000002a9dc17e350_0 .net "FlagW", 1 0, v000002a9dc17b260_0;  1 drivers
v000002a9dc17d590_0 .net "IRWrite", 0 0, L_000002a9dc18e690;  alias, 1 drivers
v000002a9dc17e530_0 .net "ImmSrc", 1 0, L_000002a9dc121ea0;  alias, 1 drivers
v000002a9dc17d810_0 .net "Instr", 31 12, L_000002a9dc1922a0;  1 drivers
v000002a9dc17c910_0 .net "MemW", 0 0, L_000002a9dc18f270;  1 drivers
v000002a9dc17d450_0 .net "MemWrite", 0 0, L_000002a9dc121810;  alias, 1 drivers
v000002a9dc17c9b0_0 .net "MulOp", 3 0, L_000002a9dc191f80;  1 drivers
v000002a9dc17d770_0 .net "MulWrite", 0 0, v000002a9dc17e2b0_0;  alias, 1 drivers
v000002a9dc17caf0_0 .net "NextPC", 0 0, L_000002a9dc18e0f0;  1 drivers
v000002a9dc17cd70_0 .net "PCS", 0 0, L_000002a9dc1223e0;  1 drivers
v000002a9dc17ce10_0 .net "PCWrite", 0 0, L_000002a9dc121c70;  alias, 1 drivers
v000002a9dc17d9f0_0 .net "RegSrc", 1 0, L_000002a9dc1914e0;  alias, 1 drivers
v000002a9dc17d270_0 .net "RegW", 0 0, L_000002a9dc18e410;  1 drivers
v000002a9dc17d8b0_0 .net "RegWrite", 0 0, L_000002a9dc122140;  alias, 1 drivers
v000002a9dc17d950_0 .net "ResSrc", 0 0, v000002a9dc17e670_0;  alias, 1 drivers
v000002a9dc17da90_0 .net "ResultSrc", 1 0, L_000002a9dc18f590;  alias, 1 drivers
v000002a9dc17df90_0 .net "clk", 0 0, v000002a9dc18f1d0_0;  alias, 1 drivers
v000002a9dc17ceb0_0 .net "reset", 0 0, v000002a9dc18eeb0_0;  alias, 1 drivers
L_000002a9dc190f40 .part L_000002a9dc1922a0, 14, 2;
L_000002a9dc191a80 .part L_000002a9dc1922a0, 8, 6;
L_000002a9dc190fe0 .part L_000002a9dc1922a0, 0, 4;
L_000002a9dc190ae0 .part L_000002a9dc1922a0, 16, 4;
S_000002a9dc059ae0 .scope module, "cl" "condlogic" 5 79, 6 6 0, S_000002a9dc05c380;
 .timescale 0 0;
    .port_info 0 /INPUT 1 "clk";
    .port_info 1 /INPUT 1 "reset";
    .port_info 2 /INPUT 4 "Cond";
    .port_info 3 /INPUT 4 "ALUFlags";
    .port_info 4 /INPUT 2 "FlagW";
    .port_info 5 /INPUT 1 "PCS";
    .port_info 6 /INPUT 1 "NextPC";
    .port_info 7 /INPUT 1 "RegW";
    .port_info 8 /INPUT 1 "MemW";
    .port_info 9 /OUTPUT 1 "PCWrite";
    .port_info 10 /OUTPUT 1 "RegWrite";
    .port_info 11 /OUTPUT 1 "MemWrite";
    .port_info 12 /INPUT 1 "ResSrc";
    .port_info 13 /INPUT 2 "FPUFlagW";
    .port_info 14 /INPUT 4 "FPUFlags";
L_000002a9dc1220d0 .functor AND 1, L_000002a9dc1223e0, v000002a9dc10a6d0_0, C4<1>, C4<1>;
L_000002a9dc121c70 .functor OR 1, L_000002a9dc18e0f0, L_000002a9dc1220d0, C4<0>, C4<0>;
L_000002a9dc122140 .functor AND 1, L_000002a9dc18e410, v000002a9dc10a6d0_0, C4<1>, C4<1>;
L_000002a9dc121810 .functor AND 1, L_000002a9dc18f270, v000002a9dc10a6d0_0, C4<1>, C4<1>;
v000002a9dc0de4f0_0 .net "ALUFlags", 3 0, L_000002a9dc1f0940;  alias, 1 drivers
v000002a9dc0de590_0 .net "Cond", 3 0, L_000002a9dc190ae0;  1 drivers
v000002a9dc0dc830_0 .net "CondEx", 0 0, v000002a9dc109c30_0;  1 drivers
v000002a9dc0f77e0_0 .net "CondExReg", 0 0, v000002a9dc10a6d0_0;  1 drivers
v000002a9dc0f7b00_0 .net "FPUFlagW", 1 0, v000002a9dc17b620_0;  alias, 1 drivers
v000002a9dc0f7880_0 .net "FPUFlags", 3 0, L_000002a9dc1ef360;  alias, 1 drivers
v000002a9dc0f79c0_0 .net "FlagW", 1 0, v000002a9dc17b260_0;  alias, 1 drivers
v000002a9dc06ba00_0 .net "FlagWmux", 1 0, L_000002a9dc191b20;  1 drivers
v000002a9dc06bbe0_0 .net "FlagWrite", 1 0, L_000002a9dc190c20;  1 drivers
v000002a9dc17c700_0 .net "Flags", 3 0, L_000002a9dc1918a0;  1 drivers
v000002a9dc17bc60_0 .net "Flagsmux", 3 0, L_000002a9dc191080;  1 drivers
v000002a9dc17c200_0 .net "MemW", 0 0, L_000002a9dc18f270;  alias, 1 drivers
v000002a9dc17be40_0 .net "MemWrite", 0 0, L_000002a9dc121810;  alias, 1 drivers
v000002a9dc17c340_0 .net "NextPC", 0 0, L_000002a9dc18e0f0;  alias, 1 drivers
v000002a9dc17c160_0 .net "PCS", 0 0, L_000002a9dc1223e0;  alias, 1 drivers
v000002a9dc17a900_0 .net "PCWrite", 0 0, L_000002a9dc121c70;  alias, 1 drivers
v000002a9dc17c3e0_0 .net "RegW", 0 0, L_000002a9dc18e410;  alias, 1 drivers
v000002a9dc17b8a0_0 .net "RegWrite", 0 0, L_000002a9dc122140;  alias, 1 drivers
v000002a9dc17a9a0_0 .net "ResSrc", 0 0, v000002a9dc17e670_0;  alias, 1 drivers
v000002a9dc17b940_0 .net *"_ivl_0", 31 0, L_000002a9dc191bc0;  1 drivers
v000002a9dc17b580_0 .net *"_ivl_25", 0 0, L_000002a9dc1220d0;  1 drivers
L_000002a9dc1929a0 .functor BUFT 1, C4<0000000000000000000000000000000>, C4<0>, C4<0>, C4<0>;
v000002a9dc17c2a0_0 .net *"_ivl_3", 30 0, L_000002a9dc1929a0;  1 drivers
L_000002a9dc1929e8 .functor BUFT 1, C4<00000000000000000000000000000001>, C4<0>, C4<0>, C4<0>;
v000002a9dc17c480_0 .net/2u *"_ivl_4", 31 0, L_000002a9dc1929e8;  1 drivers
v000002a9dc17b300_0 .net *"_ivl_6", 0 0, L_000002a9dc191ee0;  1 drivers
L_000002a9dc192a30 .functor BUFT 1, C4<00>, C4<0>, C4<0>, C4<0>;
v000002a9dc17aa40_0 .net/2u *"_ivl_8", 1 0, L_000002a9dc192a30;  1 drivers
v000002a9dc17bd00_0 .net "clk", 0 0, v000002a9dc18f1d0_0;  alias, 1 drivers
v000002a9dc17b800_0 .net "reset", 0 0, v000002a9dc18eeb0_0;  alias, 1 drivers
L_000002a9dc191bc0 .concat [ 1 31 0 0], v000002a9dc109c30_0, L_000002a9dc1929a0;
L_000002a9dc191ee0 .cmp/eq 32, L_000002a9dc191bc0, L_000002a9dc1929e8;
L_000002a9dc190c20 .functor MUXZ 2, L_000002a9dc192a30, L_000002a9dc191b20, L_000002a9dc191ee0, C4<>;
L_000002a9dc191300 .part L_000002a9dc190c20, 0, 1;
L_000002a9dc191120 .part L_000002a9dc191080, 0, 2;
L_000002a9dc1909a0 .part L_000002a9dc190c20, 1, 1;
L_000002a9dc1919e0 .part L_000002a9dc191080, 2, 2;
L_000002a9dc1918a0 .concat8 [ 2 2 0 0], v000002a9dc10ab30_0, v000002a9dc1090f0_0;
S_000002a9dc059c70 .scope module, "cc" "condcheck" 6 91, 7 4 0, S_000002a9dc059ae0;
 .timescale 0 0;
    .port_info 0 /INPUT 4 "Cond";
    .port_info 1 /INPUT 4 "Flags";
    .port_info 2 /OUTPUT 1 "CondEx";
L_000002a9dc121570 .functor BUFZ 4, L_000002a9dc1918a0, C4<0000>, C4<0000>, C4<0000>;
L_000002a9dc121f10 .functor XNOR 1, L_000002a9dc191e40, L_000002a9dc191800, C4<0>, C4<0>;
v000002a9dc10a3b0_0 .net "Cond", 3 0, L_000002a9dc190ae0;  alias, 1 drivers
v000002a9dc109c30_0 .var "CondEx", 0 0;
v000002a9dc109870_0 .net "Flags", 3 0, L_000002a9dc1918a0;  alias, 1 drivers
v000002a9dc10a950_0 .net *"_ivl_6", 3 0, L_000002a9dc121570;  1 drivers
v000002a9dc109b90_0 .net "carry", 0 0, L_000002a9dc192480;  1 drivers
v000002a9dc109410_0 .net "ge", 0 0, L_000002a9dc121f10;  1 drivers
v000002a9dc109cd0_0 .net "neg", 0 0, L_000002a9dc191e40;  1 drivers
v000002a9dc1094b0_0 .net "overflow", 0 0, L_000002a9dc191800;  1 drivers
v000002a9dc10a090_0 .net "zero", 0 0, L_000002a9dc1927a0;  1 drivers
E_000002a9dc105ef0/0 .event anyedge, v000002a9dc10a3b0_0, v000002a9dc10a090_0, v000002a9dc109b90_0, v000002a9dc109cd0_0;
E_000002a9dc105ef0/1 .event anyedge, v000002a9dc1094b0_0, v000002a9dc109410_0;
E_000002a9dc105ef0 .event/or E_000002a9dc105ef0/0, E_000002a9dc105ef0/1;
L_000002a9dc191e40 .part L_000002a9dc121570, 3, 1;
L_000002a9dc1927a0 .part L_000002a9dc121570, 2, 1;
L_000002a9dc192480 .part L_000002a9dc121570, 1, 1;
L_000002a9dc191800 .part L_000002a9dc121570, 0, 1;
S_000002a9dc059e00 .scope module, "condexreg" "flopr" 6 84, 8 1 0, S_000002a9dc059ae0;
 .timescale 0 0;
    .port_info 0 /INPUT 1 "clk";
    .port_info 1 /INPUT 1 "reset";
    .port_info 2 /INPUT 1 "d";
    .port_info 3 /OUTPUT 1 "q";
P_000002a9dc106db0 .param/l "WIDTH" 0 8 7, +C4<00000000000000000000000000000001>;
v000002a9dc109d70_0 .net "clk", 0 0, v000002a9dc18f1d0_0;  alias, 1 drivers
v000002a9dc109eb0_0 .net "d", 0 0, v000002a9dc109c30_0;  alias, 1 drivers
v000002a9dc10a6d0_0 .var "q", 0 0;
v000002a9dc10adb0_0 .net "reset", 0 0, v000002a9dc18eeb0_0;  alias, 1 drivers
E_000002a9dc1069f0 .event posedge, v000002a9dc10adb0_0, v000002a9dc109d70_0;
S_000002a9dc0b03c0 .scope module, "flagsreg0" "flopenr" 6 68, 9 1 0, S_000002a9dc059ae0;
 .timescale 0 0;
    .port_info 0 /INPUT 1 "clk";
    .port_info 1 /INPUT 1 "reset";
    .port_info 2 /INPUT 1 "en";
    .port_info 3 /INPUT 2 "d";
    .port_info 4 /OUTPUT 2 "q";
P_000002a9dc106df0 .param/l "WIDTH" 0 9 8, +C4<00000000000000000000000000000010>;
v000002a9dc10aa90_0 .net "clk", 0 0, v000002a9dc18f1d0_0;  alias, 1 drivers
v000002a9dc109f50_0 .net "d", 1 0, L_000002a9dc191120;  1 drivers
v000002a9dc109ff0_0 .net "en", 0 0, L_000002a9dc191300;  1 drivers
v000002a9dc10ab30_0 .var "q", 1 0;
v000002a9dc10a1d0_0 .net "reset", 0 0, v000002a9dc18eeb0_0;  alias, 1 drivers
S_000002a9dc0b0550 .scope module, "flagsreg1" "flopenr" 6 76, 9 1 0, S_000002a9dc059ae0;
 .timescale 0 0;
    .port_info 0 /INPUT 1 "clk";
    .port_info 1 /INPUT 1 "reset";
    .port_info 2 /INPUT 1 "en";
    .port_info 3 /INPUT 2 "d";
    .port_info 4 /OUTPUT 2 "q";
P_000002a9dc106b30 .param/l "WIDTH" 0 9 8, +C4<00000000000000000000000000000010>;
v000002a9dc10a270_0 .net "clk", 0 0, v000002a9dc18f1d0_0;  alias, 1 drivers
v000002a9dc10ac70_0 .net "d", 1 0, L_000002a9dc1919e0;  1 drivers
v000002a9dc108fb0_0 .net "en", 0 0, L_000002a9dc1909a0;  1 drivers
v000002a9dc1090f0_0 .var "q", 1 0;
v000002a9dc10a770_0 .net "reset", 0 0, v000002a9dc18eeb0_0;  alias, 1 drivers
S_000002a9dc0b06e0 .scope module, "muxFlagW" "mux2" 6 46, 10 1 0, S_000002a9dc059ae0;
 .timescale 0 0;
    .port_info 0 /INPUT 2 "d0";
    .port_info 1 /INPUT 2 "d1";
    .port_info 2 /INPUT 1 "s";
    .port_info 3 /OUTPUT 2 "y";
P_000002a9dc1060f0 .param/l "WIDTH" 0 10 7, +C4<00000000000000000000000000000010>;
v000002a9dc109190_0 .net "d0", 1 0, v000002a9dc17b260_0;  alias, 1 drivers
v000002a9dc0dca10_0 .net "d1", 1 0, v000002a9dc17b620_0;  alias, 1 drivers
v000002a9dc0de130_0 .net "s", 0 0, v000002a9dc17e670_0;  alias, 1 drivers
v000002a9dc0ddc30_0 .net "y", 1 0, L_000002a9dc191b20;  alias, 1 drivers
L_000002a9dc191b20 .functor MUXZ 2, v000002a9dc17b260_0, v000002a9dc17b620_0, v000002a9dc17e670_0, C4<>;
S_000002a9dc06d250 .scope module, "muxFlags" "mux2" 6 52, 10 1 0, S_000002a9dc059ae0;
 .timescale 0 0;
    .port_info 0 /INPUT 4 "d0";
    .port_info 1 /INPUT 4 "d1";
    .port_info 2 /INPUT 1 "s";
    .port_info 3 /OUTPUT 4 "y";
P_000002a9dc106370 .param/l "WIDTH" 0 10 7, +C4<00000000000000000000000000000100>;
v000002a9dc0ddff0_0 .net "d0", 3 0, L_000002a9dc1f0940;  alias, 1 drivers
v000002a9dc0de090_0 .net "d1", 3 0, L_000002a9dc1ef360;  alias, 1 drivers
v000002a9dc0de270_0 .net "s", 0 0, v000002a9dc17e670_0;  alias, 1 drivers
v000002a9dc0de450_0 .net "y", 3 0, L_000002a9dc191080;  alias, 1 drivers
L_000002a9dc191080 .functor MUXZ 4, L_000002a9dc1f0940, L_000002a9dc1ef360, v000002a9dc17e670_0, C4<>;
S_000002a9dc06d3e0 .scope module, "dec" "decode" 5 54, 11 3 0, S_000002a9dc05c380;
 .timescale 0 0;
    .port_info 0 /INPUT 1 "clk";
    .port_info 1 /INPUT 1 "reset";
    .port_info 2 /INPUT 2 "Op";
    .port_info 3 /INPUT 6 "Funct";
    .port_info 4 /INPUT 4 "Rd";
    .port_info 5 /OUTPUT 2 "FlagW";
    .port_info 6 /OUTPUT 1 "PCS";
    .port_info 7 /OUTPUT 1 "NextPC";
    .port_info 8 /OUTPUT 1 "RegW";
    .port_info 9 /OUTPUT 1 "MemW";
    .port_info 10 /OUTPUT 1 "IRWrite";
    .port_info 11 /OUTPUT 1 "AdrSrc";
    .port_info 12 /OUTPUT 2 "ResultSrc";
    .port_info 13 /OUTPUT 2 "ALUSrcA";
    .port_info 14 /OUTPUT 2 "ALUSrcB";
    .port_info 15 /OUTPUT 2 "ImmSrc";
    .port_info 16 /OUTPUT 2 "RegSrc";
    .port_info 17 /OUTPUT 3 "ALUControl";
    .port_info 18 /OUTPUT 2 "FPUControl";
    .port_info 19 /OUTPUT 1 "ResSrc";
    .port_info 20 /OUTPUT 2 "FPUFlagW";
    .port_info 21 /INPUT 4 "MulOp";
    .port_info 22 /OUTPUT 1 "MulWrite";
L_000002a9dc121f80 .functor AND 1, L_000002a9dc18ed70, L_000002a9dc18e410, C4<1>, C4<1>;
L_000002a9dc1223e0 .functor OR 1, L_000002a9dc121f80, L_000002a9dc18eb90, C4<0>, C4<0>;
L_000002a9dc121ea0 .functor BUFZ 2, L_000002a9dc190f40, C4<00>, C4<00>, C4<00>;
v000002a9dc17b080_0 .var "ALUControl", 2 0;
v000002a9dc17c020_0 .net "ALUOp", 0 0, L_000002a9dc18e730;  1 drivers
v000002a9dc17aea0_0 .net "ALUSrcA", 1 0, L_000002a9dc18f770;  alias, 1 drivers
v000002a9dc17af40_0 .net "ALUSrcB", 1 0, L_000002a9dc18e910;  alias, 1 drivers
v000002a9dc17b3a0_0 .net "AdrSrc", 0 0, L_000002a9dc18e190;  alias, 1 drivers
v000002a9dc17b1c0_0 .net "Branch", 0 0, L_000002a9dc18eb90;  1 drivers
v000002a9dc17c0c0_0 .var "FPUControl", 1 0;
v000002a9dc17b620_0 .var "FPUFlagW", 1 0;
v000002a9dc17b260_0 .var "FlagW", 1 0;
v000002a9dc17b440_0 .net "Funct", 5 0, L_000002a9dc191a80;  1 drivers
v000002a9dc17c5c0_0 .net "IRWrite", 0 0, L_000002a9dc18e690;  alias, 1 drivers
v000002a9dc17c660_0 .net "ImmSrc", 1 0, L_000002a9dc121ea0;  alias, 1 drivers
v000002a9dc17b4e0_0 .net "MemW", 0 0, L_000002a9dc18f270;  alias, 1 drivers
v000002a9dc17b6c0_0 .net "MulOp", 3 0, L_000002a9dc191f80;  alias, 1 drivers
v000002a9dc17e2b0_0 .var "MulWrite", 0 0;
v000002a9dc17e170_0 .net "NextPC", 0 0, L_000002a9dc18e0f0;  alias, 1 drivers
v000002a9dc17ddb0_0 .net "Op", 1 0, L_000002a9dc190f40;  1 drivers
v000002a9dc17cb90_0 .net "PCS", 0 0, L_000002a9dc1223e0;  alias, 1 drivers
v000002a9dc17c870_0 .net "Rd", 3 0, L_000002a9dc190fe0;  1 drivers
v000002a9dc17e3f0_0 .net "RegSrc", 1 0, L_000002a9dc1914e0;  alias, 1 drivers
v000002a9dc17d630_0 .net "RegW", 0 0, L_000002a9dc18e410;  alias, 1 drivers
v000002a9dc17e670_0 .var "ResSrc", 0 0;
v000002a9dc17e210_0 .net "ResultSrc", 1 0, L_000002a9dc18f590;  alias, 1 drivers
L_000002a9dc1928c8 .functor BUFT 1, C4<1111>, C4<0>, C4<0>, C4<0>;
v000002a9dc17e710_0 .net/2u *"_ivl_0", 3 0, L_000002a9dc1928c8;  1 drivers
L_000002a9dc192910 .functor BUFT 1, C4<01>, C4<0>, C4<0>, C4<0>;
v000002a9dc17d1d0_0 .net/2u *"_ivl_12", 1 0, L_000002a9dc192910;  1 drivers
v000002a9dc17de50_0 .net *"_ivl_14", 0 0, L_000002a9dc18f630;  1 drivers
L_000002a9dc192958 .functor BUFT 1, C4<10>, C4<0>, C4<0>, C4<0>;
v000002a9dc17d3b0_0 .net/2u *"_ivl_19", 1 0, L_000002a9dc192958;  1 drivers
v000002a9dc17cf50_0 .net *"_ivl_2", 0 0, L_000002a9dc18ed70;  1 drivers
v000002a9dc17cc30_0 .net *"_ivl_21", 0 0, L_000002a9dc192200;  1 drivers
v000002a9dc17e5d0_0 .net *"_ivl_4", 0 0, L_000002a9dc121f80;  1 drivers
v000002a9dc17ccd0_0 .net "clk", 0 0, v000002a9dc18f1d0_0;  alias, 1 drivers
v000002a9dc17d6d0_0 .net "reset", 0 0, v000002a9dc18eeb0_0;  alias, 1 drivers
E_000002a9dc106630/0 .event anyedge, v000002a9dc17ba80_0, v000002a9dc17bbc0_0, v000002a9dc17b6c0_0, v000002a9dc17bee0_0;
E_000002a9dc106630/1 .event anyedge, v000002a9dc17b080_0;
E_000002a9dc106630 .event/or E_000002a9dc106630/0, E_000002a9dc106630/1;
L_000002a9dc18ed70 .cmp/eq 4, L_000002a9dc190fe0, L_000002a9dc1928c8;
L_000002a9dc18f630 .cmp/eq 2, L_000002a9dc190f40, L_000002a9dc192910;
L_000002a9dc1914e0 .concat8 [ 1 1 0 0], L_000002a9dc192200, L_000002a9dc18f630;
L_000002a9dc192200 .cmp/eq 2, L_000002a9dc190f40, L_000002a9dc192958;
S_000002a9dc0a09e0 .scope module, "fsm" "mainfsm" 11 56, 12 1 0, S_000002a9dc06d3e0;
 .timescale 0 0;
    .port_info 0 /INPUT 1 "clk";
    .port_info 1 /INPUT 1 "reset";
    .port_info 2 /INPUT 2 "Op";
    .port_info 3 /INPUT 6 "Funct";
    .port_info 4 /OUTPUT 1 "IRWrite";
    .port_info 5 /OUTPUT 1 "AdrSrc";
    .port_info 6 /OUTPUT 2 "ALUSrcA";
    .port_info 7 /OUTPUT 2 "ALUSrcB";
    .port_info 8 /OUTPUT 2 "ResultSrc";
    .port_info 9 /OUTPUT 1 "NextPC";
    .port_info 10 /OUTPUT 1 "RegW";
    .port_info 11 /OUTPUT 1 "MemW";
    .port_info 12 /OUTPUT 1 "Branch";
    .port_info 13 /OUTPUT 1 "ALUOp";
P_000002a9dc0a0b70 .param/l "ALUWB" 1 12 43, C4<1000>;
P_000002a9dc0a0ba8 .param/l "BRANCH" 1 12 44, C4<1001>;
P_000002a9dc0a0be0 .param/l "DECODE" 1 12 36, C4<0001>;
P_000002a9dc0a0c18 .param/l "EXECUTEI" 1 12 42, C4<0111>;
P_000002a9dc0a0c50 .param/l "EXECUTER" 1 12 41, C4<0110>;
P_000002a9dc0a0c88 .param/l "FETCH" 1 12 35, C4<0000>;
P_000002a9dc0a0cc0 .param/l "MEMADR" 1 12 37, C4<0010>;
P_000002a9dc0a0cf8 .param/l "MEMREAD" 1 12 38, C4<0011>;
P_000002a9dc0a0d30 .param/l "MEMWB" 1 12 39, C4<0100>;
P_000002a9dc0a0d68 .param/l "MEMWRITE" 1 12 40, C4<0101>;
P_000002a9dc0a0da0 .param/l "UNKNOWN" 1 12 45, C4<1010>;
v000002a9dc17ba80_0 .net "ALUOp", 0 0, L_000002a9dc18e730;  alias, 1 drivers
v000002a9dc17ad60_0 .net "ALUSrcA", 1 0, L_000002a9dc18f770;  alias, 1 drivers
v000002a9dc17bf80_0 .net "ALUSrcB", 1 0, L_000002a9dc18e910;  alias, 1 drivers
v000002a9dc17bda0_0 .net "AdrSrc", 0 0, L_000002a9dc18e190;  alias, 1 drivers
v000002a9dc17bb20_0 .net "Branch", 0 0, L_000002a9dc18eb90;  alias, 1 drivers
v000002a9dc17bee0_0 .net "Funct", 5 0, L_000002a9dc191a80;  alias, 1 drivers
v000002a9dc17aae0_0 .net "IRWrite", 0 0, L_000002a9dc18e690;  alias, 1 drivers
v000002a9dc17afe0_0 .net "MemW", 0 0, L_000002a9dc18f270;  alias, 1 drivers
v000002a9dc17b120_0 .net "NextPC", 0 0, L_000002a9dc18e0f0;  alias, 1 drivers
v000002a9dc17bbc0_0 .net "Op", 1 0, L_000002a9dc190f40;  alias, 1 drivers
v000002a9dc17c520_0 .net "RegW", 0 0, L_000002a9dc18e410;  alias, 1 drivers
v000002a9dc17ab80_0 .net "ResultSrc", 1 0, L_000002a9dc18f590;  alias, 1 drivers
v000002a9dc17b760_0 .net *"_ivl_12", 12 0, v000002a9dc17ac20_0;  1 drivers
v000002a9dc17ae00_0 .net "clk", 0 0, v000002a9dc18f1d0_0;  alias, 1 drivers
v000002a9dc17ac20_0 .var "controls", 12 0;
v000002a9dc17a860_0 .var "nextstate", 3 0;
v000002a9dc17b9e0_0 .net "reset", 0 0, v000002a9dc18eeb0_0;  alias, 1 drivers
v000002a9dc17acc0_0 .var "state", 3 0;
E_000002a9dc106770 .event anyedge, v000002a9dc17acc0_0;
E_000002a9dc106670 .event anyedge, v000002a9dc17acc0_0, v000002a9dc17bbc0_0, v000002a9dc17bee0_0;
L_000002a9dc18e0f0 .part v000002a9dc17ac20_0, 12, 1;
L_000002a9dc18eb90 .part v000002a9dc17ac20_0, 11, 1;
L_000002a9dc18f270 .part v000002a9dc17ac20_0, 10, 1;
L_000002a9dc18e410 .part v000002a9dc17ac20_0, 9, 1;
L_000002a9dc18e690 .part v000002a9dc17ac20_0, 8, 1;
L_000002a9dc18e190 .part v000002a9dc17ac20_0, 7, 1;
L_000002a9dc18f590 .part v000002a9dc17ac20_0, 5, 2;
L_000002a9dc18f770 .part v000002a9dc17ac20_0, 3, 2;
L_000002a9dc18e910 .part v000002a9dc17ac20_0, 1, 2;
L_000002a9dc18e730 .part v000002a9dc17ac20_0, 0, 1;
S_000002a9dc065260 .scope module, "dp" "datapath" 4 60, 13 16 0, S_000002a9dc05c1f0;
 .timescale 0 0;
    .port_info 0 /INPUT 1 "clk";
    .port_info 1 /INPUT 1 "reset";
    .port_info 2 /OUTPUT 32 "Adr";
    .port_info 3 /OUTPUT 32 "WriteData";
    .port_info 4 /INPUT 32 "ReadData";
    .port_info 5 /OUTPUT 32 "Instr";
    .port_info 6 /OUTPUT 4 "ALUFlags";
    .port_info 7 /INPUT 1 "PCWrite";
    .port_info 8 /INPUT 1 "RegWrite";
    .port_info 9 /INPUT 1 "IRWrite";
    .port_info 10 /INPUT 1 "AdrSrc";
    .port_info 11 /INPUT 2 "RegSrc";
    .port_info 12 /INPUT 2 "ALUSrcA";
    .port_info 13 /INPUT 2 "ALUSrcB";
    .port_info 14 /INPUT 2 "ResultSrc";
    .port_info 15 /INPUT 2 "ImmSrc";
    .port_info 16 /INPUT 3 "ALUControl";
    .port_info 17 /INPUT 1 "ResSrc";
    .port_info 18 /INPUT 2 "FPUControl";
    .port_info 19 /OUTPUT 4 "FPUFlags";
    .port_info 20 /INPUT 1 "MulWrite";
v000002a9dc18d510_0 .net "A", 31 0, v000002a9dc189120_0;  1 drivers
v000002a9dc18d5b0_0 .net "ALUControl", 2 0, v000002a9dc17b080_0;  alias, 1 drivers
v000002a9dc18cb10_0 .net "ALUFlags", 3 0, L_000002a9dc1f0940;  alias, 1 drivers
v000002a9dc18d0b0_0 .net "ALUOut", 31 0, v000002a9dc182f70_0;  1 drivers
v000002a9dc18cbb0_0 .net "ALUResult1", 31 0, v000002a9dc17dc70_0;  1 drivers
v000002a9dc18b990_0 .net "ALUResult2", 31 0, v000002a9dc17dd10_0;  1 drivers
v000002a9dc18c1b0_0 .net "ALUSrcA", 1 0, L_000002a9dc18f770;  alias, 1 drivers
v000002a9dc18bad0_0 .net "ALUSrcB", 1 0, L_000002a9dc18e910;  alias, 1 drivers
v000002a9dc18c750_0 .net "Adr", 31 0, L_000002a9dc190ea0;  alias, 1 drivers
v000002a9dc18ccf0_0 .net "AdrSrc", 0 0, L_000002a9dc18e190;  alias, 1 drivers
v000002a9dc18b8f0_0 .net "Data", 31 0, v000002a9dc187570_0;  1 drivers
v000002a9dc18c250_0 .net "ExtImm", 31 0, v000002a9dc1876b0_0;  1 drivers
v000002a9dc18ca70_0 .net "FPUControl", 1 0, v000002a9dc17c0c0_0;  alias, 1 drivers
v000002a9dc18e050_0 .net "FPUFlags", 3 0, L_000002a9dc1ef360;  alias, 1 drivers
v000002a9dc18c7f0_0 .net "FPUResult", 31 0, v000002a9dc1858b0_0;  1 drivers
v000002a9dc18dbf0_0 .net "IRWrite", 0 0, L_000002a9dc18e690;  alias, 1 drivers
v000002a9dc18da10_0 .net "ImmSrc", 1 0, L_000002a9dc121ea0;  alias, 1 drivers
v000002a9dc18c6b0_0 .net "Instr", 31 0, v000002a9dc186350_0;  alias, 1 drivers
v000002a9dc18d3d0_0 .net "MulWrite", 0 0, v000002a9dc17e2b0_0;  alias, 1 drivers
v000002a9dc18bf30_0 .net "OpResult", 31 0, L_000002a9dc1ef860;  1 drivers
v000002a9dc18c890_0 .net "PC", 31 0, v000002a9dc186b70_0;  1 drivers
v000002a9dc18dab0_0 .net "PCWrite", 0 0, L_000002a9dc121c70;  alias, 1 drivers
v000002a9dc18d6f0_0 .net "RA1", 3 0, L_000002a9dc192660;  1 drivers
v000002a9dc18ba30_0 .net "RA2", 3 0, L_000002a9dc191940;  1 drivers
v000002a9dc18bd50_0 .net "RD1", 31 0, L_000002a9dc190e00;  1 drivers
v000002a9dc18cc50_0 .net "RD2", 31 0, L_000002a9dc192340;  1 drivers
v000002a9dc18d830_0 .net "ReadData", 31 0, L_000002a9dc1217a0;  alias, 1 drivers
v000002a9dc18df10_0 .net "RegSrc", 1 0, L_000002a9dc1914e0;  alias, 1 drivers
v000002a9dc18c430_0 .net "RegWrite", 0 0, L_000002a9dc122140;  alias, 1 drivers
v000002a9dc18c930_0 .net "ResSrc", 0 0, v000002a9dc17e670_0;  alias, 1 drivers
v000002a9dc18dd30_0 .net "Result", 31 0, L_000002a9dc1eec80;  1 drivers
v000002a9dc18c2f0_0 .net "ResultSrc", 1 0, L_000002a9dc18f590;  alias, 1 drivers
v000002a9dc18c390_0 .net "SrcA", 31 0, L_000002a9dc191620;  1 drivers
v000002a9dc18bfd0_0 .net "SrcB", 31 0, L_000002a9dc1925c0;  1 drivers
v000002a9dc18d150_0 .net "WriteData", 31 0, v000002a9dc187a00_0;  alias, 1 drivers
v000002a9dc18dfb0_0 .net "clk", 0 0, v000002a9dc18f1d0_0;  alias, 1 drivers
v000002a9dc18bdf0_0 .net "reset", 0 0, v000002a9dc18eeb0_0;  alias, 1 drivers
L_000002a9dc191760 .part v000002a9dc186350_0, 16, 4;
L_000002a9dc192160 .part L_000002a9dc1914e0, 0, 1;
L_000002a9dc190b80 .part v000002a9dc186350_0, 0, 4;
L_000002a9dc190cc0 .part v000002a9dc186350_0, 12, 4;
L_000002a9dc190d60 .part L_000002a9dc1914e0, 1, 1;
L_000002a9dc191260 .part v000002a9dc186350_0, 12, 4;
L_000002a9dc190a40 .part v000002a9dc186350_0, 8, 4;
L_000002a9dc191440 .part v000002a9dc186350_0, 0, 24;
S_000002a9dc065550 .scope module, "alu" "alu" 13 169, 14 1 0, S_000002a9dc065260;
 .timescale 0 0;
    .port_info 0 /INPUT 32 "a";
    .port_info 1 /INPUT 32 "b";
    .port_info 2 /INPUT 3 "ALUControl";
    .port_info 3 /OUTPUT 32 "Result1";
    .port_info 4 /OUTPUT 32 "Result2";
    .port_info 5 /OUTPUT 4 "ALUFlags";
L_000002a9dc121b90 .functor BUFZ 32, L_000002a9dc191620, C4<00000000000000000000000000000000>, C4<00000000000000000000000000000000>, C4<00000000000000000000000000000000>;
L_000002a9dc120bd0 .functor BUFZ 32, L_000002a9dc1925c0, C4<00000000000000000000000000000000>, C4<00000000000000000000000000000000>, C4<00000000000000000000000000000000>;
L_000002a9dc121c00 .functor NOT 33, L_000002a9dc1f04e0, C4<000000000000000000000000000000000>, C4<000000000000000000000000000000000>, C4<000000000000000000000000000000000>;
L_000002a9dc192d90 .functor BUFT 1, C4<0>, C4<0>, C4<0>, C4<0>;
L_000002a9dc121ce0 .functor XNOR 1, L_000002a9dc1f0f80, L_000002a9dc192d90, C4<0>, C4<0>;
L_000002a9dc121110 .functor AND 1, L_000002a9dc121ce0, L_000002a9dc1f0620, C4<1>, C4<1>;
L_000002a9dc192dd8 .functor BUFT 1, C4<0>, C4<0>, C4<0>, C4<0>;
L_000002a9dc121b20 .functor XNOR 1, L_000002a9dc1ef900, L_000002a9dc192dd8, C4<0>, C4<0>;
L_000002a9dc121260 .functor XOR 1, L_000002a9dc1f06c0, L_000002a9dc1ef9a0, C4<0>, C4<0>;
L_000002a9dc122220 .functor AND 1, L_000002a9dc121b20, L_000002a9dc121260, C4<1>, C4<1>;
L_000002a9dc121d50 .functor XOR 1, L_000002a9dc1ef040, L_000002a9dc1ef0e0, C4<0>, C4<0>;
L_000002a9dc121730 .functor XOR 1, L_000002a9dc121d50, L_000002a9dc1f0b20, C4<0>, C4<0>;
L_000002a9dc1221b0 .functor NOT 1, L_000002a9dc121730, C4<0>, C4<0>, C4<0>;
L_000002a9dc1215e0 .functor AND 1, L_000002a9dc122220, L_000002a9dc1221b0, C4<1>, C4<1>;
v000002a9dc17d090_0 .net "ALUControl", 2 0, v000002a9dc17b080_0;  alias, 1 drivers
v000002a9dc17dbd0_0 .net "ALUFlags", 3 0, L_000002a9dc1f0940;  alias, 1 drivers
v000002a9dc17dc70_0 .var "Result1", 31 0;
v000002a9dc17dd10_0 .var "Result2", 31 0;
v000002a9dc17d4f0_0 .net *"_ivl_10", 32 0, L_000002a9dc1f04e0;  1 drivers
L_000002a9dc192c70 .functor BUFT 1, C4<0>, C4<0>, C4<0>, C4<0>;
v000002a9dc17e030_0 .net *"_ivl_13", 0 0, L_000002a9dc192c70;  1 drivers
v000002a9dc183970_0 .net *"_ivl_14", 32 0, L_000002a9dc121c00;  1 drivers
v000002a9dc183150_0 .net *"_ivl_16", 32 0, L_000002a9dc1f0080;  1 drivers
L_000002a9dc192cb8 .functor BUFT 1, C4<0>, C4<0>, C4<0>, C4<0>;
v000002a9dc183a10_0 .net *"_ivl_19", 0 0, L_000002a9dc192cb8;  1 drivers
v000002a9dc183790_0 .net *"_ivl_20", 32 0, L_000002a9dc1f08a0;  1 drivers
v000002a9dc184230_0 .net *"_ivl_22", 32 0, L_000002a9dc1f0c60;  1 drivers
v000002a9dc1845f0_0 .net *"_ivl_25", 0 0, L_000002a9dc1efa40;  1 drivers
v000002a9dc1829d0_0 .net *"_ivl_26", 32 0, L_000002a9dc1eefa0;  1 drivers
L_000002a9dc192d00 .functor BUFT 1, C4<00000000000000000000000000000000>, C4<0>, C4<0>, C4<0>;
v000002a9dc1840f0_0 .net *"_ivl_29", 31 0, L_000002a9dc192d00;  1 drivers
L_000002a9dc192d48 .functor BUFT 1, C4<00000000000000000000000000000000>, C4<0>, C4<0>, C4<0>;
v000002a9dc1844b0_0 .net/2u *"_ivl_34", 31 0, L_000002a9dc192d48;  1 drivers
v000002a9dc183330_0 .net *"_ivl_39", 0 0, L_000002a9dc1f0f80;  1 drivers
v000002a9dc182ed0_0 .net *"_ivl_4", 32 0, L_000002a9dc192700;  1 drivers
v000002a9dc184550_0 .net/2u *"_ivl_40", 0 0, L_000002a9dc192d90;  1 drivers
v000002a9dc182c50_0 .net *"_ivl_42", 0 0, L_000002a9dc121ce0;  1 drivers
v000002a9dc182a70_0 .net *"_ivl_45", 0 0, L_000002a9dc1f0620;  1 drivers
v000002a9dc183ab0_0 .net *"_ivl_49", 0 0, L_000002a9dc1ef900;  1 drivers
v000002a9dc183830_0 .net/2u *"_ivl_50", 0 0, L_000002a9dc192dd8;  1 drivers
v000002a9dc183b50_0 .net *"_ivl_52", 0 0, L_000002a9dc121b20;  1 drivers
v000002a9dc183e70_0 .net *"_ivl_55", 0 0, L_000002a9dc1f06c0;  1 drivers
v000002a9dc1838d0_0 .net *"_ivl_57", 0 0, L_000002a9dc1ef9a0;  1 drivers
v000002a9dc1842d0_0 .net *"_ivl_58", 0 0, L_000002a9dc121260;  1 drivers
v000002a9dc183d30_0 .net *"_ivl_60", 0 0, L_000002a9dc122220;  1 drivers
v000002a9dc1830b0_0 .net *"_ivl_63", 0 0, L_000002a9dc1ef040;  1 drivers
v000002a9dc1831f0_0 .net *"_ivl_65", 0 0, L_000002a9dc1ef0e0;  1 drivers
v000002a9dc183dd0_0 .net *"_ivl_66", 0 0, L_000002a9dc121d50;  1 drivers
v000002a9dc183290_0 .net *"_ivl_69", 0 0, L_000002a9dc1f0b20;  1 drivers
L_000002a9dc192c28 .functor BUFT 1, C4<0>, C4<0>, C4<0>, C4<0>;
v000002a9dc183bf0_0 .net *"_ivl_7", 0 0, L_000002a9dc192c28;  1 drivers
v000002a9dc184370_0 .net *"_ivl_70", 0 0, L_000002a9dc121730;  1 drivers
v000002a9dc183c90_0 .net *"_ivl_72", 0 0, L_000002a9dc1221b0;  1 drivers
v000002a9dc183f10_0 .net *"_ivl_9", 0 0, L_000002a9dc1eff40;  1 drivers
v000002a9dc183fb0_0 .net "a", 31 0, L_000002a9dc191620;  alias, 1 drivers
v000002a9dc184190_0 .net "b", 31 0, L_000002a9dc1925c0;  alias, 1 drivers
v000002a9dc183510_0 .net "carry", 0 0, L_000002a9dc121110;  1 drivers
v000002a9dc184410_0 .net "neg", 0 0, L_000002a9dc1ef680;  1 drivers
v000002a9dc184690_0 .net "overflow", 0 0, L_000002a9dc1215e0;  1 drivers
v000002a9dc184730_0 .net/s "signed_a", 31 0, L_000002a9dc121b90;  1 drivers
v000002a9dc1833d0_0 .net/s "signed_b", 31 0, L_000002a9dc120bd0;  1 drivers
v000002a9dc184050_0 .net "sum", 32 0, L_000002a9dc1f0580;  1 drivers
v000002a9dc183470_0 .net "zero", 0 0, L_000002a9dc1efae0;  1 drivers
E_000002a9dc1067b0/0 .event anyedge, v000002a9dc17b080_0, v000002a9dc184050_0, v000002a9dc183fb0_0, v000002a9dc184190_0;
E_000002a9dc1067b0/1 .event anyedge, v000002a9dc184730_0, v000002a9dc1833d0_0;
E_000002a9dc1067b0 .event/or E_000002a9dc1067b0/0, E_000002a9dc1067b0/1;
L_000002a9dc192700 .concat [ 32 1 0 0], L_000002a9dc191620, L_000002a9dc192c28;
L_000002a9dc1eff40 .part v000002a9dc17b080_0, 0, 1;
L_000002a9dc1f04e0 .concat [ 32 1 0 0], L_000002a9dc1925c0, L_000002a9dc192c70;
L_000002a9dc1f0080 .concat [ 32 1 0 0], L_000002a9dc1925c0, L_000002a9dc192cb8;
L_000002a9dc1f08a0 .functor MUXZ 33, L_000002a9dc1f0080, L_000002a9dc121c00, L_000002a9dc1eff40, C4<>;
L_000002a9dc1f0c60 .arith/sum 33, L_000002a9dc192700, L_000002a9dc1f08a0;
L_000002a9dc1efa40 .part v000002a9dc17b080_0, 0, 1;
L_000002a9dc1eefa0 .concat [ 1 32 0 0], L_000002a9dc1efa40, L_000002a9dc192d00;
L_000002a9dc1f0580 .arith/sum 33, L_000002a9dc1f0c60, L_000002a9dc1eefa0;
L_000002a9dc1ef680 .part v000002a9dc17dc70_0, 31, 1;
L_000002a9dc1efae0 .cmp/eq 32, v000002a9dc17dc70_0, L_000002a9dc192d48;
L_000002a9dc1f0f80 .part v000002a9dc17b080_0, 1, 1;
L_000002a9dc1f0620 .part L_000002a9dc1f0580, 32, 1;
L_000002a9dc1ef900 .part v000002a9dc17b080_0, 1, 1;
L_000002a9dc1f06c0 .part L_000002a9dc1f0580, 31, 1;
L_000002a9dc1ef9a0 .part L_000002a9dc191620, 31, 1;
L_000002a9dc1ef040 .part v000002a9dc17b080_0, 0, 1;
L_000002a9dc1ef0e0 .part L_000002a9dc191620, 31, 1;
L_000002a9dc1f0b20 .part L_000002a9dc1925c0, 31, 1;
L_000002a9dc1f0940 .concat [ 1 1 1 1], L_000002a9dc1215e0, L_000002a9dc121110, L_000002a9dc1efae0, L_000002a9dc1ef680;
S_000002a9dc02fd10 .scope module, "aluoutmux" "mux3" 13 196, 15 1 0, S_000002a9dc065260;
 .timescale 0 0;
    .port_info 0 /INPUT 32 "d0";
    .port_info 1 /INPUT 32 "d1";
    .port_info 2 /INPUT 32 "d2";
    .port_info 3 /INPUT 2 "s";
    .port_info 4 /OUTPUT 32 "y";
P_000002a9dc1063b0 .param/l "WIDTH" 0 15 8, +C4<00000000000000000000000000100000>;
v000002a9dc1835b0_0 .net *"_ivl_1", 0 0, L_000002a9dc1eebe0;  1 drivers
v000002a9dc182890_0 .net *"_ivl_3", 0 0, L_000002a9dc1f09e0;  1 drivers
v000002a9dc182930_0 .net *"_ivl_4", 31 0, L_000002a9dc1efd60;  1 drivers
v000002a9dc182b10_0 .net "d0", 31 0, v000002a9dc182f70_0;  alias, 1 drivers
v000002a9dc182bb0_0 .net "d1", 31 0, v000002a9dc187570_0;  alias, 1 drivers
v000002a9dc1836f0_0 .net "d2", 31 0, L_000002a9dc1ef860;  alias, 1 drivers
v000002a9dc182cf0_0 .net "s", 1 0, L_000002a9dc18f590;  alias, 1 drivers
v000002a9dc182d90_0 .net "y", 31 0, L_000002a9dc1eec80;  alias, 1 drivers
L_000002a9dc1eebe0 .part L_000002a9dc18f590, 1, 1;
L_000002a9dc1f09e0 .part L_000002a9dc18f590, 0, 1;
L_000002a9dc1efd60 .functor MUXZ 32, v000002a9dc182f70_0, v000002a9dc187570_0, L_000002a9dc1f09e0, C4<>;
L_000002a9dc1eec80 .functor MUXZ 32, L_000002a9dc1efd60, L_000002a9dc1ef860, L_000002a9dc1eebe0, C4<>;
S_000002a9dc08dc70 .scope module, "aluoutreg" "flopr" 13 190, 8 1 0, S_000002a9dc065260;
 .timescale 0 0;
    .port_info 0 /INPUT 1 "clk";
    .port_info 1 /INPUT 1 "reset";
    .port_info 2 /INPUT 32 "d";
    .port_info 3 /OUTPUT 32 "q";
P_000002a9dc106a30 .param/l "WIDTH" 0 8 7, +C4<00000000000000000000000000100000>;
v000002a9dc183650_0 .net "clk", 0 0, v000002a9dc18f1d0_0;  alias, 1 drivers
v000002a9dc182e30_0 .net "d", 31 0, L_000002a9dc1ef860;  alias, 1 drivers
v000002a9dc182f70_0 .var "q", 31 0;
v000002a9dc183010_0 .net "reset", 0 0, v000002a9dc18eeb0_0;  alias, 1 drivers
S_000002a9dc185200 .scope module, "datareg" "flopr" 13 106, 8 1 0, S_000002a9dc065260;
 .timescale 0 0;
    .port_info 0 /INPUT 1 "clk";
    .port_info 1 /INPUT 1 "reset";
    .port_info 2 /INPUT 32 "d";
    .port_info 3 /OUTPUT 32 "q";
P_000002a9dc1067f0 .param/l "WIDTH" 0 8 7, +C4<00000000000000000000000000100000>;
v000002a9dc186cb0_0 .net "clk", 0 0, v000002a9dc18f1d0_0;  alias, 1 drivers
v000002a9dc186530_0 .net "d", 31 0, L_000002a9dc1217a0;  alias, 1 drivers
v000002a9dc187570_0 .var "q", 31 0;
v000002a9dc186d50_0 .net "reset", 0 0, v000002a9dc18eeb0_0;  alias, 1 drivers
S_000002a9dc185520 .scope module, "ext" "extend" 13 138, 16 1 0, S_000002a9dc065260;
 .timescale 0 0;
    .port_info 0 /INPUT 24 "Instr";
    .port_info 1 /INPUT 2 "ImmSrc";
    .port_info 2 /OUTPUT 32 "ExtImm";
v000002a9dc1876b0_0 .var "ExtImm", 31 0;
v000002a9dc187750_0 .net "ImmSrc", 1 0, L_000002a9dc121ea0;  alias, 1 drivers
v000002a9dc1865d0_0 .net "Instr", 23 0, L_000002a9dc191440;  1 drivers
E_000002a9dc106430 .event anyedge, v000002a9dc17c660_0, v000002a9dc1865d0_0;
S_000002a9dc1856b0 .scope module, "fpu" "fpu" 13 177, 17 1 0, S_000002a9dc065260;
 .timescale 0 0;
    .port_info 0 /INPUT 32 "a";
    .port_info 1 /INPUT 32 "b";
    .port_info 2 /INPUT 2 "FPUControl";
    .port_info 3 /OUTPUT 32 "Result";
    .port_info 4 /OUTPUT 4 "FPUFlags";
v000002a9dc186850_0 .net "FPUControl", 1 0, v000002a9dc17c0c0_0;  alias, 1 drivers
v000002a9dc185db0_0 .net "FPUFlags", 3 0, L_000002a9dc1ef360;  alias, 1 drivers
v000002a9dc1858b0_0 .var "Result", 31 0;
L_000002a9dc192eb0 .functor BUFT 1, C4<00000000000000000000000000000000>, C4<0>, C4<0>, C4<0>;
v000002a9dc1871b0_0 .net/2u *"_ivl_12", 31 0, L_000002a9dc192eb0;  1 drivers
v000002a9dc186e90_0 .net *"_ivl_5", 0 0, L_000002a9dc1ef180;  1 drivers
v000002a9dc186c10_0 .net *"_ivl_7", 0 0, L_000002a9dc1efea0;  1 drivers
v000002a9dc185c70_0 .net *"_ivl_9", 0 0, L_000002a9dc1efb80;  1 drivers
v000002a9dc1872f0_0 .net "a", 31 0, L_000002a9dc191620;  alias, 1 drivers
v000002a9dc187250_0 .var "aux", 31 0;
v000002a9dc186f30_0 .var "aux2", 47 0;
v000002a9dc186fd0_0 .net "b", 31 0, L_000002a9dc1925c0;  alias, 1 drivers
L_000002a9dc192e20 .functor BUFT 1, C4<0>, C4<0>, C4<0>, C4<0>;
v000002a9dc185950_0 .net "carry", 0 0, L_000002a9dc192e20;  1 drivers
v000002a9dc1863f0_0 .var "control", 1 0;
v000002a9dc1859f0_0 .var "expoA", 31 0;
v000002a9dc187110_0 .var "expoB", 31 0;
v000002a9dc1860d0_0 .var "expoR", 31 0;
v000002a9dc185bd0_0 .var "mantA", 31 0;
v000002a9dc187070_0 .var "mantAshift", 31 0;
v000002a9dc186670_0 .var "mantB", 31 0;
v000002a9dc186170_0 .var "mantBshift", 31 0;
v000002a9dc186210_0 .var "mantR", 31 0;
v000002a9dc187390_0 .net "neg", 0 0, L_000002a9dc1efc20;  1 drivers
L_000002a9dc192e68 .functor BUFT 1, C4<0>, C4<0>, C4<0>, C4<0>;
v000002a9dc187430_0 .net "overflow", 0 0, L_000002a9dc192e68;  1 drivers
v000002a9dc1874d0_0 .var "productoPosible", 47 0;
v000002a9dc187610_0 .var "signA", 0 0;
v000002a9dc185f90_0 .var "signB", 0 0;
v000002a9dc185a90_0 .var "signR", 0 0;
v000002a9dc185b30_0 .var "sumaResta", 0 0;
v000002a9dc1862b0_0 .net "zero", 0 0, L_000002a9dc1f0d00;  1 drivers
E_000002a9dc106c70/0 .event anyedge, v000002a9dc17c0c0_0, v000002a9dc183fb0_0, v000002a9dc184190_0, v000002a9dc185f90_0;
E_000002a9dc106c70/1 .event anyedge, v000002a9dc187610_0, v000002a9dc187110_0, v000002a9dc1859f0_0, v000002a9dc186670_0;
E_000002a9dc106c70/2 .event anyedge, v000002a9dc185bd0_0, v000002a9dc185b30_0, v000002a9dc186210_0, v000002a9dc186f30_0;
E_000002a9dc106c70/3 .event anyedge, v000002a9dc187250_0, v000002a9dc1860d0_0, v000002a9dc1863f0_0, v000002a9dc187070_0;
E_000002a9dc106c70/4 .event anyedge, v000002a9dc186170_0, v000002a9dc1874d0_0, v000002a9dc185a90_0;
E_000002a9dc106c70 .event/or E_000002a9dc106c70/0, E_000002a9dc106c70/1, E_000002a9dc106c70/2, E_000002a9dc106c70/3, E_000002a9dc106c70/4;
L_000002a9dc1ef180 .part v000002a9dc17c0c0_0, 0, 1;
L_000002a9dc1efea0 .part v000002a9dc1858b0_0, 31, 1;
L_000002a9dc1efb80 .part v000002a9dc1858b0_0, 15, 1;
L_000002a9dc1efc20 .functor MUXZ 1, L_000002a9dc1efb80, L_000002a9dc1efea0, L_000002a9dc1ef180, C4<>;
L_000002a9dc1f0d00 .cmp/eq 32, v000002a9dc1858b0_0, L_000002a9dc192eb0;
L_000002a9dc1ef360 .concat [ 1 1 1 1], L_000002a9dc192e68, L_000002a9dc192e20, L_000002a9dc1f0d00, L_000002a9dc1efc20;
S_000002a9dc184ee0 .scope module, "instrreg" "flopenr" 13 99, 9 1 0, S_000002a9dc065260;
 .timescale 0 0;
    .port_info 0 /INPUT 1 "clk";
    .port_info 1 /INPUT 1 "reset";
    .port_info 2 /INPUT 1 "en";
    .port_info 3 /INPUT 32 "d";
    .port_info 4 /OUTPUT 32 "q";
P_000002a9dc106170 .param/l "WIDTH" 0 9 8, +C4<00000000000000000000000000100000>;
v000002a9dc185d10_0 .net "clk", 0 0, v000002a9dc18f1d0_0;  alias, 1 drivers
v000002a9dc186990_0 .net "d", 31 0, L_000002a9dc1217a0;  alias, 1 drivers
v000002a9dc185e50_0 .net "en", 0 0, L_000002a9dc18e690;  alias, 1 drivers
v000002a9dc186350_0 .var "q", 31 0;
v000002a9dc186030_0 .net "reset", 0 0, v000002a9dc18eeb0_0;  alias, 1 drivers
S_000002a9dc1848a0 .scope module, "pcmux" "mux2" 13 93, 10 1 0, S_000002a9dc065260;
 .timescale 0 0;
    .port_info 0 /INPUT 32 "d0";
    .port_info 1 /INPUT 32 "d1";
    .port_info 2 /INPUT 1 "s";
    .port_info 3 /OUTPUT 32 "y";
P_000002a9dc106a70 .param/l "WIDTH" 0 10 7, +C4<00000000000000000000000000100000>;
v000002a9dc185ef0_0 .net "d0", 31 0, v000002a9dc186b70_0;  alias, 1 drivers
v000002a9dc186490_0 .net "d1", 31 0, L_000002a9dc1eec80;  alias, 1 drivers
v000002a9dc186710_0 .net "s", 0 0, L_000002a9dc18e190;  alias, 1 drivers
v000002a9dc1867b0_0 .net "y", 31 0, L_000002a9dc190ea0;  alias, 1 drivers
L_000002a9dc190ea0 .functor MUXZ 32, v000002a9dc186b70_0, L_000002a9dc1eec80, L_000002a9dc18e190, C4<>;
S_000002a9dc184a30 .scope module, "pcreg" "flopenr" 13 86, 9 1 0, S_000002a9dc065260;
 .timescale 0 0;
    .port_info 0 /INPUT 1 "clk";
    .port_info 1 /INPUT 1 "reset";
    .port_info 2 /INPUT 1 "en";
    .port_info 3 /INPUT 32 "d";
    .port_info 4 /OUTPUT 32 "q";
P_000002a9dc106870 .param/l "WIDTH" 0 9 8, +C4<00000000000000000000000000100000>;
v000002a9dc1868f0_0 .net "clk", 0 0, v000002a9dc18f1d0_0;  alias, 1 drivers
v000002a9dc186a30_0 .net "d", 31 0, L_000002a9dc1eec80;  alias, 1 drivers
v000002a9dc186ad0_0 .net "en", 0 0, L_000002a9dc121c70;  alias, 1 drivers
v000002a9dc186b70_0 .var "q", 31 0;
v000002a9dc1885e0_0 .net "reset", 0 0, v000002a9dc18eeb0_0;  alias, 1 drivers
S_000002a9dc184bc0 .scope module, "ra1mux" "mux2" 13 112, 10 1 0, S_000002a9dc065260;
 .timescale 0 0;
    .port_info 0 /INPUT 4 "d0";
    .port_info 1 /INPUT 4 "d1";
    .port_info 2 /INPUT 1 "s";
    .port_info 3 /OUTPUT 4 "y";
P_000002a9dc1063f0 .param/l "WIDTH" 0 10 7, +C4<00000000000000000000000000000100>;
v000002a9dc187f00_0 .net "d0", 3 0, L_000002a9dc191760;  1 drivers
L_000002a9dc192a78 .functor BUFT 1, C4<1111>, C4<0>, C4<0>, C4<0>;
v000002a9dc188ae0_0 .net "d1", 3 0, L_000002a9dc192a78;  1 drivers
v000002a9dc187c80_0 .net "s", 0 0, L_000002a9dc192160;  1 drivers
v000002a9dc187fa0_0 .net "y", 3 0, L_000002a9dc192660;  alias, 1 drivers
L_000002a9dc192660 .functor MUXZ 4, L_000002a9dc191760, L_000002a9dc192a78, L_000002a9dc192160, C4<>;
S_000002a9dc184d50 .scope module, "ra2mux" "mux2" 13 118, 10 1 0, S_000002a9dc065260;
 .timescale 0 0;
    .port_info 0 /INPUT 4 "d0";
    .port_info 1 /INPUT 4 "d1";
    .port_info 2 /INPUT 1 "s";
    .port_info 3 /OUTPUT 4 "y";
P_000002a9dc106970 .param/l "WIDTH" 0 10 7, +C4<00000000000000000000000000000100>;
v000002a9dc189300_0 .net "d0", 3 0, L_000002a9dc190b80;  1 drivers
v000002a9dc187be0_0 .net "d1", 3 0, L_000002a9dc190cc0;  1 drivers
v000002a9dc188cc0_0 .net "s", 0 0, L_000002a9dc190d60;  1 drivers
v000002a9dc187960_0 .net "y", 3 0, L_000002a9dc191940;  alias, 1 drivers
L_000002a9dc191940 .functor MUXZ 4, L_000002a9dc190b80, L_000002a9dc190cc0, L_000002a9dc190d60, C4<>;
S_000002a9dc185070 .scope module, "rd1reg" "flopr" 13 143, 8 1 0, S_000002a9dc065260;
 .timescale 0 0;
    .port_info 0 /INPUT 1 "clk";
    .port_info 1 /INPUT 1 "reset";
    .port_info 2 /INPUT 32 "d";
    .port_info 3 /OUTPUT 32 "q";
P_000002a9dc105e30 .param/l "WIDTH" 0 8 7, +C4<00000000000000000000000000100000>;
v000002a9dc188a40_0 .net "clk", 0 0, v000002a9dc18f1d0_0;  alias, 1 drivers
v000002a9dc188040_0 .net "d", 31 0, L_000002a9dc190e00;  alias, 1 drivers
v000002a9dc189120_0 .var "q", 31 0;
v000002a9dc1884a0_0 .net "reset", 0 0, v000002a9dc18eeb0_0;  alias, 1 drivers
S_000002a9dc185390 .scope module, "rd2reg" "flopr" 13 149, 8 1 0, S_000002a9dc065260;
 .timescale 0 0;
    .port_info 0 /INPUT 1 "clk";
    .port_info 1 /INPUT 1 "reset";
    .port_info 2 /INPUT 32 "d";
    .port_info 3 /OUTPUT 32 "q";
P_000002a9dc106470 .param/l "WIDTH" 0 8 7, +C4<00000000000000000000000000100000>;
v000002a9dc188360_0 .net "clk", 0 0, v000002a9dc18f1d0_0;  alias, 1 drivers
v000002a9dc1891c0_0 .net "d", 31 0, L_000002a9dc192340;  alias, 1 drivers
v000002a9dc187a00_0 .var "q", 31 0;
v000002a9dc187d20_0 .net "reset", 0 0, v000002a9dc18eeb0_0;  alias, 1 drivers
S_000002a9dc18b1d0 .scope module, "resSrcmux" "mux2" 13 184, 10 1 0, S_000002a9dc065260;
 .timescale 0 0;
    .port_info 0 /INPUT 32 "d0";
    .port_info 1 /INPUT 32 "d1";
    .port_info 2 /INPUT 1 "s";
    .port_info 3 /OUTPUT 32 "y";
P_000002a9dc1068b0 .param/l "WIDTH" 0 10 7, +C4<00000000000000000000000000100000>;
v000002a9dc1882c0_0 .net "d0", 31 0, v000002a9dc17dc70_0;  alias, 1 drivers
v000002a9dc188d60_0 .net "d1", 31 0, v000002a9dc1858b0_0;  alias, 1 drivers
v000002a9dc188b80_0 .net "s", 0 0, v000002a9dc17e670_0;  alias, 1 drivers
v000002a9dc1896c0_0 .net "y", 31 0, L_000002a9dc1ef860;  alias, 1 drivers
L_000002a9dc1ef860 .functor MUXZ 32, v000002a9dc17dc70_0, v000002a9dc1858b0_0, v000002a9dc17e670_0, C4<>;
S_000002a9dc18b360 .scope module, "rf" "regfile" 13 124, 18 1 0, S_000002a9dc065260;
 .timescale 0 0;
    .port_info 0 /INPUT 1 "clk";
    .port_info 1 /INPUT 1 "we3";
    .port_info 2 /INPUT 1 "we4";
    .port_info 3 /INPUT 4 "ra1";
    .port_info 4 /INPUT 4 "ra2";
    .port_info 5 /INPUT 4 "wa3";
    .port_info 6 /INPUT 4 "wa4";
    .port_info 7 /INPUT 32 "wd3";
    .port_info 8 /INPUT 32 "wd4";
    .port_info 9 /INPUT 32 "r15";
    .port_info 10 /OUTPUT 32 "rd1";
    .port_info 11 /OUTPUT 32 "rd2";
L_000002a9dc192ac0 .functor BUFT 1, C4<1111>, C4<0>, C4<0>, C4<0>;
v000002a9dc187e60_0 .net/2u *"_ivl_0", 3 0, L_000002a9dc192ac0;  1 drivers
L_000002a9dc192b50 .functor BUFT 1, C4<1111>, C4<0>, C4<0>, C4<0>;
v000002a9dc189580_0 .net/2u *"_ivl_12", 3 0, L_000002a9dc192b50;  1 drivers
v000002a9dc188c20_0 .net *"_ivl_14", 0 0, L_000002a9dc190900;  1 drivers
v000002a9dc1889a0_0 .net *"_ivl_16", 31 0, L_000002a9dc191d00;  1 drivers
v000002a9dc1893a0_0 .net *"_ivl_18", 5 0, L_000002a9dc1911c0;  1 drivers
v000002a9dc187aa0_0 .net *"_ivl_2", 0 0, L_000002a9dc191c60;  1 drivers
L_000002a9dc192b98 .functor BUFT 1, C4<00>, C4<0>, C4<0>, C4<0>;
v000002a9dc188540_0 .net *"_ivl_21", 1 0, L_000002a9dc192b98;  1 drivers
v000002a9dc1880e0_0 .net *"_ivl_4", 31 0, L_000002a9dc192020;  1 drivers
v000002a9dc188180_0 .net *"_ivl_6", 5 0, L_000002a9dc1920c0;  1 drivers
L_000002a9dc192b08 .functor BUFT 1, C4<00>, C4<0>, C4<0>, C4<0>;
v000002a9dc189440_0 .net *"_ivl_9", 1 0, L_000002a9dc192b08;  1 drivers
v000002a9dc188fe0_0 .net "clk", 0 0, v000002a9dc18f1d0_0;  alias, 1 drivers
v000002a9dc188220_0 .net "r15", 31 0, L_000002a9dc1eec80;  alias, 1 drivers
v000002a9dc188ea0_0 .net "ra1", 3 0, L_000002a9dc192660;  alias, 1 drivers
v000002a9dc188680_0 .net "ra2", 3 0, L_000002a9dc191940;  alias, 1 drivers
v000002a9dc188e00_0 .net "rd1", 31 0, L_000002a9dc190e00;  alias, 1 drivers
v000002a9dc188400_0 .net "rd2", 31 0, L_000002a9dc192340;  alias, 1 drivers
v000002a9dc1894e0 .array "rf", 0 14, 31 0;
v000002a9dc189080_0 .net "wa3", 3 0, L_000002a9dc191260;  1 drivers
v000002a9dc187dc0_0 .net "wa4", 3 0, L_000002a9dc190a40;  1 drivers
v000002a9dc189760_0 .net "wd3", 31 0, L_000002a9dc1eec80;  alias, 1 drivers
v000002a9dc188f40_0 .net "wd4", 31 0, v000002a9dc17dd10_0;  alias, 1 drivers
v000002a9dc189260_0 .net "we3", 0 0, L_000002a9dc122140;  alias, 1 drivers
v000002a9dc189620_0 .net "we4", 0 0, v000002a9dc17e2b0_0;  alias, 1 drivers
E_000002a9dc105e70 .event posedge, v000002a9dc109d70_0;
L_000002a9dc191c60 .cmp/eq 4, L_000002a9dc192660, L_000002a9dc192ac0;
L_000002a9dc192020 .array/port v000002a9dc1894e0, L_000002a9dc1920c0;
L_000002a9dc1920c0 .concat [ 4 2 0 0], L_000002a9dc192660, L_000002a9dc192b08;
L_000002a9dc190e00 .functor MUXZ 32, L_000002a9dc192020, L_000002a9dc1eec80, L_000002a9dc191c60, C4<>;
L_000002a9dc190900 .cmp/eq 4, L_000002a9dc191940, L_000002a9dc192b50;
L_000002a9dc191d00 .array/port v000002a9dc1894e0, L_000002a9dc1911c0;
L_000002a9dc1911c0 .concat [ 4 2 0 0], L_000002a9dc191940, L_000002a9dc192b98;
L_000002a9dc192340 .functor MUXZ 32, L_000002a9dc191d00, L_000002a9dc1eec80, L_000002a9dc190900, C4<>;
S_000002a9dc18a870 .scope module, "srcAmux" "mux3" 13 155, 15 1 0, S_000002a9dc065260;
 .timescale 0 0;
    .port_info 0 /INPUT 32 "d0";
    .port_info 1 /INPUT 32 "d1";
    .port_info 2 /INPUT 32 "d2";
    .port_info 3 /INPUT 2 "s";
    .port_info 4 /OUTPUT 32 "y";
P_000002a9dc105ff0 .param/l "WIDTH" 0 15 8, +C4<00000000000000000000000000100000>;
v000002a9dc188720_0 .net *"_ivl_1", 0 0, L_000002a9dc1913a0;  1 drivers
v000002a9dc1887c0_0 .net *"_ivl_3", 0 0, L_000002a9dc191580;  1 drivers
v000002a9dc188860_0 .net *"_ivl_4", 31 0, L_000002a9dc191da0;  1 drivers
v000002a9dc188900_0 .net "d0", 31 0, v000002a9dc189120_0;  alias, 1 drivers
v000002a9dc1878c0_0 .net "d1", 31 0, v000002a9dc186b70_0;  alias, 1 drivers
v000002a9dc187b40_0 .net "d2", 31 0, v000002a9dc182f70_0;  alias, 1 drivers
v000002a9dc18ced0_0 .net "s", 1 0, L_000002a9dc18f770;  alias, 1 drivers
v000002a9dc18d8d0_0 .net "y", 31 0, L_000002a9dc191620;  alias, 1 drivers
L_000002a9dc1913a0 .part L_000002a9dc18f770, 1, 1;
L_000002a9dc191580 .part L_000002a9dc18f770, 0, 1;
L_000002a9dc191da0 .functor MUXZ 32, v000002a9dc189120_0, v000002a9dc186b70_0, L_000002a9dc191580, C4<>;
L_000002a9dc191620 .functor MUXZ 32, L_000002a9dc191da0, v000002a9dc182f70_0, L_000002a9dc1913a0, C4<>;
S_000002a9dc189a60 .scope module, "srcBmux" "mux3" 13 162, 15 1 0, S_000002a9dc065260;
 .timescale 0 0;
    .port_info 0 /INPUT 32 "d0";
    .port_info 1 /INPUT 32 "d1";
    .port_info 2 /INPUT 32 "d2";
    .port_info 3 /INPUT 2 "s";
    .port_info 4 /OUTPUT 32 "y";
P_000002a9dc1061f0 .param/l "WIDTH" 0 15 8, +C4<00000000000000000000000000100000>;
v000002a9dc18c070_0 .net *"_ivl_1", 0 0, L_000002a9dc1916c0;  1 drivers
v000002a9dc18d970_0 .net *"_ivl_3", 0 0, L_000002a9dc1923e0;  1 drivers
v000002a9dc18d470_0 .net *"_ivl_4", 31 0, L_000002a9dc192520;  1 drivers
v000002a9dc18c110_0 .net "d0", 31 0, v000002a9dc187a00_0;  alias, 1 drivers
v000002a9dc18bcb0_0 .net "d1", 31 0, v000002a9dc1876b0_0;  alias, 1 drivers
L_000002a9dc192be0 .functor BUFT 1, C4<00000000000000000000000000000100>, C4<0>, C4<0>, C4<0>;
v000002a9dc18de70_0 .net "d2", 31 0, L_000002a9dc192be0;  1 drivers
v000002a9dc18bb70_0 .net "s", 1 0, L_000002a9dc18e910;  alias, 1 drivers
v000002a9dc18db50_0 .net "y", 31 0, L_000002a9dc1925c0;  alias, 1 drivers
L_000002a9dc1916c0 .part L_000002a9dc18e910, 1, 1;
L_000002a9dc1923e0 .part L_000002a9dc18e910, 0, 1;
L_000002a9dc192520 .functor MUXZ 32, v000002a9dc187a00_0, v000002a9dc1876b0_0, L_000002a9dc1923e0, C4<>;
L_000002a9dc1925c0 .functor MUXZ 32, L_000002a9dc192520, L_000002a9dc192be0, L_000002a9dc1916c0, C4<>;
S_000002a9dc189bf0 .scope module, "mem" "mem" 3 99, 19 1 0, S_000002a9dc05c060;
 .timescale 0 0;
    .port_info 0 /INPUT 1 "clk";
    .port_info 1 /INPUT 1 "we";
    .port_info 2 /INPUT 32 "a";
    .port_info 3 /INPUT 32 "wd";
    .port_info 4 /OUTPUT 32 "rd";
L_000002a9dc1217a0 .functor BUFZ 32, L_000002a9dc1efcc0, C4<00000000000000000000000000000000>, C4<00000000000000000000000000000000>, C4<00000000000000000000000000000000>;
v000002a9dc18f090 .array "RAM", 0 63, 31 0;
v000002a9dc18f6d0_0 .net *"_ivl_0", 31 0, L_000002a9dc1efcc0;  1 drivers
v000002a9dc18e2d0_0 .net *"_ivl_3", 29 0, L_000002a9dc1ef400;  1 drivers
v000002a9dc18f130_0 .net "a", 31 0, L_000002a9dc190ea0;  alias, 1 drivers
v000002a9dc18ef50_0 .net "clk", 0 0, v000002a9dc18f1d0_0;  alias, 1 drivers
v000002a9dc18e550_0 .net "rd", 31 0, L_000002a9dc1217a0;  alias, 1 drivers
v000002a9dc18e370_0 .net "wd", 31 0, v000002a9dc187a00_0;  alias, 1 drivers
v000002a9dc18e870_0 .net "we", 0 0, L_000002a9dc121810;  alias, 1 drivers
L_000002a9dc1efcc0 .array/port v000002a9dc18f090, L_000002a9dc1ef400;
L_000002a9dc1ef400 .part L_000002a9dc190ea0, 2, 30;
    .scope S_000002a9dc0a09e0;
T_0 ;
    %wait E_000002a9dc1069f0;
    %load/vec4 v000002a9dc17b9e0_0;
    %flag_set/vec4 8;
    %jmp/0xz  T_0.0, 8;
    %pushi/vec4 0, 0, 4;
    %assign/vec4 v000002a9dc17acc0_0, 0;
    %jmp T_0.1;
T_0.0 ;
    %load/vec4 v000002a9dc17a860_0;
    %assign/vec4 v000002a9dc17acc0_0, 0;
T_0.1 ;
    %jmp T_0;
    .thread T_0;
    .scope S_000002a9dc0a09e0;
T_1 ;
    %wait E_000002a9dc106670;
    %load/vec4 v000002a9dc17acc0_0;
    %dup/vec4;
    %pushi/vec4 0, 0, 4;
    %cmp/x;
    %jmp/1 T_1.0, 4;
    %dup/vec4;
    %pushi/vec4 1, 0, 4;
    %cmp/x;
    %jmp/1 T_1.1, 4;
    %dup/vec4;
    %pushi/vec4 2, 0, 4;
    %cmp/x;
    %jmp/1 T_1.2, 4;
    %dup/vec4;
    %pushi/vec4 3, 0, 4;
    %cmp/x;
    %jmp/1 T_1.3, 4;
    %dup/vec4;
    %pushi/vec4 4, 0, 4;
    %cmp/x;
    %jmp/1 T_1.4, 4;
    %dup/vec4;
    %pushi/vec4 5, 0, 4;
    %cmp/x;
    %jmp/1 T_1.5, 4;
    %dup/vec4;
    %pushi/vec4 6, 0, 4;
    %cmp/x;
    %jmp/1 T_1.6, 4;
    %dup/vec4;
    %pushi/vec4 7, 0, 4;
    %cmp/x;
    %jmp/1 T_1.7, 4;
    %dup/vec4;
    %pushi/vec4 8, 0, 4;
    %cmp/x;
    %jmp/1 T_1.8, 4;
    %dup/vec4;
    %pushi/vec4 9, 0, 4;
    %cmp/x;
    %jmp/1 T_1.9, 4;
    %pushi/vec4 0, 0, 4;
    %store/vec4 v000002a9dc17a860_0, 0, 4;
    %jmp T_1.11;
T_1.0 ;
    %pushi/vec4 1, 0, 4;
    %store/vec4 v000002a9dc17a860_0, 0, 4;
    %jmp T_1.11;
T_1.1 ;
    %load/vec4 v000002a9dc17bbc0_0;
    %dup/vec4;
    %pushi/vec4 0, 0, 2;
    %cmp/u;
    %jmp/1 T_1.12, 6;
    %dup/vec4;
    %pushi/vec4 1, 0, 2;
    %cmp/u;
    %jmp/1 T_1.13, 6;
    %dup/vec4;
    %pushi/vec4 2, 0, 2;
    %cmp/u;
    %jmp/1 T_1.14, 6;
    %dup/vec4;
    %pushi/vec4 3, 0, 2;
    %cmp/u;
    %jmp/1 T_1.15, 6;
    %pushi/vec4 10, 0, 4;
    %store/vec4 v000002a9dc17a860_0, 0, 4;
    %jmp T_1.17;
T_1.12 ;
    %load/vec4 v000002a9dc17bee0_0;
    %parti/s 1, 5, 4;
    %flag_set/vec4 8;
    %jmp/0xz  T_1.18, 8;
    %pushi/vec4 7, 0, 4;
    %store/vec4 v000002a9dc17a860_0, 0, 4;
    %jmp T_1.19;
T_1.18 ;
    %pushi/vec4 6, 0, 4;
    %store/vec4 v000002a9dc17a860_0, 0, 4;
T_1.19 ;
    %jmp T_1.17;
T_1.13 ;
    %pushi/vec4 2, 0, 4;
    %store/vec4 v000002a9dc17a860_0, 0, 4;
    %jmp T_1.17;
T_1.14 ;
    %pushi/vec4 9, 0, 4;
    %store/vec4 v000002a9dc17a860_0, 0, 4;
    %jmp T_1.17;
T_1.15 ;
    %load/vec4 v000002a9dc17bee0_0;
    %parti/s 1, 5, 4;
    %flag_set/vec4 8;
    %jmp/0xz  T_1.20, 8;
    %pushi/vec4 7, 0, 4;
    %store/vec4 v000002a9dc17a860_0, 0, 4;
    %jmp T_1.21;
T_1.20 ;
    %pushi/vec4 6, 0, 4;
    %store/vec4 v000002a9dc17a860_0, 0, 4;
T_1.21 ;
    %jmp T_1.17;
T_1.17 ;
    %pop/vec4 1;
    %jmp T_1.11;
T_1.2 ;
    %load/vec4 v000002a9dc17bee0_0;
    %parti/s 1, 0, 2;
    %dup/vec4;
    %pushi/vec4 0, 0, 1;
    %cmp/u;
    %jmp/1 T_1.22, 6;
    %dup/vec4;
    %pushi/vec4 1, 0, 1;
    %cmp/u;
    %jmp/1 T_1.23, 6;
    %pushi/vec4 10, 0, 4;
    %store/vec4 v000002a9dc17a860_0, 0, 4;
    %jmp T_1.25;
T_1.22 ;
    %pushi/vec4 5, 0, 4;
    %store/vec4 v000002a9dc17a860_0, 0, 4;
    %jmp T_1.25;
T_1.23 ;
    %pushi/vec4 3, 0, 4;
    %store/vec4 v000002a9dc17a860_0, 0, 4;
    %jmp T_1.25;
T_1.25 ;
    %pop/vec4 1;
    %jmp T_1.11;
T_1.3 ;
    %pushi/vec4 4, 0, 4;
    %store/vec4 v000002a9dc17a860_0, 0, 4;
    %jmp T_1.11;
T_1.4 ;
    %pushi/vec4 0, 0, 4;
    %store/vec4 v000002a9dc17a860_0, 0, 4;
    %jmp T_1.11;
T_1.5 ;
    %pushi/vec4 0, 0, 4;
    %store/vec4 v000002a9dc17a860_0, 0, 4;
    %jmp T_1.11;
T_1.6 ;
    %pushi/vec4 8, 0, 4;
    %store/vec4 v000002a9dc17a860_0, 0, 4;
    %jmp T_1.11;
T_1.7 ;
    %pushi/vec4 8, 0, 4;
    %store/vec4 v000002a9dc17a860_0, 0, 4;
    %jmp T_1.11;
T_1.8 ;
    %pushi/vec4 0, 0, 4;
    %store/vec4 v000002a9dc17a860_0, 0, 4;
    %jmp T_1.11;
T_1.9 ;
    %pushi/vec4 0, 0, 4;
    %store/vec4 v000002a9dc17a860_0, 0, 4;
    %jmp T_1.11;
T_1.11 ;
    %pop/vec4 1;
    %jmp T_1;
    .thread T_1, $push;
    .scope S_000002a9dc0a09e0;
T_2 ;
    %wait E_000002a9dc106770;
    %load/vec4 v000002a9dc17acc0_0;
    %dup/vec4;
    %pushi/vec4 0, 0, 4;
    %cmp/u;
    %jmp/1 T_2.0, 6;
    %dup/vec4;
    %pushi/vec4 1, 0, 4;
    %cmp/u;
    %jmp/1 T_2.1, 6;
    %dup/vec4;
    %pushi/vec4 6, 0, 4;
    %cmp/u;
    %jmp/1 T_2.2, 6;
    %dup/vec4;
    %pushi/vec4 7, 0, 4;
    %cmp/u;
    %jmp/1 T_2.3, 6;
    %dup/vec4;
    %pushi/vec4 8, 0, 4;
    %cmp/u;
    %jmp/1 T_2.4, 6;
    %dup/vec4;
    %pushi/vec4 2, 0, 4;
    %cmp/u;
    %jmp/1 T_2.5, 6;
    %dup/vec4;
    %pushi/vec4 3, 0, 4;
    %cmp/u;
    %jmp/1 T_2.6, 6;
    %dup/vec4;
    %pushi/vec4 5, 0, 4;
    %cmp/u;
    %jmp/1 T_2.7, 6;
    %dup/vec4;
    %pushi/vec4 4, 0, 4;
    %cmp/u;
    %jmp/1 T_2.8, 6;
    %dup/vec4;
    %pushi/vec4 9, 0, 4;
    %cmp/u;
    %jmp/1 T_2.9, 6;
    %pushi/vec4 8191, 8191, 13;
    %store/vec4 v000002a9dc17ac20_0, 0, 13;
    %jmp T_2.11;
T_2.0 ;
    %pushi/vec4 4428, 0, 13;
    %store/vec4 v000002a9dc17ac20_0, 0, 13;
    %jmp T_2.11;
T_2.1 ;
    %pushi/vec4 76, 0, 13;
    %store/vec4 v000002a9dc17ac20_0, 0, 13;
    %jmp T_2.11;
T_2.2 ;
    %pushi/vec4 65, 0, 13;
    %store/vec4 v000002a9dc17ac20_0, 0, 13;
    %jmp T_2.11;
T_2.3 ;
    %pushi/vec4 67, 0, 13;
    %store/vec4 v000002a9dc17ac20_0, 0, 13;
    %jmp T_2.11;
T_2.4 ;
    %pushi/vec4 514, 0, 13;
    %store/vec4 v000002a9dc17ac20_0, 0, 13;
    %jmp T_2.11;
T_2.5 ;
    %pushi/vec4 66, 0, 13;
    %store/vec4 v000002a9dc17ac20_0, 0, 13;
    %jmp T_2.11;
T_2.6 ;
    %pushi/vec4 130, 0, 13;
    %store/vec4 v000002a9dc17ac20_0, 0, 13;
    %jmp T_2.11;
T_2.7 ;
    %pushi/vec4 1154, 0, 13;
    %store/vec4 v000002a9dc17ac20_0, 0, 13;
    %jmp T_2.11;
T_2.8 ;
    %pushi/vec4 674, 0, 13;
    %store/vec4 v000002a9dc17ac20_0, 0, 13;
    %jmp T_2.11;
T_2.9 ;
    %pushi/vec4 2130, 0, 13;
    %store/vec4 v000002a9dc17ac20_0, 0, 13;
    %jmp T_2.11;
T_2.11 ;
    %pop/vec4 1;
    %jmp T_2;
    .thread T_2, $push;
    .scope S_000002a9dc06d3e0;
T_3 ;
    %wait E_000002a9dc106630;
    %load/vec4 v000002a9dc17c020_0;
    %flag_set/vec4 8;
    %jmp/0xz  T_3.0, 8;
    %load/vec4 v000002a9dc17ddb0_0;
    %cmpi/e 0, 0, 2;
    %jmp/0xz  T_3.2, 4;
    %load/vec4 v000002a9dc17b6c0_0;
    %cmpi/e 9, 0, 4;
    %jmp/0xz  T_3.4, 4;
    %load/vec4 v000002a9dc17b440_0;
    %parti/s 3, 1, 2;
    %dup/vec4;
    %pushi/vec4 0, 0, 3;
    %cmp/u;
    %jmp/1 T_3.6, 6;
    %dup/vec4;
    %pushi/vec4 4, 0, 3;
    %cmp/u;
    %jmp/1 T_3.7, 6;
    %dup/vec4;
    %pushi/vec4 6, 0, 3;
    %cmp/u;
    %jmp/1 T_3.8, 6;
    %pushi/vec4 7, 7, 3;
    %store/vec4 v000002a9dc17b080_0, 0, 3;
    %pushi/vec4 0, 0, 1;
    %store/vec4 v000002a9dc17e2b0_0, 0, 1;
    %jmp T_3.10;
T_3.6 ;
    %pushi/vec4 4, 0, 3;
    %store/vec4 v000002a9dc17b080_0, 0, 3;
    %pushi/vec4 0, 0, 1;
    %store/vec4 v000002a9dc17e2b0_0, 0, 1;
    %jmp T_3.10;
T_3.7 ;
    %pushi/vec4 5, 0, 3;
    %store/vec4 v000002a9dc17b080_0, 0, 3;
    %pushi/vec4 1, 0, 1;
    %store/vec4 v000002a9dc17e2b0_0, 0, 1;
    %jmp T_3.10;
T_3.8 ;
    %pushi/vec4 6, 0, 3;
    %store/vec4 v000002a9dc17b080_0, 0, 3;
    %pushi/vec4 1, 0, 1;
    %store/vec4 v000002a9dc17e2b0_0, 0, 1;
    %jmp T_3.10;
T_3.10 ;
    %pop/vec4 1;
    %jmp T_3.5;
T_3.4 ;
    %load/vec4 v000002a9dc17b440_0;
    %parti/s 4, 1, 2;
    %dup/vec4;
    %pushi/vec4 4, 0, 4;
    %cmp/u;
    %jmp/1 T_3.11, 6;
    %dup/vec4;
    %pushi/vec4 2, 0, 4;
    %cmp/u;
    %jmp/1 T_3.12, 6;
    %dup/vec4;
    %pushi/vec4 0, 0, 4;
    %cmp/u;
    %jmp/1 T_3.13, 6;
    %dup/vec4;
    %pushi/vec4 12, 0, 4;
    %cmp/u;
    %jmp/1 T_3.14, 6;
    %pushi/vec4 7, 7, 3;
    %store/vec4 v000002a9dc17b080_0, 0, 3;
    %jmp T_3.16;
T_3.11 ;
    %pushi/vec4 0, 0, 3;
    %store/vec4 v000002a9dc17b080_0, 0, 3;
    %jmp T_3.16;
T_3.12 ;
    %pushi/vec4 1, 0, 3;
    %store/vec4 v000002a9dc17b080_0, 0, 3;
    %jmp T_3.16;
T_3.13 ;
    %pushi/vec4 2, 0, 3;
    %store/vec4 v000002a9dc17b080_0, 0, 3;
    %jmp T_3.16;
T_3.14 ;
    %pushi/vec4 3, 0, 3;
    %store/vec4 v000002a9dc17b080_0, 0, 3;
    %jmp T_3.16;
T_3.16 ;
    %pop/vec4 1;
    %pushi/vec4 0, 0, 1;
    %store/vec4 v000002a9dc17e2b0_0, 0, 1;
T_3.5 ;
    %load/vec4 v000002a9dc17b440_0;
    %parti/s 1, 0, 2;
    %ix/load 4, 1, 0;
    %flag_set/imm 4, 0;
    %store/vec4 v000002a9dc17b260_0, 4, 1;
    %load/vec4 v000002a9dc17b440_0;
    %parti/s 1, 0, 2;
    %load/vec4 v000002a9dc17b080_0;
    %pushi/vec4 0, 0, 3;
    %cmp/e;
    %flag_get/vec4 4;
    %load/vec4 v000002a9dc17b080_0;
    %pushi/vec4 1, 0, 3;
    %cmp/e;
    %flag_get/vec4 4;
    %or;
    %and;
    %ix/load 4, 0, 0;
    %flag_set/imm 4, 0;
    %store/vec4 v000002a9dc17b260_0, 4, 1;
    %pushi/vec4 0, 0, 1;
    %store/vec4 v000002a9dc17e670_0, 0, 1;
    %pushi/vec4 0, 0, 2;
    %store/vec4 v000002a9dc17c0c0_0, 0, 2;
    %pushi/vec4 0, 0, 2;
    %store/vec4 v000002a9dc17b620_0, 0, 2;
    %jmp T_3.3;
T_3.2 ;
    %load/vec4 v000002a9dc17ddb0_0;
    %cmpi/e 3, 0, 2;
    %jmp/0xz  T_3.17, 4;
    %load/vec4 v000002a9dc17b440_0;
    %parti/s 4, 1, 2;
    %dup/vec4;
    %pushi/vec4 0, 0, 4;
    %cmp/u;
    %jmp/1 T_3.19, 6;
    %dup/vec4;
    %pushi/vec4 1, 0, 4;
    %cmp/u;
    %jmp/1 T_3.20, 6;
    %dup/vec4;
    %pushi/vec4 2, 0, 4;
    %cmp/u;
    %jmp/1 T_3.21, 6;
    %dup/vec4;
    %pushi/vec4 3, 0, 4;
    %cmp/u;
    %jmp/1 T_3.22, 6;
    %pushi/vec4 3, 3, 2;
    %store/vec4 v000002a9dc17c0c0_0, 0, 2;
    %jmp T_3.24;
T_3.19 ;
    %pushi/vec4 0, 0, 2;
    %store/vec4 v000002a9dc17c0c0_0, 0, 2;
    %jmp T_3.24;
T_3.20 ;
    %pushi/vec4 1, 0, 2;
    %store/vec4 v000002a9dc17c0c0_0, 0, 2;
    %jmp T_3.24;
T_3.21 ;
    %pushi/vec4 2, 0, 2;
    %store/vec4 v000002a9dc17c0c0_0, 0, 2;
    %jmp T_3.24;
T_3.22 ;
    %pushi/vec4 3, 0, 2;
    %store/vec4 v000002a9dc17c0c0_0, 0, 2;
    %jmp T_3.24;
T_3.24 ;
    %pop/vec4 1;
    %load/vec4 v000002a9dc17b440_0;
    %parti/s 1, 0, 2;
    %ix/load 4, 1, 0;
    %flag_set/imm 4, 0;
    %store/vec4 v000002a9dc17b620_0, 4, 1;
    %pushi/vec4 0, 0, 1;
    %ix/load 4, 0, 0;
    %flag_set/imm 4, 0;
    %store/vec4 v000002a9dc17b620_0, 4, 1;
    %pushi/vec4 1, 0, 1;
    %store/vec4 v000002a9dc17e670_0, 0, 1;
    %pushi/vec4 0, 0, 3;
    %store/vec4 v000002a9dc17b080_0, 0, 3;
    %pushi/vec4 0, 0, 2;
    %store/vec4 v000002a9dc17b260_0, 0, 2;
    %pushi/vec4 0, 0, 1;
    %store/vec4 v000002a9dc17e2b0_0, 0, 1;
    %jmp T_3.18;
T_3.17 ;
    %pushi/vec4 0, 0, 3;
    %store/vec4 v000002a9dc17b080_0, 0, 3;
    %pushi/vec4 0, 0, 2;
    %store/vec4 v000002a9dc17b260_0, 0, 2;
    %pushi/vec4 0, 0, 2;
    %store/vec4 v000002a9dc17c0c0_0, 0, 2;
    %pushi/vec4 0, 0, 2;
    %store/vec4 v000002a9dc17b620_0, 0, 2;
    %pushi/vec4 0, 0, 1;
    %store/vec4 v000002a9dc17e670_0, 0, 1;
    %pushi/vec4 0, 0, 1;
    %store/vec4 v000002a9dc17e2b0_0, 0, 1;
T_3.18 ;
T_3.3 ;
    %jmp T_3.1;
T_3.0 ;
    %pushi/vec4 0, 0, 3;
    %store/vec4 v000002a9dc17b080_0, 0, 3;
    %pushi/vec4 0, 0, 2;
    %store/vec4 v000002a9dc17b260_0, 0, 2;
    %pushi/vec4 0, 0, 2;
    %store/vec4 v000002a9dc17c0c0_0, 0, 2;
    %pushi/vec4 0, 0, 2;
    %store/vec4 v000002a9dc17b620_0, 0, 2;
    %pushi/vec4 0, 0, 1;
    %store/vec4 v000002a9dc17e670_0, 0, 1;
    %pushi/vec4 0, 0, 1;
    %store/vec4 v000002a9dc17e2b0_0, 0, 1;
T_3.1 ;
    %jmp T_3;
    .thread T_3, $push;
    .scope S_000002a9dc0b03c0;
T_4 ;
    %wait E_000002a9dc1069f0;
    %load/vec4 v000002a9dc10a1d0_0;
    %flag_set/vec4 8;
    %jmp/0xz  T_4.0, 8;
    %pushi/vec4 0, 0, 2;
    %assign/vec4 v000002a9dc10ab30_0, 0;
    %jmp T_4.1;
T_4.0 ;
    %load/vec4 v000002a9dc109ff0_0;
    %flag_set/vec4 8;
    %jmp/0xz  T_4.2, 8;
    %load/vec4 v000002a9dc109f50_0;
    %assign/vec4 v000002a9dc10ab30_0, 0;
T_4.2 ;
T_4.1 ;
    %jmp T_4;
    .thread T_4;
    .scope S_000002a9dc0b0550;
T_5 ;
    %wait E_000002a9dc1069f0;
    %load/vec4 v000002a9dc10a770_0;
    %flag_set/vec4 8;
    %jmp/0xz  T_5.0, 8;
    %pushi/vec4 0, 0, 2;
    %assign/vec4 v000002a9dc1090f0_0, 0;
    %jmp T_5.1;
T_5.0 ;
    %load/vec4 v000002a9dc108fb0_0;
    %flag_set/vec4 8;
    %jmp/0xz  T_5.2, 8;
    %load/vec4 v000002a9dc10ac70_0;
    %assign/vec4 v000002a9dc1090f0_0, 0;
T_5.2 ;
T_5.1 ;
    %jmp T_5;
    .thread T_5;
    .scope S_000002a9dc059e00;
T_6 ;
    %wait E_000002a9dc1069f0;
    %load/vec4 v000002a9dc10adb0_0;
    %flag_set/vec4 8;
    %jmp/0xz  T_6.0, 8;
    %pushi/vec4 0, 0, 1;
    %assign/vec4 v000002a9dc10a6d0_0, 0;
    %jmp T_6.1;
T_6.0 ;
    %load/vec4 v000002a9dc109eb0_0;
    %assign/vec4 v000002a9dc10a6d0_0, 0;
T_6.1 ;
    %jmp T_6;
    .thread T_6;
    .scope S_000002a9dc059c70;
T_7 ;
    %wait E_000002a9dc105ef0;
    %load/vec4 v000002a9dc10a3b0_0;
    %dup/vec4;
    %pushi/vec4 0, 0, 4;
    %cmp/u;
    %jmp/1 T_7.0, 6;
    %dup/vec4;
    %pushi/vec4 1, 0, 4;
    %cmp/u;
    %jmp/1 T_7.1, 6;
    %dup/vec4;
    %pushi/vec4 2, 0, 4;
    %cmp/u;
    %jmp/1 T_7.2, 6;
    %dup/vec4;
    %pushi/vec4 3, 0, 4;
    %cmp/u;
    %jmp/1 T_7.3, 6;
    %dup/vec4;
    %pushi/vec4 4, 0, 4;
    %cmp/u;
    %jmp/1 T_7.4, 6;
    %dup/vec4;
    %pushi/vec4 5, 0, 4;
    %cmp/u;
    %jmp/1 T_7.5, 6;
    %dup/vec4;
    %pushi/vec4 6, 0, 4;
    %cmp/u;
    %jmp/1 T_7.6, 6;
    %dup/vec4;
    %pushi/vec4 7, 0, 4;
    %cmp/u;
    %jmp/1 T_7.7, 6;
    %dup/vec4;
    %pushi/vec4 8, 0, 4;
    %cmp/u;
    %jmp/1 T_7.8, 6;
    %dup/vec4;
    %pushi/vec4 9, 0, 4;
    %cmp/u;
    %jmp/1 T_7.9, 6;
    %dup/vec4;
    %pushi/vec4 10, 0, 4;
    %cmp/u;
    %jmp/1 T_7.10, 6;
    %dup/vec4;
    %pushi/vec4 11, 0, 4;
    %cmp/u;
    %jmp/1 T_7.11, 6;
    %dup/vec4;
    %pushi/vec4 12, 0, 4;
    %cmp/u;
    %jmp/1 T_7.12, 6;
    %dup/vec4;
    %pushi/vec4 13, 0, 4;
    %cmp/u;
    %jmp/1 T_7.13, 6;
    %dup/vec4;
    %pushi/vec4 14, 0, 4;
    %cmp/u;
    %jmp/1 T_7.14, 6;
    %pushi/vec4 1, 1, 1;
    %store/vec4 v000002a9dc109c30_0, 0, 1;
    %jmp T_7.16;
T_7.0 ;
    %load/vec4 v000002a9dc10a090_0;
    %store/vec4 v000002a9dc109c30_0, 0, 1;
    %jmp T_7.16;
T_7.1 ;
    %load/vec4 v000002a9dc10a090_0;
    %inv;
    %store/vec4 v000002a9dc109c30_0, 0, 1;
    %jmp T_7.16;
T_7.2 ;
    %load/vec4 v000002a9dc109b90_0;
    %store/vec4 v000002a9dc109c30_0, 0, 1;
    %jmp T_7.16;
T_7.3 ;
    %load/vec4 v000002a9dc109b90_0;
    %inv;
    %store/vec4 v000002a9dc109c30_0, 0, 1;
    %jmp T_7.16;
T_7.4 ;
    %load/vec4 v000002a9dc109cd0_0;
    %store/vec4 v000002a9dc109c30_0, 0, 1;
    %jmp T_7.16;
T_7.5 ;
    %load/vec4 v000002a9dc109cd0_0;
    %inv;
    %store/vec4 v000002a9dc109c30_0, 0, 1;
    %jmp T_7.16;
T_7.6 ;
    %load/vec4 v000002a9dc1094b0_0;
    %store/vec4 v000002a9dc109c30_0, 0, 1;
    %jmp T_7.16;
T_7.7 ;
    %load/vec4 v000002a9dc1094b0_0;
    %inv;
    %store/vec4 v000002a9dc109c30_0, 0, 1;
    %jmp T_7.16;
T_7.8 ;
    %load/vec4 v000002a9dc109b90_0;
    %load/vec4 v000002a9dc10a090_0;
    %inv;
    %and;
    %store/vec4 v000002a9dc109c30_0, 0, 1;
    %jmp T_7.16;
T_7.9 ;
    %load/vec4 v000002a9dc109b90_0;
    %load/vec4 v000002a9dc10a090_0;
    %inv;
    %and;
    %inv;
    %store/vec4 v000002a9dc109c30_0, 0, 1;
    %jmp T_7.16;
T_7.10 ;
    %load/vec4 v000002a9dc109410_0;
    %store/vec4 v000002a9dc109c30_0, 0, 1;
    %jmp T_7.16;
T_7.11 ;
    %load/vec4 v000002a9dc109410_0;
    %inv;
    %store/vec4 v000002a9dc109c30_0, 0, 1;
    %jmp T_7.16;
T_7.12 ;
    %load/vec4 v000002a9dc10a090_0;
    %inv;
    %load/vec4 v000002a9dc109410_0;
    %and;
    %store/vec4 v000002a9dc109c30_0, 0, 1;
    %jmp T_7.16;
T_7.13 ;
    %load/vec4 v000002a9dc10a090_0;
    %inv;
    %load/vec4 v000002a9dc109410_0;
    %and;
    %inv;
    %store/vec4 v000002a9dc109c30_0, 0, 1;
    %jmp T_7.16;
T_7.14 ;
    %pushi/vec4 1, 0, 1;
    %store/vec4 v000002a9dc109c30_0, 0, 1;
    %jmp T_7.16;
T_7.16 ;
    %pop/vec4 1;
    %jmp T_7;
    .thread T_7, $push;
    .scope S_000002a9dc184a30;
T_8 ;
    %wait E_000002a9dc1069f0;
    %load/vec4 v000002a9dc1885e0_0;
    %flag_set/vec4 8;
    %jmp/0xz  T_8.0, 8;
    %pushi/vec4 0, 0, 32;
    %assign/vec4 v000002a9dc186b70_0, 0;
    %jmp T_8.1;
T_8.0 ;
    %load/vec4 v000002a9dc186ad0_0;
    %flag_set/vec4 8;
    %jmp/0xz  T_8.2, 8;
    %load/vec4 v000002a9dc186a30_0;
    %assign/vec4 v000002a9dc186b70_0, 0;
T_8.2 ;
T_8.1 ;
    %jmp T_8;
    .thread T_8;
    .scope S_000002a9dc184ee0;
T_9 ;
    %wait E_000002a9dc1069f0;
    %load/vec4 v000002a9dc186030_0;
    %flag_set/vec4 8;
    %jmp/0xz  T_9.0, 8;
    %pushi/vec4 0, 0, 32;
    %assign/vec4 v000002a9dc186350_0, 0;
    %jmp T_9.1;
T_9.0 ;
    %load/vec4 v000002a9dc185e50_0;
    %flag_set/vec4 8;
    %jmp/0xz  T_9.2, 8;
    %load/vec4 v000002a9dc186990_0;
    %assign/vec4 v000002a9dc186350_0, 0;
T_9.2 ;
T_9.1 ;
    %jmp T_9;
    .thread T_9;
    .scope S_000002a9dc185200;
T_10 ;
    %wait E_000002a9dc1069f0;
    %load/vec4 v000002a9dc186d50_0;
    %flag_set/vec4 8;
    %jmp/0xz  T_10.0, 8;
    %pushi/vec4 0, 0, 32;
    %assign/vec4 v000002a9dc187570_0, 0;
    %jmp T_10.1;
T_10.0 ;
    %load/vec4 v000002a9dc186530_0;
    %assign/vec4 v000002a9dc187570_0, 0;
T_10.1 ;
    %jmp T_10;
    .thread T_10;
    .scope S_000002a9dc18b360;
T_11 ;
    %wait E_000002a9dc105e70;
    %load/vec4 v000002a9dc189260_0;
    %flag_set/vec4 8;
    %jmp/0xz  T_11.0, 8;
    %load/vec4 v000002a9dc189760_0;
    %load/vec4 v000002a9dc189080_0;
    %pad/u 6;
    %ix/vec4 3;
    %ix/load 4, 0, 0; Constant delay
    %assign/vec4/a/d v000002a9dc1894e0, 0, 4;
T_11.0 ;
    %load/vec4 v000002a9dc189620_0;
    %flag_set/vec4 8;
    %jmp/0xz  T_11.2, 8;
    %load/vec4 v000002a9dc188f40_0;
    %load/vec4 v000002a9dc187dc0_0;
    %pad/u 6;
    %ix/vec4 3;
    %ix/load 4, 0, 0; Constant delay
    %assign/vec4/a/d v000002a9dc1894e0, 0, 4;
T_11.2 ;
    %jmp T_11;
    .thread T_11;
    .scope S_000002a9dc185520;
T_12 ;
    %wait E_000002a9dc106430;
    %load/vec4 v000002a9dc187750_0;
    %dup/vec4;
    %pushi/vec4 0, 0, 2;
    %cmp/u;
    %jmp/1 T_12.0, 6;
    %dup/vec4;
    %pushi/vec4 1, 0, 2;
    %cmp/u;
    %jmp/1 T_12.1, 6;
    %dup/vec4;
    %pushi/vec4 2, 0, 2;
    %cmp/u;
    %jmp/1 T_12.2, 6;
    %pushi/vec4 4294967295, 4294967295, 32;
    %store/vec4 v000002a9dc1876b0_0, 0, 32;
    %jmp T_12.4;
T_12.0 ;
    %pushi/vec4 0, 0, 24;
    %load/vec4 v000002a9dc1865d0_0;
    %parti/s 8, 0, 2;
    %concat/vec4; draw_concat_vec4
    %store/vec4 v000002a9dc1876b0_0, 0, 32;
    %jmp T_12.4;
T_12.1 ;
    %pushi/vec4 0, 0, 20;
    %load/vec4 v000002a9dc1865d0_0;
    %parti/s 12, 0, 2;
    %concat/vec4; draw_concat_vec4
    %store/vec4 v000002a9dc1876b0_0, 0, 32;
    %jmp T_12.4;
T_12.2 ;
    %load/vec4 v000002a9dc1865d0_0;
    %parti/s 1, 23, 6;
    %replicate 6;
    %load/vec4 v000002a9dc1865d0_0;
    %concat/vec4; draw_concat_vec4
    %concati/vec4 0, 0, 2;
    %store/vec4 v000002a9dc1876b0_0, 0, 32;
    %jmp T_12.4;
T_12.4 ;
    %pop/vec4 1;
    %jmp T_12;
    .thread T_12, $push;
    .scope S_000002a9dc185070;
T_13 ;
    %wait E_000002a9dc1069f0;
    %load/vec4 v000002a9dc1884a0_0;
    %flag_set/vec4 8;
    %jmp/0xz  T_13.0, 8;
    %pushi/vec4 0, 0, 32;
    %assign/vec4 v000002a9dc189120_0, 0;
    %jmp T_13.1;
T_13.0 ;
    %load/vec4 v000002a9dc188040_0;
    %assign/vec4 v000002a9dc189120_0, 0;
T_13.1 ;
    %jmp T_13;
    .thread T_13;
    .scope S_000002a9dc185390;
T_14 ;
    %wait E_000002a9dc1069f0;
    %load/vec4 v000002a9dc187d20_0;
    %flag_set/vec4 8;
    %jmp/0xz  T_14.0, 8;
    %pushi/vec4 0, 0, 32;
    %assign/vec4 v000002a9dc187a00_0, 0;
    %jmp T_14.1;
T_14.0 ;
    %load/vec4 v000002a9dc1891c0_0;
    %assign/vec4 v000002a9dc187a00_0, 0;
T_14.1 ;
    %jmp T_14;
    .thread T_14;
    .scope S_000002a9dc065550;
T_15 ;
    %wait E_000002a9dc1067b0;
    %load/vec4 v000002a9dc17d090_0;
    %dup/vec4;
    %pushi/vec4 0, 1, 3;
    %cmp/x;
    %jmp/1 T_15.0, 4;
    %dup/vec4;
    %pushi/vec4 2, 0, 3;
    %cmp/x;
    %jmp/1 T_15.1, 4;
    %dup/vec4;
    %pushi/vec4 3, 0, 3;
    %cmp/x;
    %jmp/1 T_15.2, 4;
    %dup/vec4;
    %pushi/vec4 4, 0, 3;
    %cmp/x;
    %jmp/1 T_15.3, 4;
    %dup/vec4;
    %pushi/vec4 5, 0, 3;
    %cmp/x;
    %jmp/1 T_15.4, 4;
    %dup/vec4;
    %pushi/vec4 6, 0, 3;
    %cmp/x;
    %jmp/1 T_15.5, 4;
    %jmp T_15.6;
T_15.0 ;
    %load/vec4 v000002a9dc184050_0;
    %pad/u 32;
    %store/vec4 v000002a9dc17dc70_0, 0, 32;
    %jmp T_15.6;
T_15.1 ;
    %load/vec4 v000002a9dc183fb0_0;
    %load/vec4 v000002a9dc184190_0;
    %and;
    %store/vec4 v000002a9dc17dc70_0, 0, 32;
    %jmp T_15.6;
T_15.2 ;
    %load/vec4 v000002a9dc183fb0_0;
    %load/vec4 v000002a9dc184190_0;
    %or;
    %store/vec4 v000002a9dc17dc70_0, 0, 32;
    %jmp T_15.6;
T_15.3 ;
    %load/vec4 v000002a9dc183fb0_0;
    %load/vec4 v000002a9dc184190_0;
    %mul;
    %store/vec4 v000002a9dc17dc70_0, 0, 32;
    %jmp T_15.6;
T_15.4 ;
    %load/vec4 v000002a9dc183fb0_0;
    %pad/u 64;
    %load/vec4 v000002a9dc184190_0;
    %pad/u 64;
    %mul;
    %split/vec4 32;
    %store/vec4 v000002a9dc17dd10_0, 0, 32;
    %store/vec4 v000002a9dc17dc70_0, 0, 32;
    %jmp T_15.6;
T_15.5 ;
    %load/vec4 v000002a9dc184730_0;
    %pad/s 64;
    %load/vec4 v000002a9dc1833d0_0;
    %pad/s 64;
    %mul;
    %split/vec4 32;
    %store/vec4 v000002a9dc17dd10_0, 0, 32;
    %store/vec4 v000002a9dc17dc70_0, 0, 32;
    %jmp T_15.6;
T_15.6 ;
    %pop/vec4 1;
    %jmp T_15;
    .thread T_15, $push;
    .scope S_000002a9dc1856b0;
T_16 ;
    %wait E_000002a9dc106c70;
    %load/vec4 v000002a9dc186850_0;
    %store/vec4 v000002a9dc1863f0_0, 0, 2;
    %load/vec4 v000002a9dc186850_0;
    %parti/s 1, 0, 2;
    %flag_set/vec4 8;
    %jmp/0 T_16.0, 8;
    %load/vec4 v000002a9dc1872f0_0;
    %parti/s 1, 31, 6;
    %jmp/1 T_16.1, 8;
T_16.0 ; End of true expr.
    %load/vec4 v000002a9dc1872f0_0;
    %parti/s 1, 15, 5;
    %jmp/0 T_16.1, 8;
 ; End of false expr.
    %blend;
T_16.1;
    %store/vec4 v000002a9dc187610_0, 0, 1;
    %load/vec4 v000002a9dc186850_0;
    %parti/s 1, 0, 2;
    %flag_set/vec4 8;
    %jmp/0 T_16.2, 8;
    %load/vec4 v000002a9dc186fd0_0;
    %parti/s 1, 31, 6;
    %jmp/1 T_16.3, 8;
T_16.2 ; End of true expr.
    %load/vec4 v000002a9dc186fd0_0;
    %parti/s 1, 15, 5;
    %jmp/0 T_16.3, 8;
 ; End of false expr.
    %blend;
T_16.3;
    %store/vec4 v000002a9dc185f90_0, 0, 1;
    %load/vec4 v000002a9dc186850_0;
    %parti/s 1, 0, 2;
    %flag_set/vec4 8;
    %jmp/0 T_16.4, 8;
    %pushi/vec4 0, 0, 24;
    %load/vec4 v000002a9dc1872f0_0;
    %parti/s 8, 23, 6;
    %concat/vec4; draw_concat_vec4
    %jmp/1 T_16.5, 8;
T_16.4 ; End of true expr.
    %pushi/vec4 0, 0, 27;
    %load/vec4 v000002a9dc1872f0_0;
    %parti/s 5, 10, 5;
    %concat/vec4; draw_concat_vec4
    %jmp/0 T_16.5, 8;
 ; End of false expr.
    %blend;
T_16.5;
    %store/vec4 v000002a9dc1859f0_0, 0, 32;
    %load/vec4 v000002a9dc186850_0;
    %parti/s 1, 0, 2;
    %flag_set/vec4 8;
    %jmp/0 T_16.6, 8;
    %pushi/vec4 0, 0, 24;
    %load/vec4 v000002a9dc186fd0_0;
    %parti/s 8, 23, 6;
    %concat/vec4; draw_concat_vec4
    %jmp/1 T_16.7, 8;
T_16.6 ; End of true expr.
    %pushi/vec4 0, 0, 27;
    %load/vec4 v000002a9dc186fd0_0;
    %parti/s 5, 10, 5;
    %concat/vec4; draw_concat_vec4
    %jmp/0 T_16.7, 8;
 ; End of false expr.
    %blend;
T_16.7;
    %store/vec4 v000002a9dc187110_0, 0, 32;
    %load/vec4 v000002a9dc186850_0;
    %parti/s 1, 0, 2;
    %flag_set/vec4 8;
    %jmp/0 T_16.8, 8;
    %pushi/vec4 1, 0, 9;
    %load/vec4 v000002a9dc1872f0_0;
    %parti/s 23, 0, 2;
    %concat/vec4; draw_concat_vec4
    %jmp/1 T_16.9, 8;
T_16.8 ; End of true expr.
    %pushi/vec4 1, 0, 22;
    %load/vec4 v000002a9dc1872f0_0;
    %parti/s 10, 0, 2;
    %concat/vec4; draw_concat_vec4
    %jmp/0 T_16.9, 8;
 ; End of false expr.
    %blend;
T_16.9;
    %store/vec4 v000002a9dc185bd0_0, 0, 32;
    %load/vec4 v000002a9dc186850_0;
    %parti/s 1, 0, 2;
    %flag_set/vec4 8;
    %jmp/0 T_16.10, 8;
    %pushi/vec4 1, 0, 9;
    %load/vec4 v000002a9dc186fd0_0;
    %parti/s 23, 0, 2;
    %concat/vec4; draw_concat_vec4
    %jmp/1 T_16.11, 8;
T_16.10 ; End of true expr.
    %pushi/vec4 1, 0, 22;
    %load/vec4 v000002a9dc186fd0_0;
    %parti/s 10, 0, 2;
    %concat/vec4; draw_concat_vec4
    %jmp/0 T_16.11, 8;
 ; End of false expr.
    %blend;
T_16.11;
    %store/vec4 v000002a9dc186670_0, 0, 32;
    %load/vec4 v000002a9dc186850_0;
    %parti/s 1, 1, 2;
    %inv;
    %flag_set/vec4 8;
    %jmp/0xz  T_16.12, 8;
    %load/vec4 v000002a9dc1872f0_0;
    %pushi/vec4 0, 0, 32;
    %cmp/e;
    %flag_get/vec4 4;
    %load/vec4 v000002a9dc186fd0_0;
    %pushi/vec4 0, 0, 32;
    %cmp/ne;
    %flag_get/vec4 4;
    %and;
    %flag_set/vec4 8;
    %load/vec4 v000002a9dc1872f0_0;
    %pushi/vec4 0, 0, 32;
    %cmp/ne;
    %flag_get/vec4 4;
    %load/vec4 v000002a9dc186fd0_0;
    %pushi/vec4 0, 0, 32;
    %cmp/e;
    %flag_get/vec4 4;
    %and;
    %flag_set/vec4 9;
    %flag_or 9, 8;
    %jmp/0xz  T_16.14, 9;
    %load/vec4 v000002a9dc1872f0_0;
    %cmpi/e 0, 0, 32;
    %flag_mov 8, 4;
    %jmp/0 T_16.16, 8;
    %load/vec4 v000002a9dc185f90_0;
    %jmp/1 T_16.17, 8;
T_16.16 ; End of true expr.
    %load/vec4 v000002a9dc187610_0;
    %jmp/0 T_16.17, 8;
 ; End of false expr.
    %blend;
T_16.17;
    %store/vec4 v000002a9dc185a90_0, 0, 1;
    %load/vec4 v000002a9dc1872f0_0;
    %cmpi/e 0, 0, 32;
    %flag_mov 8, 4;
    %jmp/0 T_16.18, 8;
    %load/vec4 v000002a9dc187110_0;
    %jmp/1 T_16.19, 8;
T_16.18 ; End of true expr.
    %load/vec4 v000002a9dc1859f0_0;
    %jmp/0 T_16.19, 8;
 ; End of false expr.
    %blend;
T_16.19;
    %store/vec4 v000002a9dc1860d0_0, 0, 32;
    %load/vec4 v000002a9dc1872f0_0;
    %cmpi/e 0, 0, 32;
    %flag_mov 8, 4;
    %jmp/0 T_16.20, 8;
    %load/vec4 v000002a9dc186670_0;
    %jmp/1 T_16.21, 8;
T_16.20 ; End of true expr.
    %load/vec4 v000002a9dc185bd0_0;
    %jmp/0 T_16.21, 8;
 ; End of false expr.
    %blend;
T_16.21;
    %store/vec4 v000002a9dc186210_0, 0, 32;
    %jmp T_16.15;
T_16.14 ;
    %load/vec4 v000002a9dc1872f0_0;
    %pushi/vec4 0, 0, 32;
    %cmp/e;
    %flag_get/vec4 4;
    %load/vec4 v000002a9dc186fd0_0;
    %pushi/vec4 0, 0, 32;
    %cmp/e;
    %flag_get/vec4 4;
    %and;
    %flag_set/vec4 8;
    %load/vec4 v000002a9dc187610_0;
    %load/vec4 v000002a9dc185f90_0;
    %cmp/ne;
    %flag_get/vec4 4;
    %load/vec4 v000002a9dc1859f0_0;
    %load/vec4 v000002a9dc187110_0;
    %cmp/e;
    %flag_get/vec4 4;
    %and;
    %load/vec4 v000002a9dc185bd0_0;
    %load/vec4 v000002a9dc186670_0;
    %cmp/e;
    %flag_get/vec4 4;
    %and;
    %flag_set/vec4 9;
    %flag_or 9, 8;
    %jmp/0xz  T_16.22, 9;
    %pushi/vec4 0, 0, 1;
    %store/vec4 v000002a9dc185a90_0, 0, 1;
    %pushi/vec4 0, 0, 32;
    %store/vec4 v000002a9dc1860d0_0, 0, 32;
    %pushi/vec4 0, 0, 32;
    %store/vec4 v000002a9dc186210_0, 0, 32;
    %jmp T_16.23;
T_16.22 ;
    %load/vec4 v000002a9dc187110_0;
    %load/vec4 v000002a9dc1859f0_0;
    %cmp/u;
    %jmp/0xz  T_16.24, 5;
    %load/vec4 v000002a9dc1859f0_0;
    %store/vec4 v000002a9dc1860d0_0, 0, 32;
    %load/vec4 v000002a9dc186670_0;
    %load/vec4 v000002a9dc1859f0_0;
    %load/vec4 v000002a9dc187110_0;
    %sub;
    %ix/vec4 4;
    %shiftr 4;
    %store/vec4 v000002a9dc186670_0, 0, 32;
    %jmp T_16.25;
T_16.24 ;
    %load/vec4 v000002a9dc187110_0;
    %store/vec4 v000002a9dc1860d0_0, 0, 32;
    %load/vec4 v000002a9dc185bd0_0;
    %load/vec4 v000002a9dc187110_0;
    %load/vec4 v000002a9dc1859f0_0;
    %sub;
    %ix/vec4 4;
    %shiftr 4;
    %store/vec4 v000002a9dc185bd0_0, 0, 32;
T_16.25 ;
    %load/vec4 v000002a9dc187610_0;
    %load/vec4 v000002a9dc185f90_0;
    %cmp/e;
    %flag_get/vec4 4;
    %inv;
    %store/vec4 v000002a9dc185b30_0, 0, 1;
    %load/vec4 v000002a9dc185b30_0;
    %flag_set/vec4 8;
    %jmp/0xz  T_16.26, 8;
    %load/vec4 v000002a9dc186670_0;
    %load/vec4 v000002a9dc185bd0_0;
    %cmp/u;
    %jmp/0xz  T_16.28, 5;
    %load/vec4 v000002a9dc185bd0_0;
    %load/vec4 v000002a9dc186670_0;
    %sub;
    %store/vec4 v000002a9dc186210_0, 0, 32;
    %load/vec4 v000002a9dc187610_0;
    %store/vec4 v000002a9dc185a90_0, 0, 1;
    %jmp T_16.29;
T_16.28 ;
    %load/vec4 v000002a9dc186670_0;
    %load/vec4 v000002a9dc185bd0_0;
    %sub;
    %store/vec4 v000002a9dc186210_0, 0, 32;
    %load/vec4 v000002a9dc185f90_0;
    %store/vec4 v000002a9dc185a90_0, 0, 1;
T_16.29 ;
    %jmp T_16.27;
T_16.26 ;
    %load/vec4 v000002a9dc185bd0_0;
    %load/vec4 v000002a9dc186670_0;
    %add;
    %store/vec4 v000002a9dc186210_0, 0, 32;
    %load/vec4 v000002a9dc187610_0;
    %store/vec4 v000002a9dc185a90_0, 0, 1;
T_16.27 ;
    %load/vec4 v000002a9dc185b30_0;
    %flag_set/vec4 8;
    %jmp/0xz  T_16.30, 8;
    %pushi/vec4 0, 0, 32;
    %store/vec4 v000002a9dc187250_0, 0, 32;
    %load/vec4 v000002a9dc186210_0;
    %pad/u 48;
    %store/vec4 v000002a9dc186f30_0, 0, 48;
T_16.32 ;
    %load/vec4 v000002a9dc186f30_0;
    %parti/s 1, 31, 6;
    %inv;
    %flag_set/vec4 8;
    %jmp/0xz T_16.33, 8;
    %load/vec4 v000002a9dc186f30_0;
    %ix/load 4, 1, 0;
    %flag_set/imm 4, 0;
    %shiftl 4;
    %store/vec4 v000002a9dc186f30_0, 0, 48;
    %load/vec4 v000002a9dc187250_0;
    %addi 1, 0, 32;
    %store/vec4 v000002a9dc187250_0, 0, 32;
    %jmp T_16.32;
T_16.33 ;
    %pushi/vec4 31, 0, 32;
    %load/vec4 v000002a9dc187250_0;
    %sub;
    %store/vec4 v000002a9dc187250_0, 0, 32;
    %load/vec4 v000002a9dc186210_0;
    %load/vec4 v000002a9dc186850_0;
    %parti/s 1, 0, 2;
    %flag_set/vec4 8;
    %jmp/0 T_16.34, 8;
    %pushi/vec4 23, 0, 32;
    %jmp/1 T_16.35, 8;
T_16.34 ; End of true expr.
    %pushi/vec4 10, 0, 32;
    %jmp/0 T_16.35, 8;
 ; End of false expr.
    %blend;
T_16.35;
    %load/vec4 v000002a9dc187250_0;
    %sub;
    %ix/vec4 4;
    %shiftl 4;
    %store/vec4 v000002a9dc186210_0, 0, 32;
    %load/vec4 v000002a9dc1860d0_0;
    %load/vec4 v000002a9dc186850_0;
    %parti/s 1, 0, 2;
    %flag_set/vec4 8;
    %jmp/0 T_16.36, 8;
    %pushi/vec4 23, 0, 32;
    %jmp/1 T_16.37, 8;
T_16.36 ; End of true expr.
    %pushi/vec4 10, 0, 32;
    %jmp/0 T_16.37, 8;
 ; End of false expr.
    %blend;
T_16.37;
    %load/vec4 v000002a9dc187250_0;
    %sub;
    %sub;
    %store/vec4 v000002a9dc1860d0_0, 0, 32;
    %jmp T_16.31;
T_16.30 ;
    %load/vec4 v000002a9dc1863f0_0;
    %parti/s 1, 0, 2;
    %load/vec4 v000002a9dc186210_0;
    %parti/s 1, 24, 6;
    %pushi/vec4 1, 0, 1;
    %cmp/e;
    %flag_get/vec4 4;
    %and;
    %flag_set/vec4 8;
    %load/vec4 v000002a9dc1863f0_0;
    %parti/s 1, 0, 2;
    %inv;
    %load/vec4 v000002a9dc186210_0;
    %parti/s 1, 11, 5;
    %pushi/vec4 1, 0, 1;
    %cmp/e;
    %flag_get/vec4 4;
    %and;
    %flag_set/vec4 9;
    %flag_or 9, 8;
    %jmp/0xz  T_16.38, 9;
    %load/vec4 v000002a9dc186210_0;
    %ix/load 4, 1, 0;
    %flag_set/imm 4, 0;
    %shiftr 4;
    %store/vec4 v000002a9dc186210_0, 0, 32;
    %load/vec4 v000002a9dc1860d0_0;
    %addi 1, 0, 32;
    %store/vec4 v000002a9dc1860d0_0, 0, 32;
T_16.38 ;
T_16.31 ;
    %load/vec4 v000002a9dc186850_0;
    %parti/s 1, 0, 2;
    %flag_set/vec4 8;
    %jmp/0 T_16.40, 8;
    %load/vec4 v000002a9dc186210_0;
    %parti/s 23, 0, 2;
    %pad/u 32;
    %jmp/1 T_16.41, 8;
T_16.40 ; End of true expr.
    %load/vec4 v000002a9dc186210_0;
    %parti/s 10, 0, 2;
    %pad/u 32;
    %jmp/0 T_16.41, 8;
 ; End of false expr.
    %blend;
T_16.41;
    %store/vec4 v000002a9dc186210_0, 0, 32;
T_16.23 ;
T_16.15 ;
    %jmp T_16.13;
T_16.12 ;
    %load/vec4 v000002a9dc1872f0_0;
    %cmpi/e 0, 0, 32;
    %flag_mov 8, 4;
    %load/vec4 v000002a9dc186fd0_0;
    %cmpi/e 0, 0, 32;
    %flag_or 4, 8;
    %jmp/0xz  T_16.42, 4;
    %pushi/vec4 0, 0, 1;
    %store/vec4 v000002a9dc185a90_0, 0, 1;
    %pushi/vec4 0, 0, 32;
    %store/vec4 v000002a9dc1860d0_0, 0, 32;
    %pushi/vec4 0, 0, 32;
    %store/vec4 v000002a9dc186210_0, 0, 32;
    %jmp T_16.43;
T_16.42 ;
    %load/vec4 v000002a9dc1859f0_0;
    %load/vec4 v000002a9dc187110_0;
    %add;
    %load/vec4 v000002a9dc186850_0;
    %parti/s 1, 0, 2;
    %flag_set/vec4 8;
    %jmp/0 T_16.44, 8;
    %pushi/vec4 127, 0, 32;
    %jmp/1 T_16.45, 8;
T_16.44 ; End of true expr.
    %pushi/vec4 15, 0, 32;
    %jmp/0 T_16.45, 8;
 ; End of false expr.
    %blend;
T_16.45;
    %sub;
    %store/vec4 v000002a9dc1860d0_0, 0, 32;
    %pushi/vec4 0, 0, 32;
    %store/vec4 v000002a9dc187070_0, 0, 32;
    %pushi/vec4 0, 0, 32;
    %store/vec4 v000002a9dc186170_0, 0, 32;
T_16.46 ;
    %load/vec4 v000002a9dc185bd0_0;
    %parti/s 1, 0, 2;
    %inv;
    %flag_set/vec4 8;
    %jmp/0xz T_16.47, 8;
    %load/vec4 v000002a9dc185bd0_0;
    %ix/load 4, 1, 0;
    %flag_set/imm 4, 0;
    %shiftr 4;
    %store/vec4 v000002a9dc185bd0_0, 0, 32;
    %load/vec4 v000002a9dc187070_0;
    %addi 1, 0, 32;
    %store/vec4 v000002a9dc187070_0, 0, 32;
    %jmp T_16.46;
T_16.47 ;
T_16.48 ;
    %load/vec4 v000002a9dc186670_0;
    %parti/s 1, 0, 2;
    %inv;
    %flag_set/vec4 8;
    %jmp/0xz T_16.49, 8;
    %load/vec4 v000002a9dc186670_0;
    %ix/load 4, 1, 0;
    %flag_set/imm 4, 0;
    %shiftr 4;
    %store/vec4 v000002a9dc186670_0, 0, 32;
    %load/vec4 v000002a9dc186170_0;
    %addi 1, 0, 32;
    %store/vec4 v000002a9dc186170_0, 0, 32;
    %jmp T_16.48;
T_16.49 ;
    %load/vec4 v000002a9dc186850_0;
    %parti/s 1, 0, 2;
    %flag_set/vec4 8;
    %jmp/0xz  T_16.50, 8;
    %pushi/vec4 0, 0, 16;
    %load/vec4 v000002a9dc185bd0_0;
    %concat/vec4; draw_concat_vec4
    %pushi/vec4 0, 0, 16;
    %load/vec4 v000002a9dc186670_0;
    %concat/vec4; draw_concat_vec4
    %mul;
    %store/vec4 v000002a9dc1874d0_0, 0, 48;
    %jmp T_16.51;
T_16.50 ;
    %load/vec4 v000002a9dc185bd0_0;
    %pad/u 48;
    %load/vec4 v000002a9dc186670_0;
    %pad/u 48;
    %mul;
    %store/vec4 v000002a9dc1874d0_0, 0, 48;
T_16.51 ;
    %pushi/vec4 0, 0, 32;
    %store/vec4 v000002a9dc187250_0, 0, 32;
    %load/vec4 v000002a9dc1874d0_0;
    %store/vec4 v000002a9dc186f30_0, 0, 48;
T_16.52 ;
    %load/vec4 v000002a9dc186f30_0;
    %parti/s 1, 47, 7;
    %inv;
    %flag_set/vec4 8;
    %jmp/0xz T_16.53, 8;
    %load/vec4 v000002a9dc186f30_0;
    %ix/load 4, 1, 0;
    %flag_set/imm 4, 0;
    %shiftl 4;
    %store/vec4 v000002a9dc186f30_0, 0, 48;
    %load/vec4 v000002a9dc187250_0;
    %addi 1, 0, 32;
    %store/vec4 v000002a9dc187250_0, 0, 32;
    %jmp T_16.52;
T_16.53 ;
    %pushi/vec4 47, 0, 32;
    %load/vec4 v000002a9dc187250_0;
    %sub;
    %store/vec4 v000002a9dc187250_0, 0, 32;
    %load/vec4 v000002a9dc187250_0;
    %addi 1, 0, 32;
    %load/vec4 v000002a9dc186850_0;
    %parti/s 1, 0, 2;
    %flag_set/vec4 8;
    %jmp/0 T_16.56, 8;
    %pushi/vec4 23, 0, 32;
    %jmp/1 T_16.57, 8;
T_16.56 ; End of true expr.
    %pushi/vec4 10, 0, 32;
    %jmp/0 T_16.57, 8;
 ; End of false expr.
    %blend;
T_16.57;
    %load/vec4 v000002a9dc187070_0;
    %sub;
    %load/vec4 v000002a9dc186850_0;
    %parti/s 1, 0, 2;
    %flag_set/vec4 8;
    %jmp/0 T_16.58, 8;
    %pushi/vec4 23, 0, 32;
    %jmp/1 T_16.59, 8;
T_16.58 ; End of true expr.
    %pushi/vec4 10, 0, 32;
    %jmp/0 T_16.59, 8;
 ; End of false expr.
    %blend;
T_16.59;
    %add;
    %load/vec4 v000002a9dc186170_0;
    %sub;
    %sub;
    %cmpi/u 1, 0, 32;
    %flag_or 5, 4; GT is !LE
    %flag_inv 5;
    %jmp/0xz  T_16.54, 5;
    %load/vec4 v000002a9dc1860d0_0;
    %addi 1, 0, 32;
    %store/vec4 v000002a9dc1860d0_0, 0, 32;
T_16.54 ;
    %load/vec4 v000002a9dc186850_0;
    %parti/s 1, 0, 2;
    %flag_set/vec4 8;
    %jmp/0 T_16.62, 8;
    %pushi/vec4 23, 0, 32;
    %jmp/1 T_16.63, 8;
T_16.62 ; End of true expr.
    %pushi/vec4 10, 0, 32;
    %jmp/0 T_16.63, 8;
 ; End of false expr.
    %blend;
T_16.63;
    %load/vec4 v000002a9dc187250_0;
    %cmp/u;
    %jmp/0xz  T_16.60, 5;
    %load/vec4 v000002a9dc1874d0_0;
    %load/vec4 v000002a9dc187250_0;
    %load/vec4 v000002a9dc186850_0;
    %parti/s 1, 0, 2;
    %flag_set/vec4 8;
    %jmp/0 T_16.64, 8;
    %pushi/vec4 23, 0, 32;
    %jmp/1 T_16.65, 8;
T_16.64 ; End of true expr.
    %pushi/vec4 10, 0, 32;
    %jmp/0 T_16.65, 8;
 ; End of false expr.
    %blend;
T_16.65;
    %sub;
    %ix/vec4 4;
    %shiftr 4;
    %store/vec4 v000002a9dc1874d0_0, 0, 48;
T_16.60 ;
    %load/vec4 v000002a9dc187250_0;
    %load/vec4 v000002a9dc186850_0;
    %parti/s 1, 0, 2;
    %flag_set/vec4 8;
    %jmp/0 T_16.68, 8;
    %pushi/vec4 23, 0, 32;
    %jmp/1 T_16.69, 8;
T_16.68 ; End of true expr.
    %pushi/vec4 10, 0, 32;
    %jmp/0 T_16.69, 8;
 ; End of false expr.
    %blend;
T_16.69;
    %cmp/u;
    %jmp/0xz  T_16.66, 5;
    %load/vec4 v000002a9dc1874d0_0;
    %load/vec4 v000002a9dc186850_0;
    %parti/s 1, 0, 2;
    %flag_set/vec4 8;
    %jmp/0 T_16.70, 8;
    %pushi/vec4 23, 0, 32;
    %jmp/1 T_16.71, 8;
T_16.70 ; End of true expr.
    %pushi/vec4 10, 0, 32;
    %jmp/0 T_16.71, 8;
 ; End of false expr.
    %blend;
T_16.71;
    %load/vec4 v000002a9dc187250_0;
    %sub;
    %ix/vec4 4;
    %shiftl 4;
    %store/vec4 v000002a9dc1874d0_0, 0, 48;
T_16.66 ;
    %load/vec4 v000002a9dc186850_0;
    %parti/s 1, 0, 2;
    %flag_set/vec4 8;
    %jmp/0 T_16.72, 8;
    %load/vec4 v000002a9dc1874d0_0;
    %parti/s 23, 0, 2;
    %pad/u 32;
    %jmp/1 T_16.73, 8;
T_16.72 ; End of true expr.
    %load/vec4 v000002a9dc1874d0_0;
    %parti/s 10, 0, 2;
    %pad/u 32;
    %jmp/0 T_16.73, 8;
 ; End of false expr.
    %blend;
T_16.73;
    %store/vec4 v000002a9dc186210_0, 0, 32;
    %load/vec4 v000002a9dc187610_0;
    %load/vec4 v000002a9dc185f90_0;
    %xor;
    %store/vec4 v000002a9dc185a90_0, 0, 1;
T_16.43 ;
T_16.13 ;
    %load/vec4 v000002a9dc186850_0;
    %parti/s 1, 0, 2;
    %flag_set/vec4 8;
    %jmp/0 T_16.74, 8;
    %load/vec4 v000002a9dc185a90_0;
    %load/vec4 v000002a9dc1860d0_0;
    %parti/s 8, 0, 2;
    %concat/vec4; draw_concat_vec4
    %load/vec4 v000002a9dc186210_0;
    %parti/s 23, 0, 2;
    %concat/vec4; draw_concat_vec4
    %jmp/1 T_16.75, 8;
T_16.74 ; End of true expr.
    %load/vec4 v000002a9dc185a90_0;
    %load/vec4 v000002a9dc1860d0_0;
    %parti/s 5, 0, 2;
    %concat/vec4; draw_concat_vec4
    %load/vec4 v000002a9dc186210_0;
    %parti/s 10, 0, 2;
    %concat/vec4; draw_concat_vec4
    %pad/u 32;
    %jmp/0 T_16.75, 8;
 ; End of false expr.
    %blend;
T_16.75;
    %store/vec4 v000002a9dc1858b0_0, 0, 32;
    %jmp T_16;
    .thread T_16, $push;
    .scope S_000002a9dc08dc70;
T_17 ;
    %wait E_000002a9dc1069f0;
    %load/vec4 v000002a9dc183010_0;
    %flag_set/vec4 8;
    %jmp/0xz  T_17.0, 8;
    %pushi/vec4 0, 0, 32;
    %assign/vec4 v000002a9dc182f70_0, 0;
    %jmp T_17.1;
T_17.0 ;
    %load/vec4 v000002a9dc182e30_0;
    %assign/vec4 v000002a9dc182f70_0, 0;
T_17.1 ;
    %jmp T_17;
    .thread T_17;
    .scope S_000002a9dc189bf0;
T_18 ;
    %vpi_call 19 14 "$readmemh", "memfile.asm", v000002a9dc18f090 {0 0 0};
    %end;
    .thread T_18;
    .scope S_000002a9dc189bf0;
T_19 ;
    %wait E_000002a9dc105e70;
    %load/vec4 v000002a9dc18e870_0;
    %flag_set/vec4 8;
    %jmp/0xz  T_19.0, 8;
    %load/vec4 v000002a9dc18e370_0;
    %load/vec4 v000002a9dc18f130_0;
    %parti/s 30, 2, 3;
    %ix/vec4 3;
    %ix/load 4, 0, 0; Constant delay
    %assign/vec4/a/d v000002a9dc18f090, 0, 4;
T_19.0 ;
    %jmp T_19;
    .thread T_19;
    .scope S_000002a9dc123e80;
T_20 ;
    %pushi/vec4 1, 0, 1;
    %assign/vec4 v000002a9dc18eeb0_0, 0;
    %pushi/vec4 1, 0, 32;
    %store/vec4 v000002a9dc18e4b0_0, 0, 32;
    %delay 22, 0;
    %pushi/vec4 0, 0, 1;
    %assign/vec4 v000002a9dc18eeb0_0, 0;
    %end;
    .thread T_20;
    .scope S_000002a9dc123e80;
T_21 ;
    %load/vec4 v000002a9dc18eeb0_0;
    %inv;
    %flag_set/vec4 8;
    %jmp/0xz  T_21.0, 8;
    %load/vec4 v000002a9dc18e4b0_0;
    %addi 1, 0, 32;
    %store/vec4 v000002a9dc18e4b0_0, 0, 32;
T_21.0 ;
    %pushi/vec4 1, 0, 1;
    %assign/vec4 v000002a9dc18f1d0_0, 0;
    %delay 5, 0;
    %pushi/vec4 0, 0, 1;
    %assign/vec4 v000002a9dc18f1d0_0, 0;
    %delay 5, 0;
    %jmp T_21;
    .thread T_21;
    .scope S_000002a9dc123e80;
T_22 ;
    %wait E_000002a9dc105970;
    %load/vec4 v000002a9dc18e5f0_0;
    %flag_set/vec4 8;
    %jmp/0xz  T_22.0, 8;
    %load/vec4 v000002a9dc18f4f0_0;
    %pushi/vec4 100, 0, 32;
    %cmp/e;
    %flag_get/vec4 6;
    %load/vec4 v000002a9dc18e7d0_0;
    %pushi/vec4 7, 0, 32;
    %cmp/e;
    %flag_get/vec4 6;
    %and;
    %flag_set/vec4 8;
    %jmp/0xz  T_22.2, 8;
    %vpi_call 2 35 "$display", "Simulation succeeded" {0 0 0};
    %delay 20, 0;
    %vpi_call 2 37 "$finish" {0 0 0};
    %jmp T_22.3;
T_22.2 ;
    %load/vec4 v000002a9dc18f4f0_0;
    %cmpi/ne 96, 0, 32;
    %jmp/0xz  T_22.4, 6;
    %vpi_call 2 40 "$display", "Simulation failed" {0 0 0};
    %delay 20, 0;
    %vpi_call 2 42 "$finish" {0 0 0};
T_22.4 ;
T_22.3 ;
T_22.0 ;
    %jmp T_22;
    .thread T_22;
    .scope S_000002a9dc123e80;
T_23 ;
    %vpi_call 2 45 "$dumpfile", "arm_multi.vcd" {0 0 0};
    %vpi_call 2 46 "$dumpvars" {0 0 0};
    %end;
    .thread T_23;
# The file index is used to find the file name in the following table.
:file_names 20;
    "N/A";
    "<interactive>";
    ".\testbench.v";
    ".\arm_multi.v";
    "./arm.v";
    "./controller.v";
    "./condlogic.v";
    "./condcheck.v";
    "./flopr.v";
    "./flopenr.v";
    "./mux2.v";
    "./decode.v";
    "./mainfsm.v";
    "./datapath.v";
    "./alu.v";
    "./mux3.v";
    "./extend.v";
    "./fpu.v";
    "./regfile.v";
    "./mem.v";
